05-23 15:49:01 | INFO   | __main__                                 || Created Env: Env(#nodes=21, #leaf-nodes=20):: (db0j1, e0.05, t0.90), (db0j2, e0.05, t0.90), (db0j3, e0.05, t0.95), (db1j1, e0.05, t0.90), (db1j2, e0.05, t0.90), (db1j3, e0.05, t0.95), (db1j4, e0.05, t0.95), (db1j5, e0.05, t0.95), (db1j6, e0.05, t0.99), (db1j7, e0.05, t0.99), (mltj1, e0.05, t400.00), (mltj2, e0.05, t400.00), (mltj3, e0.05, t450.00), (mltj4, e0.05, t450.00), (mltj5, e0.05, t500.00), (mltj6, e0.05, t500.00), (mltj7, e0.05, t500.00), (prsj1, e0.05, t0.90), (prsj2, e0.05, t0.90), (prsj3, e0.05, t0.95)..
in root -1
lf root--db0j1 1 0.9 -1 linear
lf root--db0j2 1 0.9 -1 linear
lf root--db0j3 1 0.95 -1 linear
lf root--db1j1 1 0.9 -1 linear
lf root--db1j2 1 0.9 -1 linear
lf root--db1j3 1 0.95 -1 linear
lf root--db1j4 1 0.95 -1 linear
lf root--db1j5 1 0.95 -1 linear
lf root--db1j6 1 0.99 -1 linear
lf root--db1j7 1 0.99 -1 linear
lf root--mltj1 1 400 -1 linear
lf root--mltj2 1 400 -1 linear
lf root--mltj3 1 450 -1 linear
lf root--mltj4 1 450 -1 linear
lf root--mltj5 1 500 -1 linear
lf root--mltj6 1 500 -1 linear
lf root--mltj7 1 500 -1 linear
lf root--prsj1 1 0.9 -1 linear
lf root--prsj2 1 0.9 -1 linear
lf root--prsj3 1 0.95 -1 linear
05-23 15:49:01 | INFO   | root                                     || Created Env: Env(#nodes=21, #leaf-nodes=20):: (db0j1, e0.05, t0.90), (db0j2, e0.05, t0.90), (db0j3, e0.05, t0.95), (db1j1, e0.05, t0.90), (db1j2, e0.05, t0.90), (db1j3, e0.05, t0.95), (db1j4, e0.05, t0.95), (db1j5, e0.05, t0.95), (db1j6, e0.05, t0.99), (db1j7, e0.05, t0.99), (mltj1, e0.05, t400.00), (mltj2, e0.05, t400.00), (mltj3, e0.05, t450.00), (mltj4, e0.05, t450.00), (mltj5, e0.05, t500.00), (mltj6, e0.05, t500.00), (mltj7, e0.05, t500.00), (prsj1, e0.05, t0.90), (prsj2, e0.05, t0.90), (prsj3, e0.05, t0.95).,
in root -1
lf root--db0j1 1 0.9 -1 linear
lf root--db0j2 1 0.9 -1 linear
lf root--db0j3 1 0.95 -1 linear
lf root--db1j1 1 0.9 -1 linear
lf root--db1j2 1 0.9 -1 linear
lf root--db1j3 1 0.95 -1 linear
lf root--db1j4 1 0.95 -1 linear
lf root--db1j5 1 0.95 -1 linear
lf root--db1j6 1 0.99 -1 linear
lf root--db1j7 1 0.99 -1 linear
lf root--mltj1 1 400 -1 linear
lf root--mltj2 1 400 -1 linear
lf root--mltj3 1 450 -1 linear
lf root--mltj4 1 450 -1 linear
lf root--mltj5 1 500 -1 linear
lf root--mltj6 1 500 -1 linear
lf root--mltj7 1 500 -1 linear
lf root--prsj1 1 0.9 -1 linear
lf root--prsj2 1 0.9 -1 linear
lf root--prsj3 1 0.95 -1 linear

05-23 15:49:01 | INFO   | root                                     || Loading profiled information from /cilantro/demos/exp1/profiled_oct7.
05-23 15:49:01 | INFO   | cilantro.profiling.profiled_info_loader  || workload_type: craydb0, <cilantro.profiling.profiled_info_loader.ProfiledInfo object at 0x7f3e2f143910>
05-23 15:49:01 | INFO   | cilantro.profiling.profiled_info_loader  || workload_type: craydb0, <cilantro.profiling.profiled_info_loader.ProfiledInfo object at 0x7f3e2f143910>
05-23 15:49:01 | INFO   | cilantro.profiling.profiled_info_loader  || workload_type: craydb0, <cilantro.profiling.profiled_info_loader.ProfiledInfo object at 0x7f3e2f143910>
05-23 15:49:01 | INFO   | cilantro.profiling.profiled_info_loader  || workload_type: craydb1, <cilantro.profiling.profiled_info_loader.ProfiledInfo object at 0x7f3e01bcef90>
05-23 15:49:01 | INFO   | cilantro.profiling.profiled_info_loader  || workload_type: craydb1, <cilantro.profiling.profiled_info_loader.ProfiledInfo object at 0x7f3e01bcef90>
05-23 15:49:01 | INFO   | cilantro.profiling.profiled_info_loader  || workload_type: craydb1, <cilantro.profiling.profiled_info_loader.ProfiledInfo object at 0x7f3e01bcef90>
05-23 15:49:01 | INFO   | cilantro.profiling.profiled_info_loader  || workload_type: craydb1, <cilantro.profiling.profiled_info_loader.ProfiledInfo object at 0x7f3e01bcef90>
05-23 15:49:01 | INFO   | cilantro.profiling.profiled_info_loader  || workload_type: craydb1, <cilantro.profiling.profiled_info_loader.ProfiledInfo object at 0x7f3e01bcef90>
05-23 15:49:01 | INFO   | cilantro.profiling.profiled_info_loader  || workload_type: craydb1, <cilantro.profiling.profiled_info_loader.ProfiledInfo object at 0x7f3e01bcef90>
05-23 15:49:01 | INFO   | cilantro.profiling.profiled_info_loader  || workload_type: craydb1, <cilantro.profiling.profiled_info_loader.ProfiledInfo object at 0x7f3e01bcef90>
05-23 15:49:01 | INFO   | cilantro.profiling.profiled_info_loader  || workload_type: craymltrain, <cilantro.profiling.profiled_info_loader.ProfiledInfo object at 0x7f3e01bcee50>
05-23 15:49:01 | INFO   | cilantro.profiling.profiled_info_loader  || workload_type: craymltrain, <cilantro.profiling.profiled_info_loader.ProfiledInfo object at 0x7f3e01bcee50>
05-23 15:49:01 | INFO   | cilantro.profiling.profiled_info_loader  || workload_type: craymltrain, <cilantro.profiling.profiled_info_loader.ProfiledInfo object at 0x7f3e01bcee50>
05-23 15:49:01 | INFO   | cilantro.profiling.profiled_info_loader  || workload_type: craymltrain, <cilantro.profiling.profiled_info_loader.ProfiledInfo object at 0x7f3e01bcee50>
05-23 15:49:01 | INFO   | cilantro.profiling.profiled_info_loader  || workload_type: craymltrain, <cilantro.profiling.profiled_info_loader.ProfiledInfo object at 0x7f3e01bcee50>
05-23 15:49:01 | INFO   | cilantro.profiling.profiled_info_loader  || workload_type: craymltrain, <cilantro.profiling.profiled_info_loader.ProfiledInfo object at 0x7f3e01bcee50>
05-23 15:49:01 | INFO   | cilantro.profiling.profiled_info_loader  || workload_type: craymltrain, <cilantro.profiling.profiled_info_loader.ProfiledInfo object at 0x7f3e01bcee50>
05-23 15:49:01 | INFO   | cilantro.profiling.profiled_info_loader  || workload_type: craypredserv, <cilantro.profiling.profiled_info_loader.ProfiledInfo object at 0x7f3e01bceb90>
05-23 15:49:01 | INFO   | cilantro.profiling.profiled_info_loader  || workload_type: craypredserv, <cilantro.profiling.profiled_info_loader.ProfiledInfo object at 0x7f3e01bceb90>
05-23 15:49:01 | INFO   | cilantro.profiling.profiled_info_loader  || workload_type: craypredserv, <cilantro.profiling.profiled_info_loader.ProfiledInfo object at 0x7f3e01bceb90>
05-23 15:49:01 | INFO   | root                                     || 
 Estimated p50 total demand = 1912.000
root--db0j1 (craydb0): 6.248  (ud=0.31226, p50_load=20.01)
root--db0j2 (craydb0): 6.248  (ud=0.31226, p50_load=20.01)
root--db0j3 (craydb0): 6.409  (ud=0.32031, p50_load=20.01)
root--db1j1 (craydb1): 90.667  (ud=2.14644, p50_load=42.24)
root--db1j2 (craydb1): 90.667  (ud=2.14644, p50_load=42.24)
root--db1j3 (craydb1): 146.261  (ud=3.46258, p50_load=42.24)
root--db1j4 (craydb1): 146.261  (ud=3.46258, p50_load=42.24)
root--db1j5 (craydb1): 146.261  (ud=3.46258, p50_load=42.24)
root--db1j6 (craydb1): 163.373  (ud=3.86768, p50_load=42.24)
root--db1j7 (craydb1): 163.373  (ud=3.86768, p50_load=42.24)
root--mltj1 (craymltrain): 99.887  (ud=99.88651, p50_load=1.00)
root--mltj2 (craymltrain): 99.887  (ud=99.88651, p50_load=1.00)
root--mltj3 (craymltrain): 119.934  (ud=119.93412, p50_load=1.00)
root--mltj4 (craymltrain): 119.934  (ud=119.93412, p50_load=1.00)
root--mltj5 (craymltrain): 150.000  (ud=150.00000, p50_load=1.00)
root--mltj6 (craymltrain): 150.000  (ud=150.00000, p50_load=1.00)
root--mltj7 (craymltrain): 150.000  (ud=150.00000, p50_load=1.00)
root--prsj1 (craypredserv): 12.755  (ud=0.31603, p50_load=40.36)
root--prsj2 (craypredserv): 12.755  (ud=0.31603, p50_load=40.36)
root--prsj3 (craypredserv): 23.017  (ud=0.57029, p50_load=40.36)
Estimated p99 total demand = 2088.000
root--db0j1 (craydb0): 7.343  (ud=0.31226, p99_load=23.52)
root--db0j2 (craydb0): 7.343  (ud=0.31226, p99_load=23.52)
root--db0j3 (craydb0): 7.532  (ud=0.32031, p99_load=23.52)
root--db1j1 (craydb1): 106.469  (ud=2.14644, p99_load=49.60)
root--db1j2 (craydb1): 106.469  (ud=2.14644, p99_load=49.60)
root--db1j3 (craydb1): 171.753  (ud=3.46258, p99_load=49.60)
root--db1j4 (craydb1): 171.753  (ud=3.46258, p99_load=49.60)
root--db1j5 (craydb1): 171.753  (ud=3.46258, p99_load=49.60)
root--db1j6 (craydb1): 191.847  (ud=3.86768, p99_load=49.60)
root--db1j7 (craydb1): 191.847  (ud=3.86768, p99_load=49.60)
root--mltj1 (craymltrain): 99.887  (ud=99.88651, p99_load=1.00)
root--mltj2 (craymltrain): 99.887  (ud=99.88651, p99_load=1.00)
root--mltj3 (craymltrain): 119.934  (ud=119.93412, p99_load=1.00)
root--mltj4 (craymltrain): 119.934  (ud=119.93412, p99_load=1.00)
root--mltj5 (craymltrain): 150.000  (ud=150.00000, p99_load=1.00)
root--mltj6 (craymltrain): 150.000  (ud=150.00000, p99_load=1.00)
root--mltj7 (craymltrain): 150.000  (ud=150.00000, p99_load=1.00)
root--prsj1 (craypredserv): 15.011  (ud=0.31603, p99_load=47.50)
root--prsj2 (craypredserv): 15.011  (ud=0.31603, p99_load=47.50)
root--prsj3 (craypredserv): 27.087  (ud=0.57029, p99_load=47.50)
05-23 15:49:01 | INFO   | __main__                                 || Initialised policy <cilantro.policies.mmf.HMMFDirect object at 0x7f3df1d07110>.
05-23 15:49:01 | INFO   | cilantro.data_loggers.data_logger_bank   || Initiated writing to disk loop for data logger in dir workdirs/mmf_exp_env_1_40_eks_0523154901.
05-23 15:49:15 | INFO   | cilantro.workloads.k8s_workload_deployer || Deployed 80 kubernetes objects. Check dashboard for status.
05-23 15:49:15 | INFO   | __main__                                 || Workload deployed!
05-23 15:49:15 | WARNING | cilantro.backends.k8s.kubernetes_manager || Unable to convert threshold to float or value was not found while parsing k8s labels. Using default 1. Labels were {'app': 'root--db0j1', 'is_workload': 'true'}
05-23 15:49:15 | WARNING | cilantro.backends.k8s.kubernetes_manager || Unable to convert app_weight to float or value was not found while parsing k8s labels. Using default 1. Labels were {'app': 'root--db0j1', 'is_workload': 'true'}
05-23 15:49:15 | WARNING | cilantro.backends.k8s.kubernetes_manager || Unable to convert app_unit_demand to float or value was not found while parsing k8s labels. Using default 1. Labels were {'app': 'root--db0j1', 'is_workload': 'true'}
05-23 15:49:15 | WARNING | cilantro.backends.k8s.kubernetes_manager || Unable to convert threshold to float or value was not found while parsing k8s labels. Using default 1. Labels were {'app': 'root--db0j2', 'is_workload': 'true'}
05-23 15:49:15 | WARNING | cilantro.backends.k8s.kubernetes_manager || Unable to convert app_weight to float or value was not found while parsing k8s labels. Using default 1. Labels were {'app': 'root--db0j2', 'is_workload': 'true'}
05-23 15:49:15 | WARNING | cilantro.backends.k8s.kubernetes_manager || Unable to convert app_unit_demand to float or value was not found while parsing k8s labels. Using default 1. Labels were {'app': 'root--db0j2', 'is_workload': 'true'}
05-23 15:49:15 | WARNING | cilantro.backends.k8s.kubernetes_manager || Unable to convert threshold to float or value was not found while parsing k8s labels. Using default 1. Labels were {'app': 'root--db0j3', 'is_workload': 'true'}
05-23 15:49:15 | WARNING | cilantro.backends.k8s.kubernetes_manager || Unable to convert app_weight to float or value was not found while parsing k8s labels. Using default 1. Labels were {'app': 'root--db0j3', 'is_workload': 'true'}
05-23 15:49:15 | WARNING | cilantro.backends.k8s.kubernetes_manager || Unable to convert app_unit_demand to float or value was not found while parsing k8s labels. Using default 1. Labels were {'app': 'root--db0j3', 'is_workload': 'true'}
05-23 15:49:15 | WARNING | cilantro.backends.k8s.kubernetes_manager || Unable to convert threshold to float or value was not found while parsing k8s labels. Using default 1. Labels were {'app': 'root--db1j1', 'is_workload': 'true'}
05-23 15:49:15 | WARNING | cilantro.backends.k8s.kubernetes_manager || Unable to convert app_weight to float or value was not found while parsing k8s labels. Using default 1. Labels were {'app': 'root--db1j1', 'is_workload': 'true'}
05-23 15:49:15 | WARNING | cilantro.backends.k8s.kubernetes_manager || Unable to convert app_unit_demand to float or value was not found while parsing k8s labels. Using default 1. Labels were {'app': 'root--db1j1', 'is_workload': 'true'}
05-23 15:49:15 | WARNING | cilantro.backends.k8s.kubernetes_manager || Unable to convert threshold to float or value was not found while parsing k8s labels. Using default 1. Labels were {'app': 'root--db1j2', 'is_workload': 'true'}
05-23 15:49:15 | WARNING | cilantro.backends.k8s.kubernetes_manager || Unable to convert app_weight to float or value was not found while parsing k8s labels. Using default 1. Labels were {'app': 'root--db1j2', 'is_workload': 'true'}
05-23 15:49:15 | WARNING | cilantro.backends.k8s.kubernetes_manager || Unable to convert app_unit_demand to float or value was not found while parsing k8s labels. Using default 1. Labels were {'app': 'root--db1j2', 'is_workload': 'true'}
05-23 15:49:15 | WARNING | cilantro.backends.k8s.kubernetes_manager || Unable to convert threshold to float or value was not found while parsing k8s labels. Using default 1. Labels were {'app': 'root--db1j3', 'is_workload': 'true'}
05-23 15:49:15 | WARNING | cilantro.backends.k8s.kubernetes_manager || Unable to convert app_weight to float or value was not found while parsing k8s labels. Using default 1. Labels were {'app': 'root--db1j3', 'is_workload': 'true'}
05-23 15:49:15 | WARNING | cilantro.backends.k8s.kubernetes_manager || Unable to convert app_unit_demand to float or value was not found while parsing k8s labels. Using default 1. Labels were {'app': 'root--db1j3', 'is_workload': 'true'}
05-23 15:49:15 | WARNING | cilantro.backends.k8s.kubernetes_manager || Unable to convert threshold to float or value was not found while parsing k8s labels. Using default 1. Labels were {'app': 'root--db1j4', 'is_workload': 'true'}
05-23 15:49:15 | WARNING | cilantro.backends.k8s.kubernetes_manager || Unable to convert app_weight to float or value was not found while parsing k8s labels. Using default 1. Labels were {'app': 'root--db1j4', 'is_workload': 'true'}
05-23 15:49:15 | WARNING | cilantro.backends.k8s.kubernetes_manager || Unable to convert app_unit_demand to float or value was not found while parsing k8s labels. Using default 1. Labels were {'app': 'root--db1j4', 'is_workload': 'true'}
05-23 15:49:15 | WARNING | cilantro.backends.k8s.kubernetes_manager || Unable to convert threshold to float or value was not found while parsing k8s labels. Using default 1. Labels were {'app': 'root--db1j5', 'is_workload': 'true'}
05-23 15:49:15 | WARNING | cilantro.backends.k8s.kubernetes_manager || Unable to convert app_weight to float or value was not found while parsing k8s labels. Using default 1. Labels were {'app': 'root--db1j5', 'is_workload': 'true'}
05-23 15:49:15 | WARNING | cilantro.backends.k8s.kubernetes_manager || Unable to convert app_unit_demand to float or value was not found while parsing k8s labels. Using default 1. Labels were {'app': 'root--db1j5', 'is_workload': 'true'}
05-23 15:49:15 | WARNING | cilantro.backends.k8s.kubernetes_manager || Unable to convert threshold to float or value was not found while parsing k8s labels. Using default 1. Labels were {'app': 'root--db1j6', 'is_workload': 'true'}
05-23 15:49:15 | WARNING | cilantro.backends.k8s.kubernetes_manager || Unable to convert app_weight to float or value was not found while parsing k8s labels. Using default 1. Labels were {'app': 'root--db1j6', 'is_workload': 'true'}
05-23 15:49:15 | WARNING | cilantro.backends.k8s.kubernetes_manager || Unable to convert app_unit_demand to float or value was not found while parsing k8s labels. Using default 1. Labels were {'app': 'root--db1j6', 'is_workload': 'true'}
05-23 15:49:15 | WARNING | cilantro.backends.k8s.kubernetes_manager || Unable to convert threshold to float or value was not found while parsing k8s labels. Using default 1. Labels were {'app': 'root--db1j7', 'is_workload': 'true'}
05-23 15:49:15 | WARNING | cilantro.backends.k8s.kubernetes_manager || Unable to convert app_weight to float or value was not found while parsing k8s labels. Using default 1. Labels were {'app': 'root--db1j7', 'is_workload': 'true'}
05-23 15:49:15 | WARNING | cilantro.backends.k8s.kubernetes_manager || Unable to convert app_unit_demand to float or value was not found while parsing k8s labels. Using default 1. Labels were {'app': 'root--db1j7', 'is_workload': 'true'}
05-23 15:49:15 | WARNING | cilantro.backends.k8s.kubernetes_manager || Unable to convert threshold to float or value was not found while parsing k8s labels. Using default 1. Labels were {'app': 'root--mltj1', 'is_workload': 'true'}
05-23 15:49:15 | WARNING | cilantro.backends.k8s.kubernetes_manager || Unable to convert app_weight to float or value was not found while parsing k8s labels. Using default 1. Labels were {'app': 'root--mltj1', 'is_workload': 'true'}
05-23 15:49:15 | WARNING | cilantro.backends.k8s.kubernetes_manager || Unable to convert app_unit_demand to float or value was not found while parsing k8s labels. Using default 1. Labels were {'app': 'root--mltj1', 'is_workload': 'true'}
05-23 15:49:15 | WARNING | cilantro.backends.k8s.kubernetes_manager || Unable to convert threshold to float or value was not found while parsing k8s labels. Using default 1. Labels were {'app': 'root--mltj2', 'is_workload': 'true'}
05-23 15:49:15 | WARNING | cilantro.backends.k8s.kubernetes_manager || Unable to convert app_weight to float or value was not found while parsing k8s labels. Using default 1. Labels were {'app': 'root--mltj2', 'is_workload': 'true'}
05-23 15:49:15 | WARNING | cilantro.backends.k8s.kubernetes_manager || Unable to convert app_unit_demand to float or value was not found while parsing k8s labels. Using default 1. Labels were {'app': 'root--mltj2', 'is_workload': 'true'}
05-23 15:49:15 | WARNING | cilantro.backends.k8s.kubernetes_manager || Unable to convert threshold to float or value was not found while parsing k8s labels. Using default 1. Labels were {'app': 'root--mltj3', 'is_workload': 'true'}
05-23 15:49:15 | WARNING | cilantro.backends.k8s.kubernetes_manager || Unable to convert app_weight to float or value was not found while parsing k8s labels. Using default 1. Labels were {'app': 'root--mltj3', 'is_workload': 'true'}
05-23 15:49:15 | WARNING | cilantro.backends.k8s.kubernetes_manager || Unable to convert app_unit_demand to float or value was not found while parsing k8s labels. Using default 1. Labels were {'app': 'root--mltj3', 'is_workload': 'true'}
05-23 15:49:15 | WARNING | cilantro.backends.k8s.kubernetes_manager || Unable to convert threshold to float or value was not found while parsing k8s labels. Using default 1. Labels were {'app': 'root--mltj4', 'is_workload': 'true'}
05-23 15:49:15 | WARNING | cilantro.backends.k8s.kubernetes_manager || Unable to convert app_weight to float or value was not found while parsing k8s labels. Using default 1. Labels were {'app': 'root--mltj4', 'is_workload': 'true'}
05-23 15:49:15 | WARNING | cilantro.backends.k8s.kubernetes_manager || Unable to convert app_unit_demand to float or value was not found while parsing k8s labels. Using default 1. Labels were {'app': 'root--mltj4', 'is_workload': 'true'}
05-23 15:49:15 | WARNING | cilantro.backends.k8s.kubernetes_manager || Unable to convert threshold to float or value was not found while parsing k8s labels. Using default 1. Labels were {'app': 'root--mltj5', 'is_workload': 'true'}
05-23 15:49:15 | WARNING | cilantro.backends.k8s.kubernetes_manager || Unable to convert app_weight to float or value was not found while parsing k8s labels. Using default 1. Labels were {'app': 'root--mltj5', 'is_workload': 'true'}
05-23 15:49:15 | WARNING | cilantro.backends.k8s.kubernetes_manager || Unable to convert app_unit_demand to float or value was not found while parsing k8s labels. Using default 1. Labels were {'app': 'root--mltj5', 'is_workload': 'true'}
05-23 15:49:15 | WARNING | cilantro.backends.k8s.kubernetes_manager || Unable to convert threshold to float or value was not found while parsing k8s labels. Using default 1. Labels were {'app': 'root--mltj6', 'is_workload': 'true'}
05-23 15:49:15 | WARNING | cilantro.backends.k8s.kubernetes_manager || Unable to convert app_weight to float or value was not found while parsing k8s labels. Using default 1. Labels were {'app': 'root--mltj6', 'is_workload': 'true'}
05-23 15:49:15 | WARNING | cilantro.backends.k8s.kubernetes_manager || Unable to convert app_unit_demand to float or value was not found while parsing k8s labels. Using default 1. Labels were {'app': 'root--mltj6', 'is_workload': 'true'}
05-23 15:49:15 | WARNING | cilantro.backends.k8s.kubernetes_manager || Unable to convert threshold to float or value was not found while parsing k8s labels. Using default 1. Labels were {'app': 'root--mltj7', 'is_workload': 'true'}
05-23 15:49:15 | WARNING | cilantro.backends.k8s.kubernetes_manager || Unable to convert app_weight to float or value was not found while parsing k8s labels. Using default 1. Labels were {'app': 'root--mltj7', 'is_workload': 'true'}
05-23 15:49:15 | WARNING | cilantro.backends.k8s.kubernetes_manager || Unable to convert app_unit_demand to float or value was not found while parsing k8s labels. Using default 1. Labels were {'app': 'root--mltj7', 'is_workload': 'true'}
05-23 15:49:15 | WARNING | cilantro.backends.k8s.kubernetes_manager || Unable to convert threshold to float or value was not found while parsing k8s labels. Using default 1. Labels were {'app': 'root--prsj1', 'is_workload': 'true'}
05-23 15:49:15 | WARNING | cilantro.backends.k8s.kubernetes_manager || Unable to convert app_weight to float or value was not found while parsing k8s labels. Using default 1. Labels were {'app': 'root--prsj1', 'is_workload': 'true'}
05-23 15:49:15 | WARNING | cilantro.backends.k8s.kubernetes_manager || Unable to convert app_unit_demand to float or value was not found while parsing k8s labels. Using default 1. Labels were {'app': 'root--prsj1', 'is_workload': 'true'}
05-23 15:49:15 | WARNING | cilantro.backends.k8s.kubernetes_manager || Unable to convert threshold to float or value was not found while parsing k8s labels. Using default 1. Labels were {'app': 'root--prsj2', 'is_workload': 'true'}
05-23 15:49:15 | WARNING | cilantro.backends.k8s.kubernetes_manager || Unable to convert app_weight to float or value was not found while parsing k8s labels. Using default 1. Labels were {'app': 'root--prsj2', 'is_workload': 'true'}
05-23 15:49:15 | WARNING | cilantro.backends.k8s.kubernetes_manager || Unable to convert app_unit_demand to float or value was not found while parsing k8s labels. Using default 1. Labels were {'app': 'root--prsj2', 'is_workload': 'true'}
05-23 15:49:15 | WARNING | cilantro.backends.k8s.kubernetes_manager || Unable to convert threshold to float or value was not found while parsing k8s labels. Using default 1. Labels were {'app': 'root--prsj3', 'is_workload': 'true'}
05-23 15:49:15 | WARNING | cilantro.backends.k8s.kubernetes_manager || Unable to convert app_weight to float or value was not found while parsing k8s labels. Using default 1. Labels were {'app': 'root--prsj3', 'is_workload': 'true'}
05-23 15:49:15 | WARNING | cilantro.backends.k8s.kubernetes_manager || Unable to convert app_unit_demand to float or value was not found while parsing k8s labels. Using default 1. Labels were {'app': 'root--prsj3', 'is_workload': 'true'}
05-23 15:50:44 | ERROR  | asyncio                                  || Task exception was never retrieved
future: <Task finished coro=<KubernetesManager.local_state_update_loop() done, defined at /cilantro/cilantro/backends/k8s/kubernetes_manager.py:148> exception=ApiException()>
Traceback (most recent call last):
  File "/cilantro/cilantro/backends/k8s/kubernetes_manager.py", line 150, in local_state_update_loop
    added_deployments, removed_deployments = self.update_local_state()
  File "/cilantro/cilantro/backends/k8s/kubernetes_manager.py", line 86, in update_local_state
    deps = self.get_deployments()
  File "/cilantro/cilantro/backends/k8s/kubernetes_manager.py", line 98, in get_deployments
    deps = self.appsapi.list_namespaced_deployment(namespace=self.namespace)
  File "/usr/local/lib/python3.7/site-packages/kubernetes/client/api/apps_v1_api.py", line 3269, in list_namespaced_deployment
    return self.list_namespaced_deployment_with_http_info(namespace, **kwargs)  # noqa: E501
  File "/usr/local/lib/python3.7/site-packages/kubernetes/client/api/apps_v1_api.py", line 3394, in list_namespaced_deployment_with_http_info
    collection_formats=collection_formats)
  File "/usr/local/lib/python3.7/site-packages/kubernetes/client/api_client.py", line 353, in call_api
    _preload_content, _request_timeout, _host)
  File "/usr/local/lib/python3.7/site-packages/kubernetes/client/api_client.py", line 184, in __call_api
    _request_timeout=_request_timeout)
  File "/usr/local/lib/python3.7/site-packages/kubernetes/client/api_client.py", line 377, in request
    headers=headers)
  File "/usr/local/lib/python3.7/site-packages/kubernetes/client/rest.py", line 243, in GET
    query_params=query_params)
  File "/usr/local/lib/python3.7/site-packages/kubernetes/client/rest.py", line 233, in request
    raise ApiException(http_resp=r)
kubernetes.client.exceptions.ApiException: (500)
Reason: Internal Server Error
HTTP response headers: HTTPHeaderDict({'Cache-Control': 'no-cache, private', 'Content-Type': 'application/json', 'X-Kubernetes-Pf-Flowschema-Uid': '584f0214-d746-4402-aeb4-213d8e42de56', 'X-Kubernetes-Pf-Prioritylevel-Uid': 'a763292c-7b40-45ff-b609-d337c67ad549', 'Date': 'Tue, 23 May 2023 15:50:44 GMT', 'Content-Length': '122'})
HTTP response body: {"kind":"Status","apiVersion":"v1","metadata":{},"status":"Failure","message":"etcdserver: request timed out","code":500}


05-23 15:53:02 | INFO   | cilantro.core.performance_recorder       || Returning zeros since len(data_batches)=20, leaf_data_lengths: {'root--db0j1': 0, 'root--db0j2': 0, 'root--db0j3': 0, 'root--db1j1': 0, 'root--db1j2': 0, 'root--db1j3': 0, 'root--db1j4': 0, 'root--db1j5': 0, 'root--db1j6': 0, 'root--db1j7': 0, 'root--mltj1': 0, 'root--mltj2': 0, 'root--mltj3': 0, 'root--mltj4': 0, 'root--mltj5': 0, 'root--mltj6': 0, 'root--mltj7': 0, 'root--prsj1': 0, 'root--prsj2': 0, 'root--prsj3': 0}
05-23 15:53:02 | INFO   | cilantro.core.performance_recorder       || 
mmf (0.0):: res-loss=0.000, fair_viol:(sum=0.000, max=0.000, mean=0.000), util_welf=0.000, egal_welf=0.000, avg_rew=0.000,  cost=0.000
    - root--db0j1: util=0.000, rew=0.000 alloc=0.000, load=0.000, ud=0.312, time=0.000, root--db0j2: util=0.000, rew=0.000 alloc=0.000, load=0.000, ud=0.312, time=0.000, root--db0j3: util=0.000, rew=0.000 alloc=0.000, load=0.000, ud=0.320, time=0.000, root--db1j1: util=0.000, rew=0.000 alloc=0.000, load=0.000, ud=2.146, time=0.000, root--db1j2: util=0.000, rew=0.000 alloc=0.000, load=0.000, ud=2.146, time=0.000, root--db1j3: util=0.000, rew=0.000 alloc=0.000, load=0.000, ud=3.463, time=0.000, root--db1j4: util=0.000, rew=0.000 alloc=0.000, load=0.000, ud=3.463, time=0.000, root--db1j5: util=0.000, rew=0.000 alloc=0.000, load=0.000, ud=3.463, time=0.000, root--db1j6: util=0.000, rew=0.000 alloc=0.000, load=0.000, ud=3.868, time=0.000, root--db1j7: util=0.000, rew=0.000 alloc=0.000, load=0.000, ud=3.868, time=0.000, root--mltj1: util=0.000, rew=0.000 alloc=0.000, load=0.000, ud=99.887, time=0.000, root--mltj2: util=0.000, rew=0.000 alloc=0.000, load=0.000, ud=99.887, time=0.000, root--mltj3: util=0.000, rew=0.000 alloc=0.000, load=0.000, ud=119.934, time=0.000, root--mltj4: util=0.000, rew=0.000 alloc=0.000, load=0.000, ud=119.934, time=0.000, root--mltj5: util=0.000, rew=0.000 alloc=0.000, load=0.000, ud=150.000, time=0.000, root--mltj6: util=0.000, rew=0.000 alloc=0.000, load=0.000, ud=150.000, time=0.000, root--mltj7: util=0.000, rew=0.000 alloc=0.000, load=0.000, ud=150.000, time=0.000, root--prsj1: util=0.000, rew=0.000 alloc=0.000, load=0.000, ud=0.316, time=0.000, root--prsj2: util=0.000, rew=0.000 alloc=0.000, load=0.000, ud=0.316, time=0.000, root--prsj3: util=0.000, rew=0.000 alloc=0.000, load=0.000, ud=0.570, time=0.000
/usr/local/lib/python3.7/site-packages/statsmodels/tsa/statespace/sarimax.py:868: UserWarning: Too few observations to estimate starting parameters for ARMA and trend. All parameters except for variances will be set to zeros.
  ' zeros.' % warning_description)
/usr/local/lib/python3.7/site-packages/statsmodels/tsa/statespace/sarimax.py:966: UserWarning: Non-stationary starting autoregressive parameters found. Using zeros as starting parameters.
  warn('Non-stationary starting autoregressive parameters'
/usr/local/lib/python3.7/site-packages/statsmodels/tsa/statespace/sarimax.py:978: UserWarning: Non-invertible starting MA parameters found. Using zeros as starting parameters.
  warn('Non-invertible starting MA parameters found.'
05-23 15:57:02 | INFO   | cilantro.core.performance_recorder       || Returning zeros since len(data_batches)=20, leaf_data_lengths: {'root--db0j1': 13, 'root--db0j2': 14, 'root--db0j3': 12, 'root--db1j1': 13, 'root--db1j2': 12, 'root--db1j3': 0, 'root--db1j4': 0, 'root--db1j5': 0, 'root--db1j6': 0, 'root--db1j7': 0, 'root--mltj1': 0, 'root--mltj2': 0, 'root--mltj3': 0, 'root--mltj4': 0, 'root--mltj5': 0, 'root--mltj6': 4, 'root--mltj7': 5, 'root--prsj1': 8, 'root--prsj2': 8, 'root--prsj3': 9}
05-23 15:57:02 | INFO   | cilantro.core.performance_recorder       || 
mmf (0.0):: res-loss=0.000, fair_viol:(sum=0.000, max=0.000, mean=0.000), util_welf=0.000, egal_welf=0.000, avg_rew=1.805,  cost=0.000
    - root--db0j1: util=0.185, rew=0.167 alloc=1.000, load=19.202, ud=0.312, time=167.120, root--db0j2: util=0.192, rew=0.173 alloc=1.000, load=19.475, ud=0.312, time=189.111, root--db0j3: util=0.173, rew=0.164 alloc=1.000, load=19.223, ud=0.320, time=167.355, root--db1j1: util=0.178, rew=0.160 alloc=2.000, load=40.653, ud=2.146, time=185.006, root--db1j2: util=0.165, rew=0.148 alloc=2.000, load=40.407, ud=2.146, time=166.207, root--db1j3: util=0.000, rew=0.000 alloc=0.000, load=0.000, ud=3.463, time=0.000, root--db1j4: util=0.000, rew=0.000 alloc=0.000, load=0.000, ud=3.463, time=0.000, root--db1j5: util=0.000, rew=0.000 alloc=0.000, load=0.000, ud=3.463, time=0.000, root--db1j6: util=0.000, rew=0.000 alloc=0.000, load=0.000, ud=3.868, time=0.000, root--db1j7: util=0.000, rew=0.000 alloc=0.000, load=0.000, ud=3.868, time=0.000, root--mltj1: util=0.000, rew=0.000 alloc=0.000, load=0.000, ud=99.887, time=0.000, root--mltj2: util=0.000, rew=0.000 alloc=0.000, load=0.000, ud=99.887, time=0.000, root--mltj3: util=0.000, rew=0.000 alloc=0.000, load=0.000, ud=119.934, time=0.000, root--mltj4: util=0.000, rew=0.000 alloc=0.000, load=0.000, ud=119.934, time=0.000, root--mltj5: util=0.000, rew=0.000 alloc=0.000, load=0.000, ud=150.000, time=0.000, root--mltj6: util=0.030, rew=14.986 alloc=2.563, load=1.000, ud=150.000, time=104.496, root--mltj7: util=0.040, rew=19.779 alloc=2.674, load=1.000, ud=150.000, time=115.119, root--prsj1: util=0.197, rew=0.177 alloc=1.000, load=38.567, ud=0.316, time=125.549, root--prsj2: util=0.182, rew=0.163 alloc=1.000, load=38.039, ud=0.316, time=122.189, root--prsj3: util=0.185, rew=0.176 alloc=1.000, load=38.028, ud=0.570, time=125.170
05-23 16:01:02 | INFO   | cilantro.core.performance_recorder       || Returning zeros since len(data_batches)=20, leaf_data_lengths: {'root--db0j1': 16, 'root--db0j2': 16, 'root--db0j3': 17, 'root--db1j1': 17, 'root--db1j2': 17, 'root--db1j3': 0, 'root--db1j4': 0, 'root--db1j5': 0, 'root--db1j6': 0, 'root--db1j7': 0, 'root--mltj1': 0, 'root--mltj2': 0, 'root--mltj3': 0, 'root--mltj4': 0, 'root--mltj5': 0, 'root--mltj6': 9, 'root--mltj7': 8, 'root--prsj1': 13, 'root--prsj2': 14, 'root--prsj3': 14}
05-23 16:01:02 | INFO   | cilantro.core.performance_recorder       || 
mmf (0.0):: res-loss=0.000, fair_viol:(sum=0.000, max=0.000, mean=0.000), util_welf=0.000, egal_welf=0.000, avg_rew=1.659,  cost=0.000
    - root--db0j1: util=0.149, rew=0.134 alloc=2.000, load=18.691, ud=0.312, time=373.578, root--db0j2: util=0.187, rew=0.169 alloc=1.867, load=18.836, ud=0.312, time=411.238, root--db0j3: util=0.149, rew=0.142 alloc=2.000, load=18.688, ud=0.320, time=394.455, root--db1j1: util=0.158, rew=0.142 alloc=2.000, load=39.623, ud=2.146, time=420.195, root--db1j2: util=0.158, rew=0.142 alloc=2.000, load=39.674, ud=2.146, time=398.072, root--db1j3: util=0.000, rew=0.000 alloc=0.000, load=0.000, ud=3.463, time=0.000, root--db1j4: util=0.000, rew=0.000 alloc=0.000, load=0.000, ud=3.463, time=0.000, root--db1j5: util=0.000, rew=0.000 alloc=0.000, load=0.000, ud=3.463, time=0.000, root--db1j6: util=0.000, rew=0.000 alloc=0.000, load=0.000, ud=3.868, time=0.000, root--db1j7: util=0.000, rew=0.000 alloc=0.000, load=0.000, ud=3.868, time=0.000, root--mltj1: util=0.000, rew=0.000 alloc=0.000, load=0.000, ud=99.887, time=0.000, root--mltj2: util=0.000, rew=0.000 alloc=0.000, load=0.000, ud=99.887, time=0.000, root--mltj3: util=0.000, rew=0.000 alloc=0.000, load=0.000, ud=119.934, time=0.000, root--mltj4: util=0.000, rew=0.000 alloc=0.000, load=0.000, ud=119.934, time=0.000, root--mltj5: util=0.000, rew=0.000 alloc=0.000, load=0.000, ud=150.000, time=0.000, root--mltj6: util=0.031, rew=15.415 alloc=3.000, load=1.000, ud=150.000, time=340.886, root--mltj7: util=0.033, rew=16.543 alloc=3.000, load=1.000, ud=150.000, time=349.356, root--prsj1: util=0.172, rew=0.154 alloc=1.856, load=38.552, ud=0.316, time=332.752, root--prsj2: util=0.197, rew=0.177 alloc=1.785, load=38.976, ud=0.316, time=340.425, root--prsj3: util=0.171, rew=0.162 alloc=1.791, load=38.806, ud=0.570, time=352.069
05-23 16:05:03 | INFO   | cilantro.core.performance_recorder       || Returning zeros since len(data_batches)=20, leaf_data_lengths: {'root--db0j1': 18, 'root--db0j2': 16, 'root--db0j3': 17, 'root--db1j1': 17, 'root--db1j2': 18, 'root--db1j3': 0, 'root--db1j4': 0, 'root--db1j5': 0, 'root--db1j6': 0, 'root--db1j7': 0, 'root--mltj1': 0, 'root--mltj2': 0, 'root--mltj3': 0, 'root--mltj4': 0, 'root--mltj5': 0, 'root--mltj6': 9, 'root--mltj7': 8, 'root--prsj1': 15, 'root--prsj2': 14, 'root--prsj3': 15}
05-23 16:05:03 | INFO   | cilantro.core.performance_recorder       || 
mmf (0.0):: res-loss=0.000, fair_viol:(sum=0.000, max=0.000, mean=0.000), util_welf=0.000, egal_welf=0.000, avg_rew=1.683,  cost=0.000
    - root--db0j1: util=0.157, rew=0.141 alloc=2.000, load=18.629, ud=0.312, time=612.942, root--db0j2: util=0.184, rew=0.165 alloc=2.000, load=18.772, ud=0.312, time=631.349, root--db0j3: util=0.179, rew=0.170 alloc=2.000, load=18.687, ud=0.320, time=622.854, root--db1j1: util=0.162, rew=0.146 alloc=2.000, load=39.217, ud=2.146, time=646.550, root--db1j2: util=0.169, rew=0.152 alloc=2.000, load=39.413, ud=2.146, time=644.539, root--db1j3: util=0.000, rew=0.000 alloc=0.000, load=0.000, ud=3.463, time=0.000, root--db1j4: util=0.000, rew=0.000 alloc=0.000, load=0.000, ud=3.463, time=0.000, root--db1j5: util=0.000, rew=0.000 alloc=0.000, load=0.000, ud=3.463, time=0.000, root--db1j6: util=0.000, rew=0.000 alloc=0.000, load=0.000, ud=3.868, time=0.000, root--db1j7: util=0.000, rew=0.000 alloc=0.000, load=0.000, ud=3.868, time=0.000, root--mltj1: util=0.000, rew=0.000 alloc=0.000, load=0.000, ud=99.887, time=0.000, root--mltj2: util=0.000, rew=0.000 alloc=0.000, load=0.000, ud=99.887, time=0.000, root--mltj3: util=0.000, rew=0.000 alloc=0.000, load=0.000, ud=119.934, time=0.000, root--mltj4: util=0.000, rew=0.000 alloc=0.000, load=0.000, ud=119.934, time=0.000, root--mltj5: util=0.000, rew=0.000 alloc=0.000, load=0.000, ud=150.000, time=0.000, root--mltj6: util=0.031, rew=15.317 alloc=3.000, load=1.000, ud=150.000, time=589.375, root--mltj7: util=0.034, rew=17.146 alloc=3.000, load=1.000, ud=150.000, time=587.137, root--prsj1: util=0.155, rew=0.139 alloc=2.000, load=37.403, ud=0.316, time=570.729, root--prsj2: util=0.155, rew=0.140 alloc=2.000, load=37.412, ud=0.316, time=572.144, root--prsj3: util=0.154, rew=0.146 alloc=2.000, load=37.473, ud=0.570, time=589.683
05-23 16:09:03 | INFO   | cilantro.core.performance_recorder       || Returning zeros since len(data_batches)=20, leaf_data_lengths: {'root--db0j1': 17, 'root--db0j2': 17, 'root--db0j3': 17, 'root--db1j1': 17, 'root--db1j2': 17, 'root--db1j3': 0, 'root--db1j4': 0, 'root--db1j5': 0, 'root--db1j6': 0, 'root--db1j7': 0, 'root--mltj1': 0, 'root--mltj2': 0, 'root--mltj3': 0, 'root--mltj4': 0, 'root--mltj5': 0, 'root--mltj6': 8, 'root--mltj7': 7, 'root--prsj1': 15, 'root--prsj2': 15, 'root--prsj3': 13}
05-23 16:09:03 | INFO   | cilantro.core.performance_recorder       || 
mmf (0.0):: res-loss=0.000, fair_viol:(sum=0.000, max=0.000, mean=0.000), util_welf=0.000, egal_welf=0.000, avg_rew=1.569,  cost=0.000
    - root--db0j1: util=0.159, rew=0.143 alloc=2.000, load=18.577, ud=0.312, time=842.256, root--db0j2: util=0.166, rew=0.149 alloc=2.000, load=18.675, ud=0.312, time=872.896, root--db0j3: util=0.172, rew=0.164 alloc=2.000, load=18.712, ud=0.320, time=863.771, root--db1j1: util=0.173, rew=0.155 alloc=2.000, load=39.302, ud=2.146, time=880.915, root--db1j2: util=0.163, rew=0.147 alloc=2.000, load=39.330, ud=2.146, time=878.381, root--db1j3: util=0.000, rew=0.000 alloc=0.000, load=0.000, ud=3.463, time=0.000, root--db1j4: util=0.000, rew=0.000 alloc=0.000, load=0.000, ud=3.463, time=0.000, root--db1j5: util=0.000, rew=0.000 alloc=0.000, load=0.000, ud=3.463, time=0.000, root--db1j6: util=0.000, rew=0.000 alloc=0.000, load=0.000, ud=3.868, time=0.000, root--db1j7: util=0.000, rew=0.000 alloc=0.000, load=0.000, ud=3.868, time=0.000, root--mltj1: util=0.000, rew=0.000 alloc=0.000, load=0.000, ud=99.887, time=0.000, root--mltj2: util=0.000, rew=0.000 alloc=0.000, load=0.000, ud=99.887, time=0.000, root--mltj3: util=0.000, rew=0.000 alloc=0.000, load=0.000, ud=119.934, time=0.000, root--mltj4: util=0.000, rew=0.000 alloc=0.000, load=0.000, ud=119.934, time=0.000, root--mltj5: util=0.000, rew=0.000 alloc=0.000, load=0.000, ud=150.000, time=0.000, root--mltj6: util=0.029, rew=14.339 alloc=3.000, load=1.000, ud=150.000, time=817.704, root--mltj7: util=0.032, rew=15.790 alloc=3.000, load=1.000, ud=150.000, time=800.695, root--prsj1: util=0.180, rew=0.162 alloc=2.000, load=38.041, ud=0.316, time=815.413, root--prsj2: util=0.187, rew=0.168 alloc=2.000, load=38.012, ud=0.316, time=821.983, root--prsj3: util=0.182, rew=0.172 alloc=2.000, load=37.740, ud=0.570, time=809.105
05-23 16:13:04 | INFO   | cilantro.core.performance_recorder       || Returning zeros since len(data_batches)=20, leaf_data_lengths: {'root--db0j1': 18, 'root--db0j2': 17, 'root--db0j3': 16, 'root--db1j1': 17, 'root--db1j2': 17, 'root--db1j3': 0, 'root--db1j4': 0, 'root--db1j5': 0, 'root--db1j6': 0, 'root--db1j7': 0, 'root--mltj1': 0, 'root--mltj2': 0, 'root--mltj3': 0, 'root--mltj4': 0, 'root--mltj5': 0, 'root--mltj6': 10, 'root--mltj7': 10, 'root--prsj1': 14, 'root--prsj2': 14, 'root--prsj3': 16}
05-23 16:13:04 | INFO   | cilantro.core.performance_recorder       || 
mmf (0.0):: res-loss=0.000, fair_viol:(sum=0.000, max=0.000, mean=0.000), util_welf=0.000, egal_welf=0.000, avg_rew=1.848,  cost=0.000
    - root--db0j1: util=0.160, rew=0.144 alloc=2.000, load=18.355, ud=0.312, time=1080.449, root--db0j2: util=0.163, rew=0.146 alloc=2.000, load=18.382, ud=0.312, time=1106.713, root--db0j3: util=0.152, rew=0.144 alloc=2.000, load=18.306, ud=0.320, time=1092.771, root--db1j1: util=0.184, rew=0.166 alloc=2.000, load=38.986, ud=2.146, time=1113.924, root--db1j2: util=0.158, rew=0.142 alloc=2.000, load=38.907, ud=2.146, time=1114.712, root--db1j3: util=0.000, rew=0.000 alloc=0.000, load=0.000, ud=3.463, time=0.000, root--db1j4: util=0.000, rew=0.000 alloc=0.000, load=0.000, ud=3.463, time=0.000, root--db1j5: util=0.000, rew=0.000 alloc=0.000, load=0.000, ud=3.463, time=0.000, root--db1j6: util=0.000, rew=0.000 alloc=0.000, load=0.000, ud=3.868, time=0.000, root--db1j7: util=0.000, rew=0.000 alloc=0.000, load=0.000, ud=3.868, time=0.000, root--mltj1: util=0.000, rew=0.000 alloc=0.000, load=0.000, ud=99.887, time=0.000, root--mltj2: util=0.000, rew=0.000 alloc=0.000, load=0.000, ud=99.887, time=0.000, root--mltj3: util=0.000, rew=0.000 alloc=0.000, load=0.000, ud=119.934, time=0.000, root--mltj4: util=0.000, rew=0.000 alloc=0.000, load=0.000, ud=119.934, time=0.000, root--mltj5: util=0.000, rew=0.000 alloc=0.000, load=0.000, ud=150.000, time=0.000, root--mltj6: util=0.033, rew=16.588 alloc=3.000, load=1.000, ud=150.000, time=1065.413, root--mltj7: util=0.038, rew=19.219 alloc=3.000, load=1.000, ud=150.000, time=1060.900, root--prsj1: util=0.158, rew=0.142 alloc=2.000, load=36.990, ud=0.316, time=1039.124, root--prsj2: util=0.149, rew=0.134 alloc=2.000, load=37.008, ud=0.316, time=1044.932, root--prsj3: util=0.139, rew=0.132 alloc=2.000, load=37.377, ud=0.570, time=1055.992
05-23 16:17:04 | INFO   | cilantro.core.performance_recorder       || Returning zeros since len(data_batches)=20, leaf_data_lengths: {'root--db0j1': 17, 'root--db0j2': 17, 'root--db0j3': 18, 'root--db1j1': 17, 'root--db1j2': 17, 'root--db1j3': 0, 'root--db1j4': 0, 'root--db1j5': 0, 'root--db1j6': 0, 'root--db1j7': 0, 'root--mltj1': 0, 'root--mltj2': 0, 'root--mltj3': 0, 'root--mltj4': 0, 'root--mltj5': 0, 'root--mltj6': 8, 'root--mltj7': 7, 'root--prsj1': 14, 'root--prsj2': 15, 'root--prsj3': 14}
05-23 16:17:04 | INFO   | cilantro.core.performance_recorder       || 
mmf (0.0):: res-loss=0.000, fair_viol:(sum=0.000, max=0.000, mean=0.000), util_welf=0.000, egal_welf=0.000, avg_rew=1.666,  cost=0.000
    - root--db0j1: util=0.168, rew=0.151 alloc=2.000, load=18.113, ud=0.312, time=1309.958, root--db0j2: util=0.165, rew=0.148 alloc=2.000, load=18.015, ud=0.312, time=1340.524, root--db0j3: util=0.154, rew=0.146 alloc=2.000, load=17.981, ud=0.320, time=1338.147, root--db1j1: util=0.183, rew=0.165 alloc=2.000, load=37.971, ud=2.146, time=1348.313, root--db1j2: util=0.163, rew=0.147 alloc=2.000, load=37.907, ud=2.146, time=1343.510, root--db1j3: util=0.000, rew=0.000 alloc=0.000, load=0.000, ud=3.463, time=0.000, root--db1j4: util=0.000, rew=0.000 alloc=0.000, load=0.000, ud=3.463, time=0.000, root--db1j5: util=0.000, rew=0.000 alloc=0.000, load=0.000, ud=3.463, time=0.000, root--db1j6: util=0.000, rew=0.000 alloc=0.000, load=0.000, ud=3.868, time=0.000, root--db1j7: util=0.000, rew=0.000 alloc=0.000, load=0.000, ud=3.868, time=0.000, root--mltj1: util=0.000, rew=0.000 alloc=0.000, load=0.000, ud=99.887, time=0.000, root--mltj2: util=0.000, rew=0.000 alloc=0.000, load=0.000, ud=99.887, time=0.000, root--mltj3: util=0.000, rew=0.000 alloc=0.000, load=0.000, ud=119.934, time=0.000, root--mltj4: util=0.000, rew=0.000 alloc=0.000, load=0.000, ud=119.934, time=0.000, root--mltj5: util=0.000, rew=0.000 alloc=0.000, load=0.000, ud=150.000, time=0.000, root--mltj6: util=0.030, rew=15.114 alloc=3.000, load=1.000, ud=150.000, time=1290.108, root--mltj7: util=0.034, rew=16.977 alloc=3.000, load=1.000, ud=150.000, time=1272.890, root--prsj1: util=0.180, rew=0.162 alloc=2.000, load=36.245, ud=0.316, time=1274.165, root--prsj2: util=0.175, rew=0.157 alloc=2.000, load=36.384, ud=0.316, time=1289.653, root--prsj3: util=0.169, rew=0.161 alloc=2.000, load=36.273, ud=0.570, time=1287.263
05-23 16:21:04 | INFO   | cilantro.core.performance_recorder       || Returning zeros since len(data_batches)=20, leaf_data_lengths: {'root--db0j1': 18, 'root--db0j2': 17, 'root--db0j3': 17, 'root--db1j1': 17, 'root--db1j2': 17, 'root--db1j3': 0, 'root--db1j4': 0, 'root--db1j5': 0, 'root--db1j6': 0, 'root--db1j7': 0, 'root--mltj1': 0, 'root--mltj2': 0, 'root--mltj3': 0, 'root--mltj4': 0, 'root--mltj5': 0, 'root--mltj6': 8, 'root--mltj7': 10, 'root--prsj1': 15, 'root--prsj2': 14, 'root--prsj3': 15}
05-23 16:21:04 | INFO   | cilantro.core.performance_recorder       || 
mmf (0.0):: res-loss=0.000, fair_viol:(sum=0.000, max=0.000, mean=0.000), util_welf=0.000, egal_welf=0.000, avg_rew=1.777,  cost=0.000
    - root--db0j1: util=0.162, rew=0.146 alloc=2.000, load=18.704, ud=0.312, time=1554.980, root--db0j2: util=0.174, rew=0.156 alloc=2.000, load=18.739, ud=0.312, time=1577.350, root--db0j3: util=0.158, rew=0.150 alloc=2.000, load=18.787, ud=0.320, time=1567.246, root--db1j1: util=0.184, rew=0.165 alloc=2.000, load=39.324, ud=2.146, time=1584.426, root--db1j2: util=0.169, rew=0.152 alloc=2.000, load=38.655, ud=2.146, time=1575.149, root--db1j3: util=0.000, rew=0.000 alloc=0.000, load=0.000, ud=3.463, time=0.000, root--db1j4: util=0.000, rew=0.000 alloc=0.000, load=0.000, ud=3.463, time=0.000, root--db1j5: util=0.000, rew=0.000 alloc=0.000, load=0.000, ud=3.463, time=0.000, root--db1j6: util=0.000, rew=0.000 alloc=0.000, load=0.000, ud=3.868, time=0.000, root--db1j7: util=0.000, rew=0.000 alloc=0.000, load=0.000, ud=3.868, time=0.000, root--mltj1: util=0.000, rew=0.000 alloc=0.000, load=0.000, ud=99.887, time=0.000, root--mltj2: util=0.000, rew=0.000 alloc=0.000, load=0.000, ud=99.887, time=0.000, root--mltj3: util=0.000, rew=0.000 alloc=0.000, load=0.000, ud=119.934, time=0.000, root--mltj4: util=0.000, rew=0.000 alloc=0.000, load=0.000, ud=119.934, time=0.000, root--mltj5: util=0.000, rew=0.000 alloc=0.000, load=0.000, ud=150.000, time=0.000, root--mltj6: util=0.029, rew=14.627 alloc=3.000, load=1.000, ud=150.000, time=1519.749, root--mltj7: util=0.039, rew=19.650 alloc=3.000, load=1.000, ud=150.000, time=1535.746, root--prsj1: util=0.168, rew=0.152 alloc=2.000, load=36.828, ud=0.316, time=1510.863, root--prsj2: util=0.180, rew=0.162 alloc=2.000, load=36.893, ud=0.316, time=1510.479, root--prsj3: util=0.179, rew=0.170 alloc=2.000, load=36.916, ud=0.570, time=1522.932
05-23 16:25:05 | INFO   | cilantro.core.performance_recorder       || Returning zeros since len(data_batches)=20, leaf_data_lengths: {'root--db0j1': 17, 'root--db0j2': 16, 'root--db0j3': 17, 'root--db1j1': 17, 'root--db1j2': 18, 'root--db1j3': 0, 'root--db1j4': 0, 'root--db1j5': 0, 'root--db1j6': 0, 'root--db1j7': 0, 'root--mltj1': 0, 'root--mltj2': 0, 'root--mltj3': 0, 'root--mltj4': 0, 'root--mltj5': 0, 'root--mltj6': 9, 'root--mltj7': 8, 'root--prsj1': 15, 'root--prsj2': 15, 'root--prsj3': 14}
05-23 16:25:05 | INFO   | cilantro.core.performance_recorder       || 
mmf (0.0):: res-loss=0.000, fair_viol:(sum=0.000, max=0.000, mean=0.000), util_welf=0.000, egal_welf=0.000, avg_rew=1.751,  cost=0.000
    - root--db0j1: util=0.170, rew=0.153 alloc=2.000, load=19.590, ud=0.312, time=1778.364, root--db0j2: util=0.169, rew=0.152 alloc=2.000, load=19.690, ud=0.312, time=1804.070, root--db0j3: util=0.178, rew=0.169 alloc=2.000, load=19.643, ud=0.320, time=1803.101, root--db1j1: util=0.162, rew=0.146 alloc=2.000, load=41.144, ud=2.146, time=1818.897, root--db1j2: util=0.172, rew=0.154 alloc=2.000, load=40.957, ud=2.146, time=1818.184, root--db1j3: util=0.000, rew=0.000 alloc=0.000, load=0.000, ud=3.463, time=0.000, root--db1j4: util=0.000, rew=0.000 alloc=0.000, load=0.000, ud=3.463, time=0.000, root--db1j5: util=0.000, rew=0.000 alloc=0.000, load=0.000, ud=3.463, time=0.000, root--db1j6: util=0.000, rew=0.000 alloc=0.000, load=0.000, ud=3.868, time=0.000, root--db1j7: util=0.000, rew=0.000 alloc=0.000, load=0.000, ud=3.868, time=0.000, root--mltj1: util=0.000, rew=0.000 alloc=0.000, load=0.000, ud=99.887, time=0.000, root--mltj2: util=0.000, rew=0.000 alloc=0.000, load=0.000, ud=99.887, time=0.000, root--mltj3: util=0.000, rew=0.000 alloc=0.000, load=0.000, ud=119.934, time=0.000, root--mltj4: util=0.000, rew=0.000 alloc=0.000, load=0.000, ud=119.934, time=0.000, root--mltj5: util=0.000, rew=0.000 alloc=0.000, load=0.000, ud=150.000, time=0.000, root--mltj6: util=0.032, rew=16.026 alloc=3.000, load=1.000, ud=150.000, time=1752.678, root--mltj7: util=0.035, rew=17.746 alloc=3.000, load=1.000, ud=150.000, time=1768.425, root--prsj1: util=0.192, rew=0.173 alloc=2.000, load=38.126, ud=0.316, time=1749.862, root--prsj2: util=0.172, rew=0.154 alloc=2.000, load=38.182, ud=0.316, time=1743.680, root--prsj3: util=0.160, rew=0.152 alloc=2.000, load=37.990, ud=0.570, time=1759.019
05-23 16:29:05 | INFO   | cilantro.core.performance_recorder       || Returning zeros since len(data_batches)=20, leaf_data_lengths: {'root--db0j1': 18, 'root--db0j2': 17, 'root--db0j3': 17, 'root--db1j1': 17, 'root--db1j2': 18, 'root--db1j3': 0, 'root--db1j4': 0, 'root--db1j5': 0, 'root--db1j6': 0, 'root--db1j7': 0, 'root--mltj1': 0, 'root--mltj2': 0, 'root--mltj3': 0, 'root--mltj4': 0, 'root--mltj5': 0, 'root--mltj6': 9, 'root--mltj7': 7, 'root--prsj1': 14, 'root--prsj2': 16, 'root--prsj3': 15}
05-23 16:29:05 | INFO   | cilantro.core.performance_recorder       || 
mmf (0.0):: res-loss=0.000, fair_viol:(sum=0.000, max=0.000, mean=0.000), util_welf=0.000, egal_welf=0.000, avg_rew=1.598,  cost=0.000
    - root--db0j1: util=0.171, rew=0.154 alloc=2.000, load=18.834, ud=0.312, time=2016.235, root--db0j2: util=0.174, rew=0.157 alloc=2.000, load=18.918, ud=0.312, time=2044.473, root--db0j3: util=0.161, rew=0.153 alloc=2.000, load=18.892, ud=0.320, time=2033.147, root--db1j1: util=0.157, rew=0.141 alloc=2.000, load=39.748, ud=2.146, time=2053.301, root--db1j2: util=0.166, rew=0.149 alloc=2.000, load=40.218, ud=2.146, time=2056.560, root--db1j3: util=0.000, rew=0.000 alloc=0.000, load=0.000, ud=3.463, time=0.000, root--db1j4: util=0.000, rew=0.000 alloc=0.000, load=0.000, ud=3.463, time=0.000, root--db1j5: util=0.000, rew=0.000 alloc=0.000, load=0.000, ud=3.463, time=0.000, root--db1j6: util=0.000, rew=0.000 alloc=0.000, load=0.000, ud=3.868, time=0.000, root--db1j7: util=0.000, rew=0.000 alloc=0.000, load=0.000, ud=3.868, time=0.000, root--mltj1: util=0.000, rew=0.000 alloc=0.000, load=0.000, ud=99.887, time=0.000, root--mltj2: util=0.000, rew=0.000 alloc=0.000, load=0.000, ud=99.887, time=0.000, root--mltj3: util=0.000, rew=0.000 alloc=0.000, load=0.000, ud=119.934, time=0.000, root--mltj4: util=0.000, rew=0.000 alloc=0.000, load=0.000, ud=119.934, time=0.000, root--mltj5: util=0.000, rew=0.000 alloc=0.000, load=0.000, ud=150.000, time=0.000, root--mltj6: util=0.029, rew=14.501 alloc=3.000, load=1.000, ud=150.000, time=2005.966, root--mltj7: util=0.033, rew=16.262 alloc=3.000, load=1.000, ud=150.000, time=1982.975, root--prsj1: util=0.192, rew=0.173 alloc=2.000, load=38.984, ud=0.316, time=1973.131, root--prsj2: util=0.128, rew=0.115 alloc=2.000, load=38.639, ud=0.316, time=1990.398, root--prsj3: util=0.172, rew=0.163 alloc=2.000, load=39.167, ud=0.570, time=1992.432
05-23 16:33:06 | INFO   | cilantro.core.performance_recorder       || Returning zeros since len(data_batches)=20, leaf_data_lengths: {'root--db0j1': 19, 'root--db0j2': 17, 'root--db0j3': 17, 'root--db1j1': 17, 'root--db1j2': 17, 'root--db1j3': 0, 'root--db1j4': 0, 'root--db1j5': 0, 'root--db1j6': 0, 'root--db1j7': 0, 'root--mltj1': 0, 'root--mltj2': 0, 'root--mltj3': 0, 'root--mltj4': 0, 'root--mltj5': 0, 'root--mltj6': 9, 'root--mltj7': 9, 'root--prsj1': 15, 'root--prsj2': 15, 'root--prsj3': 14}
05-23 16:33:06 | INFO   | cilantro.core.performance_recorder       || 
mmf (0.0):: res-loss=0.000, fair_viol:(sum=0.000, max=0.000, mean=0.000), util_welf=0.000, egal_welf=0.000, avg_rew=1.767,  cost=0.000
    - root--db0j1: util=0.159, rew=0.143 alloc=2.000, load=18.887, ud=0.312, time=2259.899, root--db0j2: util=0.159, rew=0.143 alloc=2.000, load=18.791, ud=0.312, time=2277.615, root--db0j3: util=0.149, rew=0.141 alloc=2.000, load=18.811, ud=0.320, time=2266.417, root--db1j1: util=0.175, rew=0.158 alloc=2.000, load=39.441, ud=2.146, time=2292.774, root--db1j2: util=0.180, rew=0.162 alloc=2.000, load=39.358, ud=2.146, time=2288.713, root--db1j3: util=0.000, rew=0.000 alloc=0.000, load=0.000, ud=3.463, time=0.000, root--db1j4: util=0.000, rew=0.000 alloc=0.000, load=0.000, ud=3.463, time=0.000, root--db1j5: util=0.000, rew=0.000 alloc=0.000, load=0.000, ud=3.463, time=0.000, root--db1j6: util=0.000, rew=0.000 alloc=0.000, load=0.000, ud=3.868, time=0.000, root--db1j7: util=0.000, rew=0.000 alloc=0.000, load=0.000, ud=3.868, time=0.000, root--mltj1: util=0.000, rew=0.000 alloc=0.000, load=0.000, ud=99.887, time=0.000, root--mltj2: util=0.000, rew=0.000 alloc=0.000, load=0.000, ud=99.887, time=0.000, root--mltj3: util=0.000, rew=0.000 alloc=0.000, load=0.000, ud=119.934, time=0.000, root--mltj4: util=0.000, rew=0.000 alloc=0.000, load=0.000, ud=119.934, time=0.000, root--mltj5: util=0.000, rew=0.000 alloc=0.000, load=0.000, ud=150.000, time=0.000, root--mltj6: util=0.033, rew=16.567 alloc=3.000, load=1.000, ud=150.000, time=2231.723, root--mltj7: util=0.035, rew=17.574 alloc=3.000, load=1.000, ud=150.000, time=2241.650, root--prsj1: util=0.193, rew=0.174 alloc=2.000, load=37.433, ud=0.316, time=2214.655, root--prsj2: util=0.155, rew=0.139 alloc=2.000, load=37.388, ud=0.316, time=2219.404, root--prsj3: util=0.149, rew=0.142 alloc=2.000, load=37.685, ud=0.570, time=2214.403
05-23 16:37:06 | INFO   | cilantro.core.performance_recorder       || Returning zeros since len(data_batches)=20, leaf_data_lengths: {'root--db0j1': 17, 'root--db0j2': 17, 'root--db0j3': 17, 'root--db1j1': 17, 'root--db1j2': 17, 'root--db1j3': 0, 'root--db1j4': 0, 'root--db1j5': 0, 'root--db1j6': 0, 'root--db1j7': 0, 'root--mltj1': 0, 'root--mltj2': 0, 'root--mltj3': 0, 'root--mltj4': 0, 'root--mltj5': 0, 'root--mltj6': 8, 'root--mltj7': 7, 'root--prsj1': 14, 'root--prsj2': 14, 'root--prsj3': 15}
05-23 16:37:06 | INFO   | cilantro.core.performance_recorder       || 
mmf (0.0):: res-loss=0.000, fair_viol:(sum=0.000, max=0.000, mean=0.000), util_welf=0.000, egal_welf=0.000, avg_rew=1.572,  cost=0.000
    - root--db0j1: util=0.173, rew=0.156 alloc=2.000, load=21.185, ud=0.312, time=2493.077, root--db0j2: util=0.157, rew=0.141 alloc=2.000, load=21.053, ud=0.312, time=2516.010, root--db0j3: util=0.160, rew=0.152 alloc=2.000, load=21.064, ud=0.320, time=2501.418, root--db1j1: util=0.165, rew=0.149 alloc=2.000, load=44.197, ud=2.146, time=2525.888, root--db1j2: util=0.164, rew=0.147 alloc=2.000, load=42.538, ud=2.146, time=2525.910, root--db1j3: util=0.000, rew=0.000 alloc=0.000, load=0.000, ud=3.463, time=0.000, root--db1j4: util=0.000, rew=0.000 alloc=0.000, load=0.000, ud=3.463, time=0.000, root--db1j5: util=0.000, rew=0.000 alloc=0.000, load=0.000, ud=3.463, time=0.000, root--db1j6: util=0.000, rew=0.000 alloc=0.000, load=0.000, ud=3.868, time=0.000, root--db1j7: util=0.000, rew=0.000 alloc=0.000, load=0.000, ud=3.868, time=0.000, root--mltj1: util=0.000, rew=0.000 alloc=0.000, load=0.000, ud=99.887, time=0.000, root--mltj2: util=0.000, rew=0.000 alloc=0.000, load=0.000, ud=99.887, time=0.000, root--mltj3: util=0.000, rew=0.000 alloc=0.000, load=0.000, ud=119.934, time=0.000, root--mltj4: util=0.000, rew=0.000 alloc=0.000, load=0.000, ud=119.934, time=0.000, root--mltj5: util=0.000, rew=0.000 alloc=0.000, load=0.000, ud=150.000, time=0.000, root--mltj6: util=0.027, rew=13.737 alloc=3.000, load=1.000, ud=150.000, time=2476.019, root--mltj7: util=0.033, rew=16.478 alloc=3.000, load=1.000, ud=150.000, time=2457.630, root--prsj1: util=0.180, rew=0.162 alloc=2.000, load=38.695, ud=0.316, time=2440.962, root--prsj2: util=0.184, rew=0.165 alloc=2.000, load=39.041, ud=0.316, time=2449.370, root--prsj3: util=0.156, rew=0.148 alloc=2.000, load=38.582, ud=0.570, time=2452.340
05-23 16:41:06 | INFO   | cilantro.core.performance_recorder       || Returning zeros since len(data_batches)=20, leaf_data_lengths: {'root--db0j1': 17, 'root--db0j2': 17, 'root--db0j3': 17, 'root--db1j1': 17, 'root--db1j2': 16, 'root--db1j3': 0, 'root--db1j4': 0, 'root--db1j5': 0, 'root--db1j6': 0, 'root--db1j7': 0, 'root--mltj1': 0, 'root--mltj2': 0, 'root--mltj3': 0, 'root--mltj4': 0, 'root--mltj5': 0, 'root--mltj6': 9, 'root--mltj7': 8, 'root--prsj1': 15, 'root--prsj2': 15, 'root--prsj3': 15}
05-23 16:41:06 | INFO   | cilantro.core.performance_recorder       || 
mmf (0.0):: res-loss=0.000, fair_viol:(sum=0.000, max=0.000, mean=0.000), util_welf=0.000, egal_welf=0.000, avg_rew=1.648,  cost=0.000
    - root--db0j1: util=0.174, rew=0.157 alloc=2.000, load=21.207, ud=0.312, time=2721.073, root--db0j2: util=0.159, rew=0.143 alloc=2.000, load=21.175, ud=0.312, time=2748.261, root--db0j3: util=0.164, rew=0.156 alloc=2.000, load=21.150, ud=0.320, time=2734.751, root--db1j1: util=0.172, rew=0.155 alloc=2.000, load=44.475, ud=2.146, time=2765.171, root--db1j2: util=0.169, rew=0.152 alloc=2.000, load=45.223, ud=2.146, time=2748.076, root--db1j3: util=0.000, rew=0.000 alloc=0.000, load=0.000, ud=3.463, time=0.000, root--db1j4: util=0.000, rew=0.000 alloc=0.000, load=0.000, ud=3.463, time=0.000, root--db1j5: util=0.000, rew=0.000 alloc=0.000, load=0.000, ud=3.463, time=0.000, root--db1j6: util=0.000, rew=0.000 alloc=0.000, load=0.000, ud=3.868, time=0.000, root--db1j7: util=0.000, rew=0.000 alloc=0.000, load=0.000, ud=3.868, time=0.000, root--mltj1: util=0.000, rew=0.000 alloc=0.000, load=0.000, ud=99.887, time=0.000, root--mltj2: util=0.000, rew=0.000 alloc=0.000, load=0.000, ud=99.887, time=0.000, root--mltj3: util=0.000, rew=0.000 alloc=0.000, load=0.000, ud=119.934, time=0.000, root--mltj4: util=0.000, rew=0.000 alloc=0.000, load=0.000, ud=119.934, time=0.000, root--mltj5: util=0.000, rew=0.000 alloc=0.000, load=0.000, ud=150.000, time=0.000, root--mltj6: util=0.032, rew=15.942 alloc=3.000, load=1.000, ud=150.000, time=2715.137, root--mltj7: util=0.032, rew=15.837 alloc=3.000, load=1.000, ud=150.000, time=2712.484, root--prsj1: util=0.158, rew=0.142 alloc=2.000, load=43.585, ud=0.316, time=2681.483, root--prsj2: util=0.152, rew=0.136 alloc=2.000, load=43.613, ud=0.316, time=2682.627, root--prsj3: util=0.156, rew=0.148 alloc=2.000, load=43.637, ud=0.570, time=2682.698
05-23 16:45:07 | INFO   | cilantro.core.performance_recorder       || Returning zeros since len(data_batches)=20, leaf_data_lengths: {'root--db0j1': 18, 'root--db0j2': 17, 'root--db0j3': 17, 'root--db1j1': 17, 'root--db1j2': 17, 'root--db1j3': 0, 'root--db1j4': 0, 'root--db1j5': 0, 'root--db1j6': 0, 'root--db1j7': 0, 'root--mltj1': 0, 'root--mltj2': 0, 'root--mltj3': 0, 'root--mltj4': 0, 'root--mltj5': 0, 'root--mltj6': 10, 'root--mltj7': 8, 'root--prsj1': 15, 'root--prsj2': 15, 'root--prsj3': 14}
05-23 16:45:07 | INFO   | cilantro.core.performance_recorder       || 
mmf (0.0):: res-loss=0.000, fair_viol:(sum=0.000, max=0.000, mean=0.000), util_welf=0.000, egal_welf=0.000, avg_rew=1.746,  cost=0.000
    - root--db0j1: util=0.167, rew=0.150 alloc=2.000, load=20.185, ud=0.312, time=2961.399, root--db0j2: util=0.174, rew=0.157 alloc=2.000, load=20.310, ud=0.312, time=2983.957, root--db0j3: util=0.171, rew=0.163 alloc=2.000, load=20.353, ud=0.320, time=2975.209, root--db1j1: util=0.161, rew=0.145 alloc=2.000, load=42.937, ud=2.146, time=2997.793, root--db1j2: util=0.171, rew=0.154 alloc=2.000, load=43.207, ud=2.146, time=2986.113, root--db1j3: util=0.000, rew=0.000 alloc=0.000, load=0.000, ud=3.463, time=0.000, root--db1j4: util=0.000, rew=0.000 alloc=0.000, load=0.000, ud=3.463, time=0.000, root--db1j5: util=0.000, rew=0.000 alloc=0.000, load=0.000, ud=3.463, time=0.000, root--db1j6: util=0.000, rew=0.000 alloc=0.000, load=0.000, ud=3.868, time=0.000, root--db1j7: util=0.000, rew=0.000 alloc=0.000, load=0.000, ud=3.868, time=0.000, root--mltj1: util=0.000, rew=0.000 alloc=0.000, load=0.000, ud=99.887, time=0.000, root--mltj2: util=0.000, rew=0.000 alloc=0.000, load=0.000, ud=99.887, time=0.000, root--mltj3: util=0.000, rew=0.000 alloc=0.000, load=0.000, ud=119.934, time=0.000, root--mltj4: util=0.000, rew=0.000 alloc=0.000, load=0.000, ud=119.934, time=0.000, root--mltj5: util=0.000, rew=0.000 alloc=0.000, load=0.000, ud=150.000, time=0.000, root--mltj6: util=0.035, rew=17.690 alloc=3.000, load=1.000, ud=150.000, time=2949.898, root--mltj7: util=0.032, rew=15.996 alloc=3.000, load=1.000, ud=150.000, time=2955.291, root--prsj1: util=0.173, rew=0.155 alloc=2.000, load=41.959, ud=0.316, time=2913.998, root--prsj2: util=0.176, rew=0.158 alloc=2.000, load=42.181, ud=0.316, time=2915.219, root--prsj3: util=0.149, rew=0.142 alloc=2.000, load=41.907, ud=0.570, time=2914.877
05-23 16:49:07 | INFO   | cilantro.core.performance_recorder       || Returning zeros since len(data_batches)=20, leaf_data_lengths: {'root--db0j1': 17, 'root--db0j2': 17, 'root--db0j3': 17, 'root--db1j1': 17, 'root--db1j2': 17, 'root--db1j3': 0, 'root--db1j4': 0, 'root--db1j5': 0, 'root--db1j6': 0, 'root--db1j7': 0, 'root--mltj1': 0, 'root--mltj2': 0, 'root--mltj3': 0, 'root--mltj4': 0, 'root--mltj5': 0, 'root--mltj6': 8, 'root--mltj7': 9, 'root--prsj1': 15, 'root--prsj2': 16, 'root--prsj3': 15}
05-23 16:49:07 | INFO   | cilantro.core.performance_recorder       || 
mmf (0.0):: res-loss=0.000, fair_viol:(sum=0.000, max=0.000, mean=0.000), util_welf=0.000, egal_welf=0.000, avg_rew=1.785,  cost=0.000
    - root--db0j1: util=0.176, rew=0.158 alloc=2.000, load=20.063, ud=0.312, time=3191.569, root--db0j2: util=0.162, rew=0.146 alloc=2.000, load=20.016, ud=0.312, time=3222.762, root--db0j3: util=0.174, rew=0.166 alloc=2.000, load=20.014, ud=0.320, time=3210.548, root--db1j1: util=0.178, rew=0.160 alloc=2.000, load=42.005, ud=2.146, time=3238.767, root--db1j2: util=0.150, rew=0.135 alloc=2.000, load=42.300, ud=2.146, time=3222.826, root--db1j3: util=0.000, rew=0.000 alloc=0.000, load=0.000, ud=3.463, time=0.000, root--db1j4: util=0.000, rew=0.000 alloc=0.000, load=0.000, ud=3.463, time=0.000, root--db1j5: util=0.000, rew=0.000 alloc=0.000, load=0.000, ud=3.463, time=0.000, root--db1j6: util=0.000, rew=0.000 alloc=0.000, load=0.000, ud=3.868, time=0.000, root--db1j7: util=0.000, rew=0.000 alloc=0.000, load=0.000, ud=3.868, time=0.000, root--mltj1: util=0.000, rew=0.000 alloc=0.000, load=0.000, ud=99.887, time=0.000, root--mltj2: util=0.000, rew=0.000 alloc=0.000, load=0.000, ud=99.887, time=0.000, root--mltj3: util=0.000, rew=0.000 alloc=0.000, load=0.000, ud=119.934, time=0.000, root--mltj4: util=0.000, rew=0.000 alloc=0.000, load=0.000, ud=119.934, time=0.000, root--mltj5: util=0.000, rew=0.000 alloc=0.000, load=0.000, ud=150.000, time=0.000, root--mltj6: util=0.030, rew=14.968 alloc=3.000, load=1.000, ud=150.000, time=3171.841, root--mltj7: util=0.039, rew=19.529 alloc=3.000, load=1.000, ud=150.000, time=3179.059, root--prsj1: util=0.152, rew=0.137 alloc=2.000, load=40.423, ud=0.316, time=3147.131, root--prsj2: util=0.176, rew=0.159 alloc=2.000, load=40.351, ud=0.316, time=3158.957, root--prsj3: util=0.160, rew=0.152 alloc=2.000, load=40.755, ud=0.570, time=3152.636
05-23 16:53:08 | INFO   | cilantro.core.performance_recorder       || Returning zeros since len(data_batches)=20, leaf_data_lengths: {'root--db0j1': 18, 'root--db0j2': 16, 'root--db0j3': 17, 'root--db1j1': 16, 'root--db1j2': 17, 'root--db1j3': 0, 'root--db1j4': 0, 'root--db1j5': 0, 'root--db1j6': 0, 'root--db1j7': 0, 'root--mltj1': 0, 'root--mltj2': 0, 'root--mltj3': 0, 'root--mltj4': 0, 'root--mltj5': 0, 'root--mltj6': 9, 'root--mltj7': 8, 'root--prsj1': 14, 'root--prsj2': 14, 'root--prsj3': 14}
05-23 16:53:08 | INFO   | cilantro.core.performance_recorder       || 
mmf (0.0):: res-loss=0.000, fair_viol:(sum=0.000, max=0.000, mean=0.000), util_welf=0.000, egal_welf=0.000, avg_rew=1.615,  cost=0.000
    - root--db0j1: util=0.151, rew=0.136 alloc=2.000, load=21.628, ud=0.312, time=3433.342, root--db0j2: util=0.170, rew=0.153 alloc=2.000, load=21.631, ud=0.312, time=3452.760, root--db0j3: util=0.150, rew=0.143 alloc=2.000, load=21.686, ud=0.320, time=3439.590, root--db1j1: util=0.159, rew=0.143 alloc=2.000, load=45.178, ud=2.146, time=3464.273, root--db1j2: util=0.169, rew=0.153 alloc=2.000, load=43.760, ud=2.146, time=3459.756, root--db1j3: util=0.000, rew=0.000 alloc=0.000, load=0.000, ud=3.463, time=0.000, root--db1j4: util=0.000, rew=0.000 alloc=0.000, load=0.000, ud=3.463, time=0.000, root--db1j5: util=0.000, rew=0.000 alloc=0.000, load=0.000, ud=3.463, time=0.000, root--db1j6: util=0.000, rew=0.000 alloc=0.000, load=0.000, ud=3.868, time=0.000, root--db1j7: util=0.000, rew=0.000 alloc=0.000, load=0.000, ud=3.868, time=0.000, root--mltj1: util=0.000, rew=0.000 alloc=0.000, load=0.000, ud=99.887, time=0.000, root--mltj2: util=0.000, rew=0.000 alloc=0.000, load=0.000, ud=99.887, time=0.000, root--mltj3: util=0.000, rew=0.000 alloc=0.000, load=0.000, ud=119.934, time=0.000, root--mltj4: util=0.000, rew=0.000 alloc=0.000, load=0.000, ud=119.934, time=0.000, root--mltj5: util=0.000, rew=0.000 alloc=0.000, load=0.000, ud=150.000, time=0.000, root--mltj6: util=0.028, rew=14.036 alloc=3.000, load=1.000, ud=150.000, time=3431.170, root--mltj7: util=0.034, rew=17.099 alloc=3.000, load=1.000, ud=150.000, time=3409.368, root--prsj1: util=0.170, rew=0.153 alloc=2.000, load=39.337, ud=0.316, time=3382.050, root--prsj2: util=0.145, rew=0.131 alloc=2.000, load=39.080, ud=0.316, time=3386.005, root--prsj3: util=0.163, rew=0.155 alloc=2.000, load=39.378, ud=0.570, time=3380.201
