05-23 15:24:56 | INFO   | __main__                                 || Created Env: Env(#nodes=21, #leaf-nodes=20):: (db0j1, e0.05, t0.90), (db0j2, e0.05, t0.90), (db0j3, e0.05, t0.95), (db1j1, e0.05, t0.90), (db1j2, e0.05, t0.90), (db1j3, e0.05, t0.95), (db1j4, e0.05, t0.95), (db1j5, e0.05, t0.95), (db1j6, e0.05, t0.99), (db1j7, e0.05, t0.99), (mltj1, e0.05, t400.00), (mltj2, e0.05, t400.00), (mltj3, e0.05, t450.00), (mltj4, e0.05, t450.00), (mltj5, e0.05, t500.00), (mltj6, e0.05, t500.00), (mltj7, e0.05, t500.00), (prsj1, e0.05, t0.90), (prsj2, e0.05, t0.90), (prsj3, e0.05, t0.95)..
in root -1
lf root--db0j1 1 0.9 -1 linear
lf root--db0j2 1 0.9 -1 linear
lf root--db0j3 1 0.95 -1 linear
lf root--db1j1 1 0.9 -1 linear
lf root--db1j2 1 0.9 -1 linear
lf root--db1j3 1 0.95 -1 linear
lf root--db1j4 1 0.95 -1 linear
lf root--db1j5 1 0.95 -1 linear
lf root--db1j6 1 0.99 -1 linear
lf root--db1j7 1 0.99 -1 linear
lf root--mltj1 1 400 -1 linear
lf root--mltj2 1 400 -1 linear
lf root--mltj3 1 450 -1 linear
lf root--mltj4 1 450 -1 linear
lf root--mltj5 1 500 -1 linear
lf root--mltj6 1 500 -1 linear
lf root--mltj7 1 500 -1 linear
lf root--prsj1 1 0.9 -1 linear
lf root--prsj2 1 0.9 -1 linear
lf root--prsj3 1 0.95 -1 linear
05-23 15:24:56 | INFO   | root                                     || Created Env: Env(#nodes=21, #leaf-nodes=20):: (db0j1, e0.05, t0.90), (db0j2, e0.05, t0.90), (db0j3, e0.05, t0.95), (db1j1, e0.05, t0.90), (db1j2, e0.05, t0.90), (db1j3, e0.05, t0.95), (db1j4, e0.05, t0.95), (db1j5, e0.05, t0.95), (db1j6, e0.05, t0.99), (db1j7, e0.05, t0.99), (mltj1, e0.05, t400.00), (mltj2, e0.05, t400.00), (mltj3, e0.05, t450.00), (mltj4, e0.05, t450.00), (mltj5, e0.05, t500.00), (mltj6, e0.05, t500.00), (mltj7, e0.05, t500.00), (prsj1, e0.05, t0.90), (prsj2, e0.05, t0.90), (prsj3, e0.05, t0.95).,
in root -1
lf root--db0j1 1 0.9 -1 linear
lf root--db0j2 1 0.9 -1 linear
lf root--db0j3 1 0.95 -1 linear
lf root--db1j1 1 0.9 -1 linear
lf root--db1j2 1 0.9 -1 linear
lf root--db1j3 1 0.95 -1 linear
lf root--db1j4 1 0.95 -1 linear
lf root--db1j5 1 0.95 -1 linear
lf root--db1j6 1 0.99 -1 linear
lf root--db1j7 1 0.99 -1 linear
lf root--mltj1 1 400 -1 linear
lf root--mltj2 1 400 -1 linear
lf root--mltj3 1 450 -1 linear
lf root--mltj4 1 450 -1 linear
lf root--mltj5 1 500 -1 linear
lf root--mltj6 1 500 -1 linear
lf root--mltj7 1 500 -1 linear
lf root--prsj1 1 0.9 -1 linear
lf root--prsj2 1 0.9 -1 linear
lf root--prsj3 1 0.95 -1 linear

05-23 15:24:56 | INFO   | root                                     || Loading profiled information from /cilantro/demos/exp1/profiled_oct7.
05-23 15:24:56 | INFO   | cilantro.profiling.profiled_info_loader  || workload_type: craydb0, <cilantro.profiling.profiled_info_loader.ProfiledInfo object at 0x7f2ca4e48b50>
05-23 15:24:56 | INFO   | cilantro.profiling.profiled_info_loader  || workload_type: craydb0, <cilantro.profiling.profiled_info_loader.ProfiledInfo object at 0x7f2ca4e48b50>
05-23 15:24:56 | INFO   | cilantro.profiling.profiled_info_loader  || workload_type: craydb0, <cilantro.profiling.profiled_info_loader.ProfiledInfo object at 0x7f2ca4e48b50>
05-23 15:24:56 | INFO   | cilantro.profiling.profiled_info_loader  || workload_type: craydb1, <cilantro.profiling.profiled_info_loader.ProfiledInfo object at 0x7f2ca4de7fd0>
05-23 15:24:56 | INFO   | cilantro.profiling.profiled_info_loader  || workload_type: craydb1, <cilantro.profiling.profiled_info_loader.ProfiledInfo object at 0x7f2ca4de7fd0>
05-23 15:24:56 | INFO   | cilantro.profiling.profiled_info_loader  || workload_type: craydb1, <cilantro.profiling.profiled_info_loader.ProfiledInfo object at 0x7f2ca4de7fd0>
05-23 15:24:56 | INFO   | cilantro.profiling.profiled_info_loader  || workload_type: craydb1, <cilantro.profiling.profiled_info_loader.ProfiledInfo object at 0x7f2ca4de7fd0>
05-23 15:24:56 | INFO   | cilantro.profiling.profiled_info_loader  || workload_type: craydb1, <cilantro.profiling.profiled_info_loader.ProfiledInfo object at 0x7f2ca4de7fd0>
05-23 15:24:56 | INFO   | cilantro.profiling.profiled_info_loader  || workload_type: craydb1, <cilantro.profiling.profiled_info_loader.ProfiledInfo object at 0x7f2ca4de7fd0>
05-23 15:24:56 | INFO   | cilantro.profiling.profiled_info_loader  || workload_type: craydb1, <cilantro.profiling.profiled_info_loader.ProfiledInfo object at 0x7f2ca4de7fd0>
05-23 15:24:56 | INFO   | cilantro.profiling.profiled_info_loader  || workload_type: craymltrain, <cilantro.profiling.profiled_info_loader.ProfiledInfo object at 0x7f2ca4de7f90>
05-23 15:24:56 | INFO   | cilantro.profiling.profiled_info_loader  || workload_type: craymltrain, <cilantro.profiling.profiled_info_loader.ProfiledInfo object at 0x7f2ca4de7f90>
05-23 15:24:56 | INFO   | cilantro.profiling.profiled_info_loader  || workload_type: craymltrain, <cilantro.profiling.profiled_info_loader.ProfiledInfo object at 0x7f2ca4de7f90>
05-23 15:24:56 | INFO   | cilantro.profiling.profiled_info_loader  || workload_type: craymltrain, <cilantro.profiling.profiled_info_loader.ProfiledInfo object at 0x7f2ca4de7f90>
05-23 15:24:56 | INFO   | cilantro.profiling.profiled_info_loader  || workload_type: craymltrain, <cilantro.profiling.profiled_info_loader.ProfiledInfo object at 0x7f2ca4de7f90>
05-23 15:24:56 | INFO   | cilantro.profiling.profiled_info_loader  || workload_type: craymltrain, <cilantro.profiling.profiled_info_loader.ProfiledInfo object at 0x7f2ca4de7f90>
05-23 15:24:56 | INFO   | cilantro.profiling.profiled_info_loader  || workload_type: craymltrain, <cilantro.profiling.profiled_info_loader.ProfiledInfo object at 0x7f2ca4de7f90>
05-23 15:24:56 | INFO   | cilantro.profiling.profiled_info_loader  || workload_type: craypredserv, <cilantro.profiling.profiled_info_loader.ProfiledInfo object at 0x7f2ca4de7f10>
05-23 15:24:56 | INFO   | cilantro.profiling.profiled_info_loader  || workload_type: craypredserv, <cilantro.profiling.profiled_info_loader.ProfiledInfo object at 0x7f2ca4de7f10>
05-23 15:24:56 | INFO   | cilantro.profiling.profiled_info_loader  || workload_type: craypredserv, <cilantro.profiling.profiled_info_loader.ProfiledInfo object at 0x7f2ca4de7f10>
05-23 15:24:56 | INFO   | root                                     || 
 Estimated p50 total demand = 1912.000
root--db0j1 (craydb0): 6.248  (ud=0.31226, p50_load=20.01)
root--db0j2 (craydb0): 6.248  (ud=0.31226, p50_load=20.01)
root--db0j3 (craydb0): 6.409  (ud=0.32031, p50_load=20.01)
root--db1j1 (craydb1): 90.667  (ud=2.14644, p50_load=42.24)
root--db1j2 (craydb1): 90.667  (ud=2.14644, p50_load=42.24)
root--db1j3 (craydb1): 146.261  (ud=3.46258, p50_load=42.24)
root--db1j4 (craydb1): 146.261  (ud=3.46258, p50_load=42.24)
root--db1j5 (craydb1): 146.261  (ud=3.46258, p50_load=42.24)
root--db1j6 (craydb1): 163.373  (ud=3.86768, p50_load=42.24)
root--db1j7 (craydb1): 163.373  (ud=3.86768, p50_load=42.24)
root--mltj1 (craymltrain): 99.887  (ud=99.88651, p50_load=1.00)
root--mltj2 (craymltrain): 99.887  (ud=99.88651, p50_load=1.00)
root--mltj3 (craymltrain): 119.934  (ud=119.93412, p50_load=1.00)
root--mltj4 (craymltrain): 119.934  (ud=119.93412, p50_load=1.00)
root--mltj5 (craymltrain): 150.000  (ud=150.00000, p50_load=1.00)
root--mltj6 (craymltrain): 150.000  (ud=150.00000, p50_load=1.00)
root--mltj7 (craymltrain): 150.000  (ud=150.00000, p50_load=1.00)
root--prsj1 (craypredserv): 12.755  (ud=0.31603, p50_load=40.36)
root--prsj2 (craypredserv): 12.755  (ud=0.31603, p50_load=40.36)
root--prsj3 (craypredserv): 23.017  (ud=0.57029, p50_load=40.36)
Estimated p99 total demand = 2088.000
root--db0j1 (craydb0): 7.343  (ud=0.31226, p99_load=23.52)
root--db0j2 (craydb0): 7.343  (ud=0.31226, p99_load=23.52)
root--db0j3 (craydb0): 7.532  (ud=0.32031, p99_load=23.52)
root--db1j1 (craydb1): 106.469  (ud=2.14644, p99_load=49.60)
root--db1j2 (craydb1): 106.469  (ud=2.14644, p99_load=49.60)
root--db1j3 (craydb1): 171.753  (ud=3.46258, p99_load=49.60)
root--db1j4 (craydb1): 171.753  (ud=3.46258, p99_load=49.60)
root--db1j5 (craydb1): 171.753  (ud=3.46258, p99_load=49.60)
root--db1j6 (craydb1): 191.847  (ud=3.86768, p99_load=49.60)
root--db1j7 (craydb1): 191.847  (ud=3.86768, p99_load=49.60)
root--mltj1 (craymltrain): 99.887  (ud=99.88651, p99_load=1.00)
root--mltj2 (craymltrain): 99.887  (ud=99.88651, p99_load=1.00)
root--mltj3 (craymltrain): 119.934  (ud=119.93412, p99_load=1.00)
root--mltj4 (craymltrain): 119.934  (ud=119.93412, p99_load=1.00)
root--mltj5 (craymltrain): 150.000  (ud=150.00000, p99_load=1.00)
root--mltj6 (craymltrain): 150.000  (ud=150.00000, p99_load=1.00)
root--mltj7 (craymltrain): 150.000  (ud=150.00000, p99_load=1.00)
root--prsj1 (craypredserv): 15.011  (ud=0.31603, p99_load=47.50)
root--prsj2 (craypredserv): 15.011  (ud=0.31603, p99_load=47.50)
root--prsj3 (craypredserv): 27.087  (ud=0.57029, p99_load=47.50)
05-23 15:24:56 | INFO   | __main__                                 || Initialised policy <cilantro.policies.prop_fairness.PropFairness object at 0x7f2ca4dbf8d0>.
05-23 15:24:56 | INFO   | cilantro.data_loggers.data_logger_bank   || Initiated writing to disk loop for data logger in dir workdirs/propfair_exp_env_1_40_eks_0523152456.
05-23 15:25:09 | INFO   | cilantro.workloads.k8s_workload_deployer || Deployed 80 kubernetes objects. Check dashboard for status.
05-23 15:25:09 | INFO   | __main__                                 || Workload deployed!
05-23 15:25:10 | WARNING | cilantro.backends.k8s.kubernetes_manager || Unable to convert threshold to float or value was not found while parsing k8s labels. Using default 1. Labels were {'app': 'root--db0j1', 'is_workload': 'true'}
05-23 15:25:10 | WARNING | cilantro.backends.k8s.kubernetes_manager || Unable to convert app_weight to float or value was not found while parsing k8s labels. Using default 1. Labels were {'app': 'root--db0j1', 'is_workload': 'true'}
05-23 15:25:10 | WARNING | cilantro.backends.k8s.kubernetes_manager || Unable to convert app_unit_demand to float or value was not found while parsing k8s labels. Using default 1. Labels were {'app': 'root--db0j1', 'is_workload': 'true'}
05-23 15:25:10 | WARNING | cilantro.backends.k8s.kubernetes_manager || Unable to convert threshold to float or value was not found while parsing k8s labels. Using default 1. Labels were {'app': 'root--db0j2', 'is_workload': 'true'}
05-23 15:25:10 | WARNING | cilantro.backends.k8s.kubernetes_manager || Unable to convert app_weight to float or value was not found while parsing k8s labels. Using default 1. Labels were {'app': 'root--db0j2', 'is_workload': 'true'}
05-23 15:25:10 | WARNING | cilantro.backends.k8s.kubernetes_manager || Unable to convert app_unit_demand to float or value was not found while parsing k8s labels. Using default 1. Labels were {'app': 'root--db0j2', 'is_workload': 'true'}
05-23 15:25:10 | WARNING | cilantro.backends.k8s.kubernetes_manager || Unable to convert threshold to float or value was not found while parsing k8s labels. Using default 1. Labels were {'app': 'root--db0j3', 'is_workload': 'true'}
05-23 15:25:10 | WARNING | cilantro.backends.k8s.kubernetes_manager || Unable to convert app_weight to float or value was not found while parsing k8s labels. Using default 1. Labels were {'app': 'root--db0j3', 'is_workload': 'true'}
05-23 15:25:10 | WARNING | cilantro.backends.k8s.kubernetes_manager || Unable to convert app_unit_demand to float or value was not found while parsing k8s labels. Using default 1. Labels were {'app': 'root--db0j3', 'is_workload': 'true'}
05-23 15:25:10 | WARNING | cilantro.backends.k8s.kubernetes_manager || Unable to convert threshold to float or value was not found while parsing k8s labels. Using default 1. Labels were {'app': 'root--db1j1', 'is_workload': 'true'}
05-23 15:25:10 | WARNING | cilantro.backends.k8s.kubernetes_manager || Unable to convert app_weight to float or value was not found while parsing k8s labels. Using default 1. Labels were {'app': 'root--db1j1', 'is_workload': 'true'}
05-23 15:25:10 | WARNING | cilantro.backends.k8s.kubernetes_manager || Unable to convert app_unit_demand to float or value was not found while parsing k8s labels. Using default 1. Labels were {'app': 'root--db1j1', 'is_workload': 'true'}
05-23 15:25:10 | WARNING | cilantro.backends.k8s.kubernetes_manager || Unable to convert threshold to float or value was not found while parsing k8s labels. Using default 1. Labels were {'app': 'root--db1j2', 'is_workload': 'true'}
05-23 15:25:10 | WARNING | cilantro.backends.k8s.kubernetes_manager || Unable to convert app_weight to float or value was not found while parsing k8s labels. Using default 1. Labels were {'app': 'root--db1j2', 'is_workload': 'true'}
05-23 15:25:10 | WARNING | cilantro.backends.k8s.kubernetes_manager || Unable to convert app_unit_demand to float or value was not found while parsing k8s labels. Using default 1. Labels were {'app': 'root--db1j2', 'is_workload': 'true'}
05-23 15:25:10 | WARNING | cilantro.backends.k8s.kubernetes_manager || Unable to convert threshold to float or value was not found while parsing k8s labels. Using default 1. Labels were {'app': 'root--db1j3', 'is_workload': 'true'}
05-23 15:25:10 | WARNING | cilantro.backends.k8s.kubernetes_manager || Unable to convert app_weight to float or value was not found while parsing k8s labels. Using default 1. Labels were {'app': 'root--db1j3', 'is_workload': 'true'}
05-23 15:25:10 | WARNING | cilantro.backends.k8s.kubernetes_manager || Unable to convert app_unit_demand to float or value was not found while parsing k8s labels. Using default 1. Labels were {'app': 'root--db1j3', 'is_workload': 'true'}
05-23 15:25:10 | WARNING | cilantro.backends.k8s.kubernetes_manager || Unable to convert threshold to float or value was not found while parsing k8s labels. Using default 1. Labels were {'app': 'root--db1j4', 'is_workload': 'true'}
05-23 15:25:10 | WARNING | cilantro.backends.k8s.kubernetes_manager || Unable to convert app_weight to float or value was not found while parsing k8s labels. Using default 1. Labels were {'app': 'root--db1j4', 'is_workload': 'true'}
05-23 15:25:10 | WARNING | cilantro.backends.k8s.kubernetes_manager || Unable to convert app_unit_demand to float or value was not found while parsing k8s labels. Using default 1. Labels were {'app': 'root--db1j4', 'is_workload': 'true'}
05-23 15:25:10 | WARNING | cilantro.backends.k8s.kubernetes_manager || Unable to convert threshold to float or value was not found while parsing k8s labels. Using default 1. Labels were {'app': 'root--db1j5', 'is_workload': 'true'}
05-23 15:25:10 | WARNING | cilantro.backends.k8s.kubernetes_manager || Unable to convert app_weight to float or value was not found while parsing k8s labels. Using default 1. Labels were {'app': 'root--db1j5', 'is_workload': 'true'}
05-23 15:25:10 | WARNING | cilantro.backends.k8s.kubernetes_manager || Unable to convert app_unit_demand to float or value was not found while parsing k8s labels. Using default 1. Labels were {'app': 'root--db1j5', 'is_workload': 'true'}
05-23 15:25:10 | WARNING | cilantro.backends.k8s.kubernetes_manager || Unable to convert threshold to float or value was not found while parsing k8s labels. Using default 1. Labels were {'app': 'root--db1j6', 'is_workload': 'true'}
05-23 15:25:10 | WARNING | cilantro.backends.k8s.kubernetes_manager || Unable to convert app_weight to float or value was not found while parsing k8s labels. Using default 1. Labels were {'app': 'root--db1j6', 'is_workload': 'true'}
05-23 15:25:10 | WARNING | cilantro.backends.k8s.kubernetes_manager || Unable to convert app_unit_demand to float or value was not found while parsing k8s labels. Using default 1. Labels were {'app': 'root--db1j6', 'is_workload': 'true'}
05-23 15:25:10 | WARNING | cilantro.backends.k8s.kubernetes_manager || Unable to convert threshold to float or value was not found while parsing k8s labels. Using default 1. Labels were {'app': 'root--db1j7', 'is_workload': 'true'}
05-23 15:25:10 | WARNING | cilantro.backends.k8s.kubernetes_manager || Unable to convert app_weight to float or value was not found while parsing k8s labels. Using default 1. Labels were {'app': 'root--db1j7', 'is_workload': 'true'}
05-23 15:25:10 | WARNING | cilantro.backends.k8s.kubernetes_manager || Unable to convert app_unit_demand to float or value was not found while parsing k8s labels. Using default 1. Labels were {'app': 'root--db1j7', 'is_workload': 'true'}
05-23 15:25:10 | WARNING | cilantro.backends.k8s.kubernetes_manager || Unable to convert threshold to float or value was not found while parsing k8s labels. Using default 1. Labels were {'app': 'root--mltj1', 'is_workload': 'true'}
05-23 15:25:10 | WARNING | cilantro.backends.k8s.kubernetes_manager || Unable to convert app_weight to float or value was not found while parsing k8s labels. Using default 1. Labels were {'app': 'root--mltj1', 'is_workload': 'true'}
05-23 15:25:10 | WARNING | cilantro.backends.k8s.kubernetes_manager || Unable to convert app_unit_demand to float or value was not found while parsing k8s labels. Using default 1. Labels were {'app': 'root--mltj1', 'is_workload': 'true'}
05-23 15:25:10 | WARNING | cilantro.backends.k8s.kubernetes_manager || Unable to convert threshold to float or value was not found while parsing k8s labels. Using default 1. Labels were {'app': 'root--mltj2', 'is_workload': 'true'}
05-23 15:25:10 | WARNING | cilantro.backends.k8s.kubernetes_manager || Unable to convert app_weight to float or value was not found while parsing k8s labels. Using default 1. Labels were {'app': 'root--mltj2', 'is_workload': 'true'}
05-23 15:25:10 | WARNING | cilantro.backends.k8s.kubernetes_manager || Unable to convert app_unit_demand to float or value was not found while parsing k8s labels. Using default 1. Labels were {'app': 'root--mltj2', 'is_workload': 'true'}
05-23 15:25:10 | WARNING | cilantro.backends.k8s.kubernetes_manager || Unable to convert threshold to float or value was not found while parsing k8s labels. Using default 1. Labels were {'app': 'root--mltj3', 'is_workload': 'true'}
05-23 15:25:10 | WARNING | cilantro.backends.k8s.kubernetes_manager || Unable to convert app_weight to float or value was not found while parsing k8s labels. Using default 1. Labels were {'app': 'root--mltj3', 'is_workload': 'true'}
05-23 15:25:10 | WARNING | cilantro.backends.k8s.kubernetes_manager || Unable to convert app_unit_demand to float or value was not found while parsing k8s labels. Using default 1. Labels were {'app': 'root--mltj3', 'is_workload': 'true'}
05-23 15:25:10 | WARNING | cilantro.backends.k8s.kubernetes_manager || Unable to convert threshold to float or value was not found while parsing k8s labels. Using default 1. Labels were {'app': 'root--mltj4', 'is_workload': 'true'}
05-23 15:25:10 | WARNING | cilantro.backends.k8s.kubernetes_manager || Unable to convert app_weight to float or value was not found while parsing k8s labels. Using default 1. Labels were {'app': 'root--mltj4', 'is_workload': 'true'}
05-23 15:25:10 | WARNING | cilantro.backends.k8s.kubernetes_manager || Unable to convert app_unit_demand to float or value was not found while parsing k8s labels. Using default 1. Labels were {'app': 'root--mltj4', 'is_workload': 'true'}
05-23 15:25:10 | WARNING | cilantro.backends.k8s.kubernetes_manager || Unable to convert threshold to float or value was not found while parsing k8s labels. Using default 1. Labels were {'app': 'root--mltj5', 'is_workload': 'true'}
05-23 15:25:10 | WARNING | cilantro.backends.k8s.kubernetes_manager || Unable to convert app_weight to float or value was not found while parsing k8s labels. Using default 1. Labels were {'app': 'root--mltj5', 'is_workload': 'true'}
05-23 15:25:10 | WARNING | cilantro.backends.k8s.kubernetes_manager || Unable to convert app_unit_demand to float or value was not found while parsing k8s labels. Using default 1. Labels were {'app': 'root--mltj5', 'is_workload': 'true'}
05-23 15:25:10 | WARNING | cilantro.backends.k8s.kubernetes_manager || Unable to convert threshold to float or value was not found while parsing k8s labels. Using default 1. Labels were {'app': 'root--mltj6', 'is_workload': 'true'}
05-23 15:25:10 | WARNING | cilantro.backends.k8s.kubernetes_manager || Unable to convert app_weight to float or value was not found while parsing k8s labels. Using default 1. Labels were {'app': 'root--mltj6', 'is_workload': 'true'}
05-23 15:25:10 | WARNING | cilantro.backends.k8s.kubernetes_manager || Unable to convert app_unit_demand to float or value was not found while parsing k8s labels. Using default 1. Labels were {'app': 'root--mltj6', 'is_workload': 'true'}
05-23 15:25:10 | WARNING | cilantro.backends.k8s.kubernetes_manager || Unable to convert threshold to float or value was not found while parsing k8s labels. Using default 1. Labels were {'app': 'root--mltj7', 'is_workload': 'true'}
05-23 15:25:10 | WARNING | cilantro.backends.k8s.kubernetes_manager || Unable to convert app_weight to float or value was not found while parsing k8s labels. Using default 1. Labels were {'app': 'root--mltj7', 'is_workload': 'true'}
05-23 15:25:10 | WARNING | cilantro.backends.k8s.kubernetes_manager || Unable to convert app_unit_demand to float or value was not found while parsing k8s labels. Using default 1. Labels were {'app': 'root--mltj7', 'is_workload': 'true'}
05-23 15:25:10 | WARNING | cilantro.backends.k8s.kubernetes_manager || Unable to convert threshold to float or value was not found while parsing k8s labels. Using default 1. Labels were {'app': 'root--prsj1', 'is_workload': 'true'}
05-23 15:25:10 | WARNING | cilantro.backends.k8s.kubernetes_manager || Unable to convert app_weight to float or value was not found while parsing k8s labels. Using default 1. Labels were {'app': 'root--prsj1', 'is_workload': 'true'}
05-23 15:25:10 | WARNING | cilantro.backends.k8s.kubernetes_manager || Unable to convert app_unit_demand to float or value was not found while parsing k8s labels. Using default 1. Labels were {'app': 'root--prsj1', 'is_workload': 'true'}
05-23 15:25:10 | WARNING | cilantro.backends.k8s.kubernetes_manager || Unable to convert threshold to float or value was not found while parsing k8s labels. Using default 1. Labels were {'app': 'root--prsj2', 'is_workload': 'true'}
05-23 15:25:10 | WARNING | cilantro.backends.k8s.kubernetes_manager || Unable to convert app_weight to float or value was not found while parsing k8s labels. Using default 1. Labels were {'app': 'root--prsj2', 'is_workload': 'true'}
05-23 15:25:10 | WARNING | cilantro.backends.k8s.kubernetes_manager || Unable to convert app_unit_demand to float or value was not found while parsing k8s labels. Using default 1. Labels were {'app': 'root--prsj2', 'is_workload': 'true'}
05-23 15:25:10 | WARNING | cilantro.backends.k8s.kubernetes_manager || Unable to convert threshold to float or value was not found while parsing k8s labels. Using default 1. Labels were {'app': 'root--prsj3', 'is_workload': 'true'}
05-23 15:25:10 | WARNING | cilantro.backends.k8s.kubernetes_manager || Unable to convert app_weight to float or value was not found while parsing k8s labels. Using default 1. Labels were {'app': 'root--prsj3', 'is_workload': 'true'}
05-23 15:25:10 | WARNING | cilantro.backends.k8s.kubernetes_manager || Unable to convert app_unit_demand to float or value was not found while parsing k8s labels. Using default 1. Labels were {'app': 'root--prsj3', 'is_workload': 'true'}
05-23 15:27:38 | ERROR  | asyncio                                  || Task exception was never retrieved
future: <Task finished coro=<KubernetesManager.local_state_update_loop() done, defined at /cilantro/cilantro/backends/k8s/kubernetes_manager.py:148> exception=ApiException()>
Traceback (most recent call last):
  File "/cilantro/cilantro/backends/k8s/kubernetes_manager.py", line 150, in local_state_update_loop
    added_deployments, removed_deployments = self.update_local_state()
  File "/cilantro/cilantro/backends/k8s/kubernetes_manager.py", line 86, in update_local_state
    deps = self.get_deployments()
  File "/cilantro/cilantro/backends/k8s/kubernetes_manager.py", line 98, in get_deployments
    deps = self.appsapi.list_namespaced_deployment(namespace=self.namespace)
  File "/usr/local/lib/python3.7/site-packages/kubernetes/client/api/apps_v1_api.py", line 3269, in list_namespaced_deployment
    return self.list_namespaced_deployment_with_http_info(namespace, **kwargs)  # noqa: E501
  File "/usr/local/lib/python3.7/site-packages/kubernetes/client/api/apps_v1_api.py", line 3394, in list_namespaced_deployment_with_http_info
    collection_formats=collection_formats)
  File "/usr/local/lib/python3.7/site-packages/kubernetes/client/api_client.py", line 353, in call_api
    _preload_content, _request_timeout, _host)
  File "/usr/local/lib/python3.7/site-packages/kubernetes/client/api_client.py", line 184, in __call_api
    _request_timeout=_request_timeout)
  File "/usr/local/lib/python3.7/site-packages/kubernetes/client/api_client.py", line 377, in request
    headers=headers)
  File "/usr/local/lib/python3.7/site-packages/kubernetes/client/rest.py", line 243, in GET
    query_params=query_params)
  File "/usr/local/lib/python3.7/site-packages/kubernetes/client/rest.py", line 233, in request
    raise ApiException(http_resp=r)
kubernetes.client.exceptions.ApiException: (500)
Reason: Internal Server Error
HTTP response headers: HTTPHeaderDict({'Cache-Control': 'no-cache, private', 'Content-Type': 'application/json', 'X-Kubernetes-Pf-Flowschema-Uid': '550da88a-e502-4a83-b811-a2764c2f0e25', 'X-Kubernetes-Pf-Prioritylevel-Uid': '6a2d2d78-8634-4d1b-93aa-55db1193eba5', 'Date': 'Tue, 23 May 2023 15:27:38 GMT', 'Content-Length': '122'})
HTTP response body: {"kind":"Status","apiVersion":"v1","metadata":{},"status":"Failure","message":"etcdserver: request timed out","code":500}


05-23 15:28:56 | INFO   | cilantro.core.performance_recorder       || Returning zeros since len(data_batches)=20, leaf_data_lengths: {'root--db0j1': 0, 'root--db0j2': 0, 'root--db0j3': 0, 'root--db1j1': 0, 'root--db1j2': 0, 'root--db1j3': 0, 'root--db1j4': 0, 'root--db1j5': 0, 'root--db1j6': 0, 'root--db1j7': 0, 'root--mltj1': 0, 'root--mltj2': 0, 'root--mltj3': 0, 'root--mltj4': 0, 'root--mltj5': 0, 'root--mltj6': 0, 'root--mltj7': 0, 'root--prsj1': 0, 'root--prsj2': 0, 'root--prsj3': 0}
05-23 15:28:56 | INFO   | cilantro.core.performance_recorder       || 
propfair (0.0):: res-loss=0.000, fair_viol:(sum=0.000, max=0.000, mean=0.000), util_welf=0.000, egal_welf=0.000, avg_rew=0.000,  cost=0.000
    - root--db0j1: util=0.000, rew=0.000 alloc=0.000, load=0.000, ud=0.312, time=0.000, root--db0j2: util=0.000, rew=0.000 alloc=0.000, load=0.000, ud=0.312, time=0.000, root--db0j3: util=0.000, rew=0.000 alloc=0.000, load=0.000, ud=0.320, time=0.000, root--db1j1: util=0.000, rew=0.000 alloc=0.000, load=0.000, ud=2.146, time=0.000, root--db1j2: util=0.000, rew=0.000 alloc=0.000, load=0.000, ud=2.146, time=0.000, root--db1j3: util=0.000, rew=0.000 alloc=0.000, load=0.000, ud=3.463, time=0.000, root--db1j4: util=0.000, rew=0.000 alloc=0.000, load=0.000, ud=3.463, time=0.000, root--db1j5: util=0.000, rew=0.000 alloc=0.000, load=0.000, ud=3.463, time=0.000, root--db1j6: util=0.000, rew=0.000 alloc=0.000, load=0.000, ud=3.868, time=0.000, root--db1j7: util=0.000, rew=0.000 alloc=0.000, load=0.000, ud=3.868, time=0.000, root--mltj1: util=0.000, rew=0.000 alloc=0.000, load=0.000, ud=99.887, time=0.000, root--mltj2: util=0.000, rew=0.000 alloc=0.000, load=0.000, ud=99.887, time=0.000, root--mltj3: util=0.000, rew=0.000 alloc=0.000, load=0.000, ud=119.934, time=0.000, root--mltj4: util=0.000, rew=0.000 alloc=0.000, load=0.000, ud=119.934, time=0.000, root--mltj5: util=0.000, rew=0.000 alloc=0.000, load=0.000, ud=150.000, time=0.000, root--mltj6: util=0.000, rew=0.000 alloc=0.000, load=0.000, ud=150.000, time=0.000, root--mltj7: util=0.000, rew=0.000 alloc=0.000, load=0.000, ud=150.000, time=0.000, root--prsj1: util=0.000, rew=0.000 alloc=0.000, load=0.000, ud=0.316, time=0.000, root--prsj2: util=0.000, rew=0.000 alloc=0.000, load=0.000, ud=0.316, time=0.000, root--prsj3: util=0.000, rew=0.000 alloc=0.000, load=0.000, ud=0.570, time=0.000
05-23 15:32:57 | INFO   | cilantro.core.performance_recorder       || Returning zeros since len(data_batches)=20, leaf_data_lengths: {'root--db0j1': 12, 'root--db0j2': 13, 'root--db0j3': 13, 'root--db1j1': 12, 'root--db1j2': 11, 'root--db1j3': 12, 'root--db1j4': 11, 'root--db1j5': 0, 'root--db1j6': 0, 'root--db1j7': 11, 'root--mltj1': 0, 'root--mltj2': 8, 'root--mltj3': 7, 'root--mltj4': 7, 'root--mltj5': 8, 'root--mltj6': 8, 'root--mltj7': 6, 'root--prsj1': 9, 'root--prsj2': 8, 'root--prsj3': 6}
05-23 15:32:57 | INFO   | cilantro.core.performance_recorder       || 
propfair (0.0):: res-loss=0.000, fair_viol:(sum=0.000, max=0.000, mean=0.000), util_welf=0.000, egal_welf=0.000, avg_rew=4.080,  cost=0.000
    - root--db0j1: util=0.172, rew=0.155 alloc=1.000, load=19.046, ud=0.312, time=162.453, root--db0j2: util=0.209, rew=0.188 alloc=1.000, load=19.094, ud=0.312, time=170.055, root--db0j3: util=0.186, rew=0.177 alloc=1.000, load=19.016, ud=0.320, time=168.805, root--db1j1: util=0.197, rew=0.177 alloc=1.000, load=40.033, ud=2.146, time=173.733, root--db1j2: util=0.194, rew=0.175 alloc=1.000, load=40.276, ud=2.146, time=148.127, root--db1j3: util=0.172, rew=0.163 alloc=1.000, load=40.527, ud=3.463, time=155.278, root--db1j4: util=0.179, rew=0.170 alloc=1.000, load=40.913, ud=3.463, time=153.495, root--db1j5: util=0.000, rew=0.000 alloc=0.000, load=0.000, ud=3.463, time=0.000, root--db1j6: util=0.000, rew=0.000 alloc=0.000, load=0.000, ud=3.868, time=0.000, root--db1j7: util=0.178, rew=0.176 alloc=1.000, load=43.206, ud=3.868, time=153.035, root--mltj1: util=0.000, rew=0.000 alloc=0.000, load=0.000, ud=99.887, time=0.000, root--mltj2: util=0.034, rew=13.489 alloc=1.000, load=1.000, ud=99.887, time=148.638, root--mltj3: util=0.032, rew=14.411 alloc=1.000, load=1.000, ud=119.934, time=130.528, root--mltj4: util=0.028, rew=12.533 alloc=1.000, load=1.000, ud=119.934, time=154.237, root--mltj5: util=0.031, rew=15.486 alloc=1.000, load=1.000, ud=150.000, time=139.933, root--mltj6: util=0.025, rew=12.421 alloc=1.000, load=1.000, ud=150.000, time=164.641, root--mltj7: util=0.023, rew=11.352 alloc=1.000, load=1.000, ud=150.000, time=140.940, root--prsj1: util=0.190, rew=0.171 alloc=1.000, load=42.220, ud=0.316, time=133.845, root--prsj2: util=0.216, rew=0.195 alloc=1.000, load=43.584, ud=0.316, time=114.307, root--prsj3: util=0.160, rew=0.152 alloc=1.000, load=44.109, ud=0.570, time=92.815
05-23 15:36:57 | INFO   | cilantro.core.performance_recorder       || Returning zeros since len(data_batches)=20, leaf_data_lengths: {'root--db0j1': 17, 'root--db0j2': 16, 'root--db0j3': 17, 'root--db1j1': 16, 'root--db1j2': 17, 'root--db1j3': 17, 'root--db1j4': 18, 'root--db1j5': 0, 'root--db1j6': 0, 'root--db1j7': 16, 'root--mltj1': 0, 'root--mltj2': 13, 'root--mltj3': 11, 'root--mltj4': 12, 'root--mltj5': 11, 'root--mltj6': 12, 'root--mltj7': 12, 'root--prsj1': 16, 'root--prsj2': 17, 'root--prsj3': 15}
05-23 15:36:57 | INFO   | cilantro.core.performance_recorder       || 
propfair (0.0):: res-loss=0.000, fair_viol:(sum=0.000, max=0.000, mean=0.000), util_welf=0.000, egal_welf=0.000, avg_rew=4.058,  cost=0.000
    - root--db0j1: util=0.194, rew=0.175 alloc=1.000, load=19.007, ud=0.312, time=394.994, root--db0j2: util=0.194, rew=0.174 alloc=1.000, load=19.024, ud=0.312, time=399.927, root--db0j3: util=0.180, rew=0.171 alloc=1.000, load=19.001, ud=0.320, time=400.323, root--db1j1: util=0.175, rew=0.158 alloc=1.000, load=39.945, ud=2.146, time=398.891, root--db1j2: util=0.201, rew=0.181 alloc=1.000, load=39.831, ud=2.146, time=380.860, root--db1j3: util=0.189, rew=0.179 alloc=1.000, load=39.709, ud=3.463, time=390.536, root--db1j4: util=0.176, rew=0.167 alloc=1.000, load=40.439, ud=3.463, time=391.679, root--db1j5: util=0.000, rew=0.000 alloc=0.000, load=0.000, ud=3.463, time=0.000, root--db1j6: util=0.000, rew=0.000 alloc=0.000, load=0.000, ud=3.868, time=0.000, root--db1j7: util=0.190, rew=0.188 alloc=1.000, load=40.320, ud=3.868, time=376.397, root--mltj1: util=0.000, rew=0.000 alloc=0.000, load=0.000, ud=99.887, time=0.000, root--mltj2: util=0.036, rew=14.477 alloc=1.000, load=1.000, ud=99.887, time=378.929, root--mltj3: util=0.026, rew=11.731 alloc=1.000, load=1.000, ud=119.934, time=380.722, root--mltj4: util=0.029, rew=13.199 alloc=1.000, load=1.000, ud=119.934, time=402.362, root--mltj5: util=0.026, rew=12.940 alloc=1.000, load=1.000, ud=150.000, time=368.598, root--mltj6: util=0.026, rew=13.069 alloc=1.000, load=1.000, ud=150.000, time=402.612, root--mltj7: util=0.028, rew=13.804 alloc=1.000, load=1.000, ud=150.000, time=372.751, root--prsj1: util=0.204, rew=0.183 alloc=1.000, load=38.556, ud=0.316, time=371.269, root--prsj2: util=0.190, rew=0.171 alloc=1.000, load=38.314, ud=0.316, time=352.990, root--prsj3: util=0.192, rew=0.183 alloc=1.000, load=38.240, ud=0.570, time=329.294
05-23 15:40:58 | INFO   | cilantro.core.performance_recorder       || Returning zeros since len(data_batches)=20, leaf_data_lengths: {'root--db0j1': 17, 'root--db0j2': 0, 'root--db0j3': 17, 'root--db1j1': 17, 'root--db1j2': 17, 'root--db1j3': 18, 'root--db1j4': 17, 'root--db1j5': 0, 'root--db1j6': 0, 'root--db1j7': 17, 'root--mltj1': 0, 'root--mltj2': 12, 'root--mltj3': 11, 'root--mltj4': 12, 'root--mltj5': 12, 'root--mltj6': 11, 'root--mltj7': 13, 'root--prsj1': 15, 'root--prsj2': 15, 'root--prsj3': 15}
05-23 15:40:58 | INFO   | cilantro.core.performance_recorder       || 
propfair (0.0):: res-loss=0.000, fair_viol:(sum=0.000, max=0.000, mean=0.000), util_welf=0.000, egal_welf=0.000, avg_rew=3.975,  cost=0.000
    - root--db0j1: util=0.186, rew=0.167 alloc=1.000, load=18.685, ud=0.312, time=632.354, root--db0j2: util=0.000, rew=0.000 alloc=0.000, load=0.000, ud=0.312, time=0.000, root--db0j3: util=0.184, rew=0.174 alloc=1.000, load=18.656, ud=0.320, time=632.522, root--db1j1: util=0.194, rew=0.174 alloc=1.000, load=39.489, ud=2.146, time=633.413, root--db1j2: util=0.203, rew=0.183 alloc=1.000, load=39.453, ud=2.146, time=622.716, root--db1j3: util=0.172, rew=0.163 alloc=1.000, load=39.455, ud=3.463, time=636.309, root--db1j4: util=0.165, rew=0.157 alloc=1.000, load=39.272, ud=3.463, time=622.278, root--db1j5: util=0.000, rew=0.000 alloc=0.000, load=0.000, ud=3.463, time=0.000, root--db1j6: util=0.000, rew=0.000 alloc=0.000, load=0.000, ud=3.868, time=0.000, root--db1j7: util=0.178, rew=0.176 alloc=1.000, load=39.640, ud=3.868, time=614.211, root--mltj1: util=0.000, rew=0.000 alloc=0.000, load=0.000, ud=99.887, time=0.000, root--mltj2: util=0.030, rew=11.919 alloc=1.000, load=1.000, ud=99.887, time=636.159, root--mltj3: util=0.028, rew=12.657 alloc=1.000, load=1.000, ud=119.934, time=607.954, root--mltj4: util=0.032, rew=14.434 alloc=1.000, load=1.000, ud=119.934, time=628.222, root--mltj5: util=0.027, rew=13.270 alloc=1.000, load=1.000, ud=150.000, time=610.866, root--mltj6: util=0.024, rew=12.013 alloc=1.000, load=1.000, ud=150.000, time=638.944, root--mltj7: util=0.027, rew=13.461 alloc=1.000, load=1.000, ud=150.000, time=631.051, root--prsj1: util=0.193, rew=0.173 alloc=1.000, load=37.640, ud=0.316, time=603.122, root--prsj2: util=0.204, rew=0.184 alloc=1.000, load=37.976, ud=0.316, time=583.347, root--prsj3: util=0.194, rew=0.184 alloc=1.000, load=38.321, ud=0.570, time=565.716
