05-24 03:44:38 | INFO   | __main__                                 || Created Env: Env(#nodes=21, #leaf-nodes=20):: (db0j1, e0.05, t0.90), (db0j2, e0.05, t0.90), (db0j3, e0.05, t0.95), (db1j1, e0.05, t0.90), (db1j2, e0.05, t0.90), (db1j3, e0.05, t0.95), (db1j4, e0.05, t0.95), (db1j5, e0.05, t0.95), (db1j6, e0.05, t0.99), (db1j7, e0.05, t0.99), (mltj1, e0.05, t400.00), (mltj2, e0.05, t400.00), (mltj3, e0.05, t450.00), (mltj4, e0.05, t450.00), (mltj5, e0.05, t500.00), (mltj6, e0.05, t500.00), (mltj7, e0.05, t500.00), (prsj1, e0.05, t0.90), (prsj2, e0.05, t0.90), (prsj3, e0.05, t0.95)..
in root -1
lf root--db0j1 1 0.9 -1 linear
lf root--db0j2 1 0.9 -1 linear
lf root--db0j3 1 0.95 -1 linear
lf root--db1j1 1 0.9 -1 linear
lf root--db1j2 1 0.9 -1 linear
lf root--db1j3 1 0.95 -1 linear
lf root--db1j4 1 0.95 -1 linear
lf root--db1j5 1 0.95 -1 linear
lf root--db1j6 1 0.99 -1 linear
lf root--db1j7 1 0.99 -1 linear
lf root--mltj1 1 400 -1 linear
lf root--mltj2 1 400 -1 linear
lf root--mltj3 1 450 -1 linear
lf root--mltj4 1 450 -1 linear
lf root--mltj5 1 500 -1 linear
lf root--mltj6 1 500 -1 linear
lf root--mltj7 1 500 -1 linear
lf root--prsj1 1 0.9 -1 linear
lf root--prsj2 1 0.9 -1 linear
lf root--prsj3 1 0.95 -1 linear
05-24 03:44:38 | INFO   | root                                     || Created Env: Env(#nodes=21, #leaf-nodes=20):: (db0j1, e0.05, t0.90), (db0j2, e0.05, t0.90), (db0j3, e0.05, t0.95), (db1j1, e0.05, t0.90), (db1j2, e0.05, t0.90), (db1j3, e0.05, t0.95), (db1j4, e0.05, t0.95), (db1j5, e0.05, t0.95), (db1j6, e0.05, t0.99), (db1j7, e0.05, t0.99), (mltj1, e0.05, t400.00), (mltj2, e0.05, t400.00), (mltj3, e0.05, t450.00), (mltj4, e0.05, t450.00), (mltj5, e0.05, t500.00), (mltj6, e0.05, t500.00), (mltj7, e0.05, t500.00), (prsj1, e0.05, t0.90), (prsj2, e0.05, t0.90), (prsj3, e0.05, t0.95).,
in root -1
lf root--db0j1 1 0.9 -1 linear
lf root--db0j2 1 0.9 -1 linear
lf root--db0j3 1 0.95 -1 linear
lf root--db1j1 1 0.9 -1 linear
lf root--db1j2 1 0.9 -1 linear
lf root--db1j3 1 0.95 -1 linear
lf root--db1j4 1 0.95 -1 linear
lf root--db1j5 1 0.95 -1 linear
lf root--db1j6 1 0.99 -1 linear
lf root--db1j7 1 0.99 -1 linear
lf root--mltj1 1 400 -1 linear
lf root--mltj2 1 400 -1 linear
lf root--mltj3 1 450 -1 linear
lf root--mltj4 1 450 -1 linear
lf root--mltj5 1 500 -1 linear
lf root--mltj6 1 500 -1 linear
lf root--mltj7 1 500 -1 linear
lf root--prsj1 1 0.9 -1 linear
lf root--prsj2 1 0.9 -1 linear
lf root--prsj3 1 0.95 -1 linear

05-24 03:44:38 | INFO   | root                                     || Loading profiled information from /cilantro/demos/exp1/profiled_oct7.
05-24 03:44:38 | INFO   | cilantro.profiling.profiled_info_loader  || workload_type: craydb0, <cilantro.profiling.profiled_info_loader.ProfiledInfo object at 0x7f7c08f7ba50>
05-24 03:44:38 | INFO   | cilantro.profiling.profiled_info_loader  || workload_type: craydb0, <cilantro.profiling.profiled_info_loader.ProfiledInfo object at 0x7f7c08f7ba50>
05-24 03:44:38 | INFO   | cilantro.profiling.profiled_info_loader  || workload_type: craydb0, <cilantro.profiling.profiled_info_loader.ProfiledInfo object at 0x7f7c08f7ba50>
05-24 03:44:38 | INFO   | cilantro.profiling.profiled_info_loader  || workload_type: craydb1, <cilantro.profiling.profiled_info_loader.ProfiledInfo object at 0x7f7bd54b4c90>
05-24 03:44:38 | INFO   | cilantro.profiling.profiled_info_loader  || workload_type: craydb1, <cilantro.profiling.profiled_info_loader.ProfiledInfo object at 0x7f7bd54b4c90>
05-24 03:44:38 | INFO   | cilantro.profiling.profiled_info_loader  || workload_type: craydb1, <cilantro.profiling.profiled_info_loader.ProfiledInfo object at 0x7f7bd54b4c90>
05-24 03:44:38 | INFO   | cilantro.profiling.profiled_info_loader  || workload_type: craydb1, <cilantro.profiling.profiled_info_loader.ProfiledInfo object at 0x7f7bd54b4c90>
05-24 03:44:38 | INFO   | cilantro.profiling.profiled_info_loader  || workload_type: craydb1, <cilantro.profiling.profiled_info_loader.ProfiledInfo object at 0x7f7bd54b4c90>
05-24 03:44:38 | INFO   | cilantro.profiling.profiled_info_loader  || workload_type: craydb1, <cilantro.profiling.profiled_info_loader.ProfiledInfo object at 0x7f7bd54b4c90>
05-24 03:44:38 | INFO   | cilantro.profiling.profiled_info_loader  || workload_type: craydb1, <cilantro.profiling.profiled_info_loader.ProfiledInfo object at 0x7f7bd54b4c90>
05-24 03:44:38 | INFO   | cilantro.profiling.profiled_info_loader  || workload_type: craymltrain, <cilantro.profiling.profiled_info_loader.ProfiledInfo object at 0x7f7bd54b4f10>
05-24 03:44:38 | INFO   | cilantro.profiling.profiled_info_loader  || workload_type: craymltrain, <cilantro.profiling.profiled_info_loader.ProfiledInfo object at 0x7f7bd54b4f10>
05-24 03:44:38 | INFO   | cilantro.profiling.profiled_info_loader  || workload_type: craymltrain, <cilantro.profiling.profiled_info_loader.ProfiledInfo object at 0x7f7bd54b4f10>
05-24 03:44:38 | INFO   | cilantro.profiling.profiled_info_loader  || workload_type: craymltrain, <cilantro.profiling.profiled_info_loader.ProfiledInfo object at 0x7f7bd54b4f10>
05-24 03:44:38 | INFO   | cilantro.profiling.profiled_info_loader  || workload_type: craymltrain, <cilantro.profiling.profiled_info_loader.ProfiledInfo object at 0x7f7bd54b4f10>
05-24 03:44:38 | INFO   | cilantro.profiling.profiled_info_loader  || workload_type: craymltrain, <cilantro.profiling.profiled_info_loader.ProfiledInfo object at 0x7f7bd54b4f10>
05-24 03:44:38 | INFO   | cilantro.profiling.profiled_info_loader  || workload_type: craymltrain, <cilantro.profiling.profiled_info_loader.ProfiledInfo object at 0x7f7bd54b4f10>
05-24 03:44:38 | INFO   | cilantro.profiling.profiled_info_loader  || workload_type: craypredserv, <cilantro.profiling.profiled_info_loader.ProfiledInfo object at 0x7f7bd54b4ed0>
05-24 03:44:38 | INFO   | cilantro.profiling.profiled_info_loader  || workload_type: craypredserv, <cilantro.profiling.profiled_info_loader.ProfiledInfo object at 0x7f7bd54b4ed0>
05-24 03:44:38 | INFO   | cilantro.profiling.profiled_info_loader  || workload_type: craypredserv, <cilantro.profiling.profiled_info_loader.ProfiledInfo object at 0x7f7bd54b4ed0>
05-24 03:44:38 | INFO   | root                                     || 
 Estimated p50 total demand = 1912.000
root--db0j1 (craydb0): 6.248  (ud=0.31226, p50_load=20.01)
root--db0j2 (craydb0): 6.248  (ud=0.31226, p50_load=20.01)
root--db0j3 (craydb0): 6.409  (ud=0.32031, p50_load=20.01)
root--db1j1 (craydb1): 90.667  (ud=2.14644, p50_load=42.24)
root--db1j2 (craydb1): 90.667  (ud=2.14644, p50_load=42.24)
root--db1j3 (craydb1): 146.261  (ud=3.46258, p50_load=42.24)
root--db1j4 (craydb1): 146.261  (ud=3.46258, p50_load=42.24)
root--db1j5 (craydb1): 146.261  (ud=3.46258, p50_load=42.24)
root--db1j6 (craydb1): 163.373  (ud=3.86768, p50_load=42.24)
root--db1j7 (craydb1): 163.373  (ud=3.86768, p50_load=42.24)
root--mltj1 (craymltrain): 99.887  (ud=99.88651, p50_load=1.00)
root--mltj2 (craymltrain): 99.887  (ud=99.88651, p50_load=1.00)
root--mltj3 (craymltrain): 119.934  (ud=119.93412, p50_load=1.00)
root--mltj4 (craymltrain): 119.934  (ud=119.93412, p50_load=1.00)
root--mltj5 (craymltrain): 150.000  (ud=150.00000, p50_load=1.00)
root--mltj6 (craymltrain): 150.000  (ud=150.00000, p50_load=1.00)
root--mltj7 (craymltrain): 150.000  (ud=150.00000, p50_load=1.00)
root--prsj1 (craypredserv): 12.755  (ud=0.31603, p50_load=40.36)
root--prsj2 (craypredserv): 12.755  (ud=0.31603, p50_load=40.36)
root--prsj3 (craypredserv): 23.017  (ud=0.57029, p50_load=40.36)
Estimated p99 total demand = 2088.000
root--db0j1 (craydb0): 7.343  (ud=0.31226, p99_load=23.52)
root--db0j2 (craydb0): 7.343  (ud=0.31226, p99_load=23.52)
root--db0j3 (craydb0): 7.532  (ud=0.32031, p99_load=23.52)
root--db1j1 (craydb1): 106.469  (ud=2.14644, p99_load=49.60)
root--db1j2 (craydb1): 106.469  (ud=2.14644, p99_load=49.60)
root--db1j3 (craydb1): 171.753  (ud=3.46258, p99_load=49.60)
root--db1j4 (craydb1): 171.753  (ud=3.46258, p99_load=49.60)
root--db1j5 (craydb1): 171.753  (ud=3.46258, p99_load=49.60)
root--db1j6 (craydb1): 191.847  (ud=3.86768, p99_load=49.60)
root--db1j7 (craydb1): 191.847  (ud=3.86768, p99_load=49.60)
root--mltj1 (craymltrain): 99.887  (ud=99.88651, p99_load=1.00)
root--mltj2 (craymltrain): 99.887  (ud=99.88651, p99_load=1.00)
root--mltj3 (craymltrain): 119.934  (ud=119.93412, p99_load=1.00)
root--mltj4 (craymltrain): 119.934  (ud=119.93412, p99_load=1.00)
root--mltj5 (craymltrain): 150.000  (ud=150.00000, p99_load=1.00)
root--mltj6 (craymltrain): 150.000  (ud=150.00000, p99_load=1.00)
root--mltj7 (craymltrain): 150.000  (ud=150.00000, p99_load=1.00)
root--prsj1 (craypredserv): 15.011  (ud=0.31603, p99_load=47.50)
root--prsj2 (craypredserv): 15.011  (ud=0.31603, p99_load=47.50)
root--prsj3 (craypredserv): 27.087  (ud=0.57029, p99_load=47.50)
05-24 03:44:39 | INFO   | __main__                                 || Initialised policy <cilantro.policies.minerva.Minerva object at 0x7f7bbffd7750>.
05-24 03:44:39 | INFO   | cilantro.data_loggers.data_logger_bank   || Initiated writing to disk loop for data logger in dir workdirs/minerva_exp_env_1_40_eks_0524034438.
05-24 03:44:50 | INFO   | cilantro.workloads.k8s_workload_deployer || Deployed 80 kubernetes objects. Check dashboard for status.
05-24 03:44:50 | INFO   | __main__                                 || Workload deployed!
05-24 03:44:51 | WARNING | cilantro.backends.k8s.kubernetes_manager || Unable to convert threshold to float or value was not found while parsing k8s labels. Using default 1. Labels were {'app': 'root--db0j1', 'is_workload': 'true'}
05-24 03:44:51 | WARNING | cilantro.backends.k8s.kubernetes_manager || Unable to convert app_weight to float or value was not found while parsing k8s labels. Using default 1. Labels were {'app': 'root--db0j1', 'is_workload': 'true'}
05-24 03:44:51 | WARNING | cilantro.backends.k8s.kubernetes_manager || Unable to convert app_unit_demand to float or value was not found while parsing k8s labels. Using default 1. Labels were {'app': 'root--db0j1', 'is_workload': 'true'}
05-24 03:44:51 | WARNING | cilantro.backends.k8s.kubernetes_manager || Unable to convert threshold to float or value was not found while parsing k8s labels. Using default 1. Labels were {'app': 'root--db0j2', 'is_workload': 'true'}
05-24 03:44:51 | WARNING | cilantro.backends.k8s.kubernetes_manager || Unable to convert app_weight to float or value was not found while parsing k8s labels. Using default 1. Labels were {'app': 'root--db0j2', 'is_workload': 'true'}
05-24 03:44:51 | WARNING | cilantro.backends.k8s.kubernetes_manager || Unable to convert app_unit_demand to float or value was not found while parsing k8s labels. Using default 1. Labels were {'app': 'root--db0j2', 'is_workload': 'true'}
05-24 03:44:51 | WARNING | cilantro.backends.k8s.kubernetes_manager || Unable to convert threshold to float or value was not found while parsing k8s labels. Using default 1. Labels were {'app': 'root--db0j3', 'is_workload': 'true'}
05-24 03:44:51 | WARNING | cilantro.backends.k8s.kubernetes_manager || Unable to convert app_weight to float or value was not found while parsing k8s labels. Using default 1. Labels were {'app': 'root--db0j3', 'is_workload': 'true'}
05-24 03:44:51 | WARNING | cilantro.backends.k8s.kubernetes_manager || Unable to convert app_unit_demand to float or value was not found while parsing k8s labels. Using default 1. Labels were {'app': 'root--db0j3', 'is_workload': 'true'}
05-24 03:44:51 | WARNING | cilantro.backends.k8s.kubernetes_manager || Unable to convert threshold to float or value was not found while parsing k8s labels. Using default 1. Labels were {'app': 'root--db1j1', 'is_workload': 'true'}
05-24 03:44:51 | WARNING | cilantro.backends.k8s.kubernetes_manager || Unable to convert app_weight to float or value was not found while parsing k8s labels. Using default 1. Labels were {'app': 'root--db1j1', 'is_workload': 'true'}
05-24 03:44:51 | WARNING | cilantro.backends.k8s.kubernetes_manager || Unable to convert app_unit_demand to float or value was not found while parsing k8s labels. Using default 1. Labels were {'app': 'root--db1j1', 'is_workload': 'true'}
05-24 03:44:51 | WARNING | cilantro.backends.k8s.kubernetes_manager || Unable to convert threshold to float or value was not found while parsing k8s labels. Using default 1. Labels were {'app': 'root--db1j2', 'is_workload': 'true'}
05-24 03:44:51 | WARNING | cilantro.backends.k8s.kubernetes_manager || Unable to convert app_weight to float or value was not found while parsing k8s labels. Using default 1. Labels were {'app': 'root--db1j2', 'is_workload': 'true'}
05-24 03:44:51 | WARNING | cilantro.backends.k8s.kubernetes_manager || Unable to convert app_unit_demand to float or value was not found while parsing k8s labels. Using default 1. Labels were {'app': 'root--db1j2', 'is_workload': 'true'}
05-24 03:44:51 | WARNING | cilantro.backends.k8s.kubernetes_manager || Unable to convert threshold to float or value was not found while parsing k8s labels. Using default 1. Labels were {'app': 'root--db1j3', 'is_workload': 'true'}
05-24 03:44:51 | WARNING | cilantro.backends.k8s.kubernetes_manager || Unable to convert app_weight to float or value was not found while parsing k8s labels. Using default 1. Labels were {'app': 'root--db1j3', 'is_workload': 'true'}
05-24 03:44:51 | WARNING | cilantro.backends.k8s.kubernetes_manager || Unable to convert app_unit_demand to float or value was not found while parsing k8s labels. Using default 1. Labels were {'app': 'root--db1j3', 'is_workload': 'true'}
05-24 03:44:51 | WARNING | cilantro.backends.k8s.kubernetes_manager || Unable to convert threshold to float or value was not found while parsing k8s labels. Using default 1. Labels were {'app': 'root--db1j4', 'is_workload': 'true'}
05-24 03:44:51 | WARNING | cilantro.backends.k8s.kubernetes_manager || Unable to convert app_weight to float or value was not found while parsing k8s labels. Using default 1. Labels were {'app': 'root--db1j4', 'is_workload': 'true'}
05-24 03:44:51 | WARNING | cilantro.backends.k8s.kubernetes_manager || Unable to convert app_unit_demand to float or value was not found while parsing k8s labels. Using default 1. Labels were {'app': 'root--db1j4', 'is_workload': 'true'}
05-24 03:44:51 | WARNING | cilantro.backends.k8s.kubernetes_manager || Unable to convert threshold to float or value was not found while parsing k8s labels. Using default 1. Labels were {'app': 'root--db1j5', 'is_workload': 'true'}
05-24 03:44:51 | WARNING | cilantro.backends.k8s.kubernetes_manager || Unable to convert app_weight to float or value was not found while parsing k8s labels. Using default 1. Labels were {'app': 'root--db1j5', 'is_workload': 'true'}
05-24 03:44:51 | WARNING | cilantro.backends.k8s.kubernetes_manager || Unable to convert app_unit_demand to float or value was not found while parsing k8s labels. Using default 1. Labels were {'app': 'root--db1j5', 'is_workload': 'true'}
05-24 03:44:51 | WARNING | cilantro.backends.k8s.kubernetes_manager || Unable to convert threshold to float or value was not found while parsing k8s labels. Using default 1. Labels were {'app': 'root--db1j6', 'is_workload': 'true'}
05-24 03:44:51 | WARNING | cilantro.backends.k8s.kubernetes_manager || Unable to convert app_weight to float or value was not found while parsing k8s labels. Using default 1. Labels were {'app': 'root--db1j6', 'is_workload': 'true'}
05-24 03:44:51 | WARNING | cilantro.backends.k8s.kubernetes_manager || Unable to convert app_unit_demand to float or value was not found while parsing k8s labels. Using default 1. Labels were {'app': 'root--db1j6', 'is_workload': 'true'}
05-24 03:44:51 | WARNING | cilantro.backends.k8s.kubernetes_manager || Unable to convert threshold to float or value was not found while parsing k8s labels. Using default 1. Labels were {'app': 'root--db1j7', 'is_workload': 'true'}
05-24 03:44:51 | WARNING | cilantro.backends.k8s.kubernetes_manager || Unable to convert app_weight to float or value was not found while parsing k8s labels. Using default 1. Labels were {'app': 'root--db1j7', 'is_workload': 'true'}
05-24 03:44:51 | WARNING | cilantro.backends.k8s.kubernetes_manager || Unable to convert app_unit_demand to float or value was not found while parsing k8s labels. Using default 1. Labels were {'app': 'root--db1j7', 'is_workload': 'true'}
05-24 03:44:51 | WARNING | cilantro.backends.k8s.kubernetes_manager || Unable to convert threshold to float or value was not found while parsing k8s labels. Using default 1. Labels were {'app': 'root--mltj1', 'is_workload': 'true'}
05-24 03:44:51 | WARNING | cilantro.backends.k8s.kubernetes_manager || Unable to convert app_weight to float or value was not found while parsing k8s labels. Using default 1. Labels were {'app': 'root--mltj1', 'is_workload': 'true'}
05-24 03:44:51 | WARNING | cilantro.backends.k8s.kubernetes_manager || Unable to convert app_unit_demand to float or value was not found while parsing k8s labels. Using default 1. Labels were {'app': 'root--mltj1', 'is_workload': 'true'}
05-24 03:44:51 | WARNING | cilantro.backends.k8s.kubernetes_manager || Unable to convert threshold to float or value was not found while parsing k8s labels. Using default 1. Labels were {'app': 'root--mltj2', 'is_workload': 'true'}
05-24 03:44:51 | WARNING | cilantro.backends.k8s.kubernetes_manager || Unable to convert app_weight to float or value was not found while parsing k8s labels. Using default 1. Labels were {'app': 'root--mltj2', 'is_workload': 'true'}
05-24 03:44:51 | WARNING | cilantro.backends.k8s.kubernetes_manager || Unable to convert app_unit_demand to float or value was not found while parsing k8s labels. Using default 1. Labels were {'app': 'root--mltj2', 'is_workload': 'true'}
05-24 03:44:51 | WARNING | cilantro.backends.k8s.kubernetes_manager || Unable to convert threshold to float or value was not found while parsing k8s labels. Using default 1. Labels were {'app': 'root--mltj3', 'is_workload': 'true'}
05-24 03:44:51 | WARNING | cilantro.backends.k8s.kubernetes_manager || Unable to convert app_weight to float or value was not found while parsing k8s labels. Using default 1. Labels were {'app': 'root--mltj3', 'is_workload': 'true'}
05-24 03:44:51 | WARNING | cilantro.backends.k8s.kubernetes_manager || Unable to convert app_unit_demand to float or value was not found while parsing k8s labels. Using default 1. Labels were {'app': 'root--mltj3', 'is_workload': 'true'}
05-24 03:44:51 | WARNING | cilantro.backends.k8s.kubernetes_manager || Unable to convert threshold to float or value was not found while parsing k8s labels. Using default 1. Labels were {'app': 'root--mltj4', 'is_workload': 'true'}
05-24 03:44:51 | WARNING | cilantro.backends.k8s.kubernetes_manager || Unable to convert app_weight to float or value was not found while parsing k8s labels. Using default 1. Labels were {'app': 'root--mltj4', 'is_workload': 'true'}
05-24 03:44:51 | WARNING | cilantro.backends.k8s.kubernetes_manager || Unable to convert app_unit_demand to float or value was not found while parsing k8s labels. Using default 1. Labels were {'app': 'root--mltj4', 'is_workload': 'true'}
05-24 03:44:51 | WARNING | cilantro.backends.k8s.kubernetes_manager || Unable to convert threshold to float or value was not found while parsing k8s labels. Using default 1. Labels were {'app': 'root--mltj5', 'is_workload': 'true'}
05-24 03:44:51 | WARNING | cilantro.backends.k8s.kubernetes_manager || Unable to convert app_weight to float or value was not found while parsing k8s labels. Using default 1. Labels were {'app': 'root--mltj5', 'is_workload': 'true'}
05-24 03:44:51 | WARNING | cilantro.backends.k8s.kubernetes_manager || Unable to convert app_unit_demand to float or value was not found while parsing k8s labels. Using default 1. Labels were {'app': 'root--mltj5', 'is_workload': 'true'}
05-24 03:44:51 | WARNING | cilantro.backends.k8s.kubernetes_manager || Unable to convert threshold to float or value was not found while parsing k8s labels. Using default 1. Labels were {'app': 'root--mltj6', 'is_workload': 'true'}
05-24 03:44:51 | WARNING | cilantro.backends.k8s.kubernetes_manager || Unable to convert app_weight to float or value was not found while parsing k8s labels. Using default 1. Labels were {'app': 'root--mltj6', 'is_workload': 'true'}
05-24 03:44:51 | WARNING | cilantro.backends.k8s.kubernetes_manager || Unable to convert app_unit_demand to float or value was not found while parsing k8s labels. Using default 1. Labels were {'app': 'root--mltj6', 'is_workload': 'true'}
05-24 03:44:51 | WARNING | cilantro.backends.k8s.kubernetes_manager || Unable to convert threshold to float or value was not found while parsing k8s labels. Using default 1. Labels were {'app': 'root--mltj7', 'is_workload': 'true'}
05-24 03:44:51 | WARNING | cilantro.backends.k8s.kubernetes_manager || Unable to convert app_weight to float or value was not found while parsing k8s labels. Using default 1. Labels were {'app': 'root--mltj7', 'is_workload': 'true'}
05-24 03:44:51 | WARNING | cilantro.backends.k8s.kubernetes_manager || Unable to convert app_unit_demand to float or value was not found while parsing k8s labels. Using default 1. Labels were {'app': 'root--mltj7', 'is_workload': 'true'}
05-24 03:44:51 | WARNING | cilantro.backends.k8s.kubernetes_manager || Unable to convert threshold to float or value was not found while parsing k8s labels. Using default 1. Labels were {'app': 'root--prsj1', 'is_workload': 'true'}
05-24 03:44:51 | WARNING | cilantro.backends.k8s.kubernetes_manager || Unable to convert app_weight to float or value was not found while parsing k8s labels. Using default 1. Labels were {'app': 'root--prsj1', 'is_workload': 'true'}
05-24 03:44:51 | WARNING | cilantro.backends.k8s.kubernetes_manager || Unable to convert app_unit_demand to float or value was not found while parsing k8s labels. Using default 1. Labels were {'app': 'root--prsj1', 'is_workload': 'true'}
05-24 03:44:51 | WARNING | cilantro.backends.k8s.kubernetes_manager || Unable to convert threshold to float or value was not found while parsing k8s labels. Using default 1. Labels were {'app': 'root--prsj2', 'is_workload': 'true'}
05-24 03:44:51 | WARNING | cilantro.backends.k8s.kubernetes_manager || Unable to convert app_weight to float or value was not found while parsing k8s labels. Using default 1. Labels were {'app': 'root--prsj2', 'is_workload': 'true'}
05-24 03:44:51 | WARNING | cilantro.backends.k8s.kubernetes_manager || Unable to convert app_unit_demand to float or value was not found while parsing k8s labels. Using default 1. Labels were {'app': 'root--prsj2', 'is_workload': 'true'}
05-24 03:44:51 | WARNING | cilantro.backends.k8s.kubernetes_manager || Unable to convert threshold to float or value was not found while parsing k8s labels. Using default 1. Labels were {'app': 'root--prsj3', 'is_workload': 'true'}
05-24 03:44:51 | WARNING | cilantro.backends.k8s.kubernetes_manager || Unable to convert app_weight to float or value was not found while parsing k8s labels. Using default 1. Labels were {'app': 'root--prsj3', 'is_workload': 'true'}
05-24 03:44:51 | WARNING | cilantro.backends.k8s.kubernetes_manager || Unable to convert app_unit_demand to float or value was not found while parsing k8s labels. Using default 1. Labels were {'app': 'root--prsj3', 'is_workload': 'true'}
05-24 03:44:51 | INFO   | cilantro.policies.minerva                || Using entitlements 1.0000, [0.05, 0.05, 0.05, 0.05, 0.05, 0.05, 0.05, 0.05, 0.05, 0.05, 0.05, 0.05, 0.05, 0.05, 0.05, 0.05, 0.05, 0.05, 0.05, 0.05]
05-24 03:45:55 | ERROR  | asyncio                                  || Task exception was never retrieved
future: <Task finished coro=<KubernetesManager.local_state_update_loop() done, defined at /cilantro/cilantro/backends/k8s/kubernetes_manager.py:148> exception=ApiException()>
Traceback (most recent call last):
  File "/cilantro/cilantro/backends/k8s/kubernetes_manager.py", line 150, in local_state_update_loop
    added_deployments, removed_deployments = self.update_local_state()
  File "/cilantro/cilantro/backends/k8s/kubernetes_manager.py", line 86, in update_local_state
    deps = self.get_deployments()
  File "/cilantro/cilantro/backends/k8s/kubernetes_manager.py", line 98, in get_deployments
    deps = self.appsapi.list_namespaced_deployment(namespace=self.namespace)
  File "/usr/local/lib/python3.7/site-packages/kubernetes/client/api/apps_v1_api.py", line 3269, in list_namespaced_deployment
    return self.list_namespaced_deployment_with_http_info(namespace, **kwargs)  # noqa: E501
  File "/usr/local/lib/python3.7/site-packages/kubernetes/client/api/apps_v1_api.py", line 3394, in list_namespaced_deployment_with_http_info
    collection_formats=collection_formats)
  File "/usr/local/lib/python3.7/site-packages/kubernetes/client/api_client.py", line 353, in call_api
    _preload_content, _request_timeout, _host)
  File "/usr/local/lib/python3.7/site-packages/kubernetes/client/api_client.py", line 184, in __call_api
    _request_timeout=_request_timeout)
  File "/usr/local/lib/python3.7/site-packages/kubernetes/client/api_client.py", line 377, in request
    headers=headers)
  File "/usr/local/lib/python3.7/site-packages/kubernetes/client/rest.py", line 243, in GET
    query_params=query_params)
  File "/usr/local/lib/python3.7/site-packages/kubernetes/client/rest.py", line 233, in request
    raise ApiException(http_resp=r)
kubernetes.client.exceptions.ApiException: (500)
Reason: Internal Server Error
HTTP response headers: HTTPHeaderDict({'Cache-Control': 'no-cache, private', 'Content-Type': 'application/json', 'X-Kubernetes-Pf-Flowschema-Uid': '584f0214-d746-4402-aeb4-213d8e42de56', 'X-Kubernetes-Pf-Prioritylevel-Uid': 'a763292c-7b40-45ff-b609-d337c67ad549', 'Date': 'Wed, 24 May 2023 03:45:55 GMT', 'Content-Length': '122'})
HTTP response body: {"kind":"Status","apiVersion":"v1","metadata":{},"status":"Failure","message":"etcdserver: request timed out","code":500}


05-24 03:47:31 | INFO   | cilantro.policies.minerva                || Using entitlements 1.0000, [0.0013289087582518562, 0.0013289087582518562, 0.0013289087582518562, 0.0013289087582518562, 0.0013289087582518562, 0.0013289087582518562, 0.0013289087582518562, 0.0013289087582518562, 0.0013289087582518562, 0.0013289087582518562, 0.12367948043372358, 0.12367948043372358, 0.13835286326072405, 0.13835286326072405, 0.15288649958461017, 0.15288649958461017, 0.15288649958461017, 0.0013289087582518562, 0.0013289087582518562, 0.0013289087582518562]
05-24 03:48:39 | INFO   | cilantro.core.performance_recorder       || Returning zeros since len(data_batches)=20, leaf_data_lengths: {'root--db0j1': 0, 'root--db0j2': 0, 'root--db0j3': 0, 'root--db1j1': 0, 'root--db1j2': 0, 'root--db1j3': 0, 'root--db1j4': 0, 'root--db1j5': 0, 'root--db1j6': 0, 'root--db1j7': 0, 'root--mltj1': 0, 'root--mltj2': 0, 'root--mltj3': 0, 'root--mltj4': 0, 'root--mltj5': 0, 'root--mltj6': 0, 'root--mltj7': 0, 'root--prsj1': 0, 'root--prsj2': 0, 'root--prsj3': 0}
05-24 03:48:39 | INFO   | cilantro.core.performance_recorder       || 
minerva (0.0):: res-loss=0.000, fair_viol:(sum=0.000, max=0.000, mean=0.000), util_welf=0.000, egal_welf=0.000, avg_rew=0.000,  cost=0.000
    - root--db0j1: util=0.000, rew=0.000 alloc=0.000, load=0.000, ud=0.312, time=0.000, root--db0j2: util=0.000, rew=0.000 alloc=0.000, load=0.000, ud=0.312, time=0.000, root--db0j3: util=0.000, rew=0.000 alloc=0.000, load=0.000, ud=0.320, time=0.000, root--db1j1: util=0.000, rew=0.000 alloc=0.000, load=0.000, ud=2.146, time=0.000, root--db1j2: util=0.000, rew=0.000 alloc=0.000, load=0.000, ud=2.146, time=0.000, root--db1j3: util=0.000, rew=0.000 alloc=0.000, load=0.000, ud=3.463, time=0.000, root--db1j4: util=0.000, rew=0.000 alloc=0.000, load=0.000, ud=3.463, time=0.000, root--db1j5: util=0.000, rew=0.000 alloc=0.000, load=0.000, ud=3.463, time=0.000, root--db1j6: util=0.000, rew=0.000 alloc=0.000, load=0.000, ud=3.868, time=0.000, root--db1j7: util=0.000, rew=0.000 alloc=0.000, load=0.000, ud=3.868, time=0.000, root--mltj1: util=0.000, rew=0.000 alloc=0.000, load=0.000, ud=99.887, time=0.000, root--mltj2: util=0.000, rew=0.000 alloc=0.000, load=0.000, ud=99.887, time=0.000, root--mltj3: util=0.000, rew=0.000 alloc=0.000, load=0.000, ud=119.934, time=0.000, root--mltj4: util=0.000, rew=0.000 alloc=0.000, load=0.000, ud=119.934, time=0.000, root--mltj5: util=0.000, rew=0.000 alloc=0.000, load=0.000, ud=150.000, time=0.000, root--mltj6: util=0.000, rew=0.000 alloc=0.000, load=0.000, ud=150.000, time=0.000, root--mltj7: util=0.000, rew=0.000 alloc=0.000, load=0.000, ud=150.000, time=0.000, root--prsj1: util=0.000, rew=0.000 alloc=0.000, load=0.000, ud=0.316, time=0.000, root--prsj2: util=0.000, rew=0.000 alloc=0.000, load=0.000, ud=0.316, time=0.000, root--prsj3: util=0.000, rew=0.000 alloc=0.000, load=0.000, ud=0.570, time=0.000
/usr/local/lib/python3.7/site-packages/statsmodels/tsa/statespace/sarimax.py:868: UserWarning: Too few observations to estimate starting parameters for ARMA and trend. All parameters except for variances will be set to zeros.
  ' zeros.' % warning_description)
/usr/local/lib/python3.7/site-packages/statsmodels/tsa/statespace/sarimax.py:966: UserWarning: Non-stationary starting autoregressive parameters found. Using zeros as starting parameters.
  warn('Non-stationary starting autoregressive parameters'
/usr/local/lib/python3.7/site-packages/statsmodels/tsa/statespace/sarimax.py:978: UserWarning: Non-invertible starting MA parameters found. Using zeros as starting parameters.
  warn('Non-invertible starting MA parameters found.'
05-24 03:50:11 | INFO   | cilantro.policies.minerva                || Using entitlements 1.0000, [0.0016517283424554345, 0.0018806692970685323, 0.0019306463643383042, 0.0018495789876917324, 0.0011198736933735044, 0.0011198736933735044, 0.0011198736933735044, 0.0011198736933735044, 0.0011198736933735044, 0.0011198736933735044, 0.1700506772551364, 0.1700506772551364, 0.2375848845996043, 0.020226045616586547, 0.31494007029064913, 0.024137878652010527, 0.04313136330957349, 0.001614692459271424, 0.001533318828594193, 0.0026985265816426816]
05-24 03:52:39 | INFO   | cilantro.core.performance_recorder       || Returning zeros since len(data_batches)=20, leaf_data_lengths: {'root--db0j1': 17, 'root--db0j2': 17, 'root--db0j3': 17, 'root--db1j1': 17, 'root--db1j2': 0, 'root--db1j3': 0, 'root--db1j4': 0, 'root--db1j5': 0, 'root--db1j6': 0, 'root--db1j7': 0, 'root--mltj1': 0, 'root--mltj2': 0, 'root--mltj3': 0, 'root--mltj4': 8, 'root--mltj5': 0, 'root--mltj6': 8, 'root--mltj7': 8, 'root--prsj1': 11, 'root--prsj2': 12, 'root--prsj3': 10}
05-24 03:52:39 | INFO   | cilantro.core.performance_recorder       || 
minerva (0.0):: res-loss=0.000, fair_viol:(sum=0.000, max=0.000, mean=0.000), util_welf=0.000, egal_welf=0.000, avg_rew=2.236,  cost=0.000
    - root--db0j1: util=0.183, rew=0.164 alloc=1.000, load=19.299, ud=0.312, time=230.838, root--db0j2: util=0.162, rew=0.146 alloc=1.000, load=19.216, ud=0.312, time=230.487, root--db0j3: util=0.162, rew=0.154 alloc=1.000, load=19.271, ud=0.320, time=220.848, root--db1j1: util=0.182, rew=0.164 alloc=1.000, load=39.728, ud=2.146, time=224.450, root--db1j2: util=0.000, rew=0.000 alloc=0.000, load=0.000, ud=2.146, time=0.000, root--db1j3: util=0.000, rew=0.000 alloc=0.000, load=0.000, ud=3.463, time=0.000, root--db1j4: util=0.000, rew=0.000 alloc=0.000, load=0.000, ud=3.463, time=0.000, root--db1j5: util=0.000, rew=0.000 alloc=0.000, load=0.000, ud=3.463, time=0.000, root--db1j6: util=0.000, rew=0.000 alloc=0.000, load=0.000, ud=3.868, time=0.000, root--db1j7: util=0.000, rew=0.000 alloc=0.000, load=0.000, ud=3.868, time=0.000, root--mltj1: util=0.000, rew=0.000 alloc=0.000, load=0.000, ud=99.887, time=0.000, root--mltj2: util=0.000, rew=0.000 alloc=0.000, load=0.000, ud=99.887, time=0.000, root--mltj3: util=0.000, rew=0.000 alloc=0.000, load=0.000, ud=119.934, time=0.000, root--mltj4: util=0.031, rew=13.912 alloc=1.291, load=1.000, ud=119.934, time=174.528, root--mltj5: util=0.000, rew=0.000 alloc=0.000, load=0.000, ud=150.000, time=0.000, root--mltj6: util=0.028, rew=13.930 alloc=1.278, load=1.000, ud=150.000, time=171.428, root--mltj7: util=0.031, rew=15.703 alloc=1.282, load=1.000, ud=150.000, time=153.983, root--prsj1: util=0.213, rew=0.192 alloc=1.000, load=40.211, ud=0.316, time=162.218, root--prsj2: util=0.204, rew=0.184 alloc=1.000, load=39.860, ud=0.316, time=174.835, root--prsj3: util=0.177, rew=0.169 alloc=1.000, load=40.172, ud=0.570, time=157.399
05-24 03:52:52 | INFO   | cilantro.policies.minerva                || Using entitlements 1.0000, [0.0015486573669560519, 0.001686034068676635, 0.0017296166842676115, 0.0015794547531228368, 0.0010779962504695797, 0.0010779962504695797, 0.0010779962504695797, 0.0010779962504695797, 0.0010779962504695797, 0.0010779962504695797, 0.15792703940097097, 0.15792703940097097, 0.2645390662517402, 0.003950559783155964, 0.38956324060000097, 0.004339459736730221, 0.004111473534142484, 0.00137200118488048, 0.0015233372955341259, 0.0017350424360327412]
05-24 03:55:31 | INFO   | cilantro.policies.minerva                || Using entitlements 1.0000, [0.0014563627821629133, 0.0016015032610145323, 0.0014246626533627087, 0.0014976140051954287, 0.001070008411075116, 0.001070008411075116, 0.001070008411075116, 0.001070008411075116, 0.001070008411075116, 0.001070008411075116, 0.1394932566506932, 0.1394932566506932, 0.25942200977657365, 0.0037382510706662937, 0.42964436522278315, 0.0038103594708235817, 0.00658351671614189, 0.0014367481770360029, 0.002353695604005726, 0.0016243474923969266]
05-24 03:56:40 | INFO   | cilantro.core.performance_recorder       || Returning zeros since len(data_batches)=20, leaf_data_lengths: {'root--db0j1': 18, 'root--db0j2': 18, 'root--db0j3': 17, 'root--db1j1': 17, 'root--db1j2': 0, 'root--db1j3': 0, 'root--db1j4': 0, 'root--db1j5': 0, 'root--db1j6': 0, 'root--db1j7': 0, 'root--mltj1': 0, 'root--mltj2': 0, 'root--mltj3': 0, 'root--mltj4': 10, 'root--mltj5': 0, 'root--mltj6': 13, 'root--mltj7': 10, 'root--prsj1': 16, 'root--prsj2': 14, 'root--prsj3': 15}
05-24 03:56:40 | INFO   | cilantro.core.performance_recorder       || 
minerva (0.0):: res-loss=0.000, fair_viol:(sum=0.000, max=0.000, mean=0.000), util_welf=0.000, egal_welf=0.000, avg_rew=2.133,  cost=0.000
    - root--db0j1: util=0.191, rew=0.172 alloc=1.000, load=18.645, ud=0.312, time=466.016, root--db0j2: util=0.165, rew=0.148 alloc=1.000, load=18.698, ud=0.312, time=473.182, root--db0j3: util=0.188, rew=0.178 alloc=1.000, load=18.777, ud=0.320, time=454.165, root--db1j1: util=0.201, rew=0.181 alloc=1.000, load=39.873, ud=2.146, time=453.875, root--db1j2: util=0.000, rew=0.000 alloc=0.000, load=0.000, ud=2.146, time=0.000, root--db1j3: util=0.000, rew=0.000 alloc=0.000, load=0.000, ud=3.463, time=0.000, root--db1j4: util=0.000, rew=0.000 alloc=0.000, load=0.000, ud=3.463, time=0.000, root--db1j5: util=0.000, rew=0.000 alloc=0.000, load=0.000, ud=3.463, time=0.000, root--db1j6: util=0.000, rew=0.000 alloc=0.000, load=0.000, ud=3.868, time=0.000, root--db1j7: util=0.000, rew=0.000 alloc=0.000, load=0.000, ud=3.868, time=0.000, root--mltj1: util=0.000, rew=0.000 alloc=0.000, load=0.000, ud=99.887, time=0.000, root--mltj2: util=0.000, rew=0.000 alloc=0.000, load=0.000, ud=99.887, time=0.000, root--mltj3: util=0.000, rew=0.000 alloc=0.000, load=0.000, ud=119.934, time=0.000, root--mltj4: util=0.028, rew=12.807 alloc=1.000, load=1.000, ud=119.934, time=405.021, root--mltj5: util=0.000, rew=0.000 alloc=0.000, load=0.000, ud=150.000, time=0.000, root--mltj6: util=0.031, rew=15.569 alloc=1.000, load=1.000, ud=150.000, time=417.435, root--mltj7: util=0.026, rew=13.094 alloc=1.000, load=1.000, ud=150.000, time=388.904, root--prsj1: util=0.204, rew=0.184 alloc=1.000, load=38.520, ud=0.316, time=405.653, root--prsj2: util=0.172, rew=0.155 alloc=1.000, load=38.491, ud=0.316, time=386.888, root--prsj3: util=0.180, rew=0.171 alloc=1.000, load=38.724, ud=0.570, time=392.858
05-24 03:58:11 | INFO   | cilantro.policies.minerva                || Using entitlements 1.0000, [0.0015038470137296108, 0.0015516238565507785, 0.0015488745434747353, 0.001466448456128303, 0.0010694820638385294, 0.0010694820638385294, 0.0010694820638385294, 0.0010694820638385294, 0.0010694820638385294, 0.0010694820638385294, 0.11540087207655012, 0.11540087207655012, 0.2571554200634015, 0.004004750333338817, 0.4825343016482771, 0.003849412596249657, 0.004560798745361121, 0.0014436098360586468, 0.0015719037457248715, 0.0015903726255735002]
05-24 04:00:40 | INFO   | cilantro.core.performance_recorder       || Returning zeros since len(data_batches)=20, leaf_data_lengths: {'root--db0j1': 18, 'root--db0j2': 17, 'root--db0j3': 19, 'root--db1j1': 17, 'root--db1j2': 0, 'root--db1j3': 0, 'root--db1j4': 0, 'root--db1j5': 0, 'root--db1j6': 0, 'root--db1j7': 0, 'root--mltj1': 0, 'root--mltj2': 0, 'root--mltj3': 0, 'root--mltj4': 11, 'root--mltj5': 0, 'root--mltj6': 11, 'root--mltj7': 11, 'root--prsj1': 15, 'root--prsj2': 15, 'root--prsj3': 15}
05-24 04:00:40 | INFO   | cilantro.core.performance_recorder       || 
minerva (0.0):: res-loss=0.000, fair_viol:(sum=0.000, max=0.000, mean=0.000), util_welf=0.000, egal_welf=0.000, avg_rew=2.089,  cost=0.000
    - root--db0j1: util=0.197, rew=0.177 alloc=1.000, load=18.611, ud=0.312, time=704.586, root--db0j2: util=0.177, rew=0.160 alloc=1.000, load=18.599, ud=0.312, time=699.433, root--db0j3: util=0.172, rew=0.163 alloc=1.000, load=18.556, ud=0.320, time=697.320, root--db1j1: util=0.175, rew=0.157 alloc=1.000, load=39.315, ud=2.146, time=687.474, root--db1j2: util=0.000, rew=0.000 alloc=0.000, load=0.000, ud=2.146, time=0.000, root--db1j3: util=0.000, rew=0.000 alloc=0.000, load=0.000, ud=3.463, time=0.000, root--db1j4: util=0.000, rew=0.000 alloc=0.000, load=0.000, ud=3.463, time=0.000, root--db1j5: util=0.000, rew=0.000 alloc=0.000, load=0.000, ud=3.463, time=0.000, root--db1j6: util=0.000, rew=0.000 alloc=0.000, load=0.000, ud=3.868, time=0.000, root--db1j7: util=0.000, rew=0.000 alloc=0.000, load=0.000, ud=3.868, time=0.000, root--mltj1: util=0.000, rew=0.000 alloc=0.000, load=0.000, ud=99.887, time=0.000, root--mltj2: util=0.000, rew=0.000 alloc=0.000, load=0.000, ud=99.887, time=0.000, root--mltj3: util=0.000, rew=0.000 alloc=0.000, load=0.000, ud=119.934, time=0.000, root--mltj4: util=0.029, rew=12.962 alloc=1.000, load=1.000, ud=119.934, time=654.992, root--mltj5: util=0.000, rew=0.000 alloc=0.000, load=0.000, ud=150.000, time=0.000, root--mltj6: util=0.028, rew=14.038 alloc=1.000, load=1.000, ud=150.000, time=652.366, root--mltj7: util=0.027, rew=13.605 alloc=1.000, load=1.000, ud=150.000, time=636.531, root--prsj1: util=0.185, rew=0.167 alloc=1.000, load=37.395, ud=0.316, time=639.431, root--prsj2: util=0.197, rew=0.177 alloc=1.000, load=37.367, ud=0.316, time=620.357, root--prsj3: util=0.180, rew=0.171 alloc=1.000, load=37.443, ud=0.570, time=635.255
05-24 04:00:51 | INFO   | cilantro.policies.minerva                || Using entitlements 1.0000, [0.001470459021490946, 0.0015200930217371678, 0.0014952197612412552, 0.0014693810276574756, 0.0010688485522706236, 0.0010688485522706236, 0.0010688485522706236, 0.0010688485522706236, 0.0010688485522706236, 0.0010688485522706236, 0.09154849766835442, 0.09154849766835442, 0.254427352538429, 0.003807710064356648, 0.5334520847605121, 0.003985552453242755, 0.004280280159532639, 0.0014826353971817239, 0.0015723917571343318, 0.0015267533871512681]
05-24 04:03:31 | INFO   | cilantro.policies.minerva                || Using entitlements 1.0000, [0.0014766924496742973, 0.0015149460072303588, 0.0014975749436050667, 0.0014538810826907709, 0.0010682048428306173, 0.0010682048428306173, 0.0010682048428306173, 0.0010682048428306173, 0.0010682048428306173, 0.0010682048428306173, 0.06817167268312882, 0.06817167268312882, 0.25165537029254087, 0.003623773242646083, 0.5830611999653553, 0.003803945996149927, 0.0044658211068979966, 0.0015139483317554007, 0.0015488457841643932, 0.0016314263740480218]
05-24 04:04:40 | INFO   | cilantro.core.performance_recorder       || Returning zeros since len(data_batches)=20, leaf_data_lengths: {'root--db0j1': 17, 'root--db0j2': 18, 'root--db0j3': 17, 'root--db1j1': 17, 'root--db1j2': 0, 'root--db1j3': 0, 'root--db1j4': 0, 'root--db1j5': 0, 'root--db1j6': 0, 'root--db1j7': 0, 'root--mltj1': 0, 'root--mltj2': 0, 'root--mltj3': 0, 'root--mltj4': 11, 'root--mltj5': 0, 'root--mltj6': 11, 'root--mltj7': 10, 'root--prsj1': 16, 'root--prsj2': 16, 'root--prsj3': 15}
05-24 04:04:40 | INFO   | cilantro.core.performance_recorder       || 
minerva (0.0):: res-loss=0.000, fair_viol:(sum=0.000, max=0.000, mean=0.000), util_welf=0.000, egal_welf=0.000, avg_rew=2.096,  cost=0.000
    - root--db0j1: util=0.169, rew=0.152 alloc=1.000, load=18.658, ud=0.312, time=932.802, root--db0j2: util=0.175, rew=0.158 alloc=1.000, load=18.600, ud=0.312, time=934.541, root--db0j3: util=0.165, rew=0.157 alloc=1.000, load=18.619, ud=0.320, time=925.744, root--db1j1: util=0.202, rew=0.181 alloc=1.000, load=39.068, ud=2.146, time=926.827, root--db1j2: util=0.000, rew=0.000 alloc=0.000, load=0.000, ud=2.146, time=0.000, root--db1j3: util=0.000, rew=0.000 alloc=0.000, load=0.000, ud=3.463, time=0.000, root--db1j4: util=0.000, rew=0.000 alloc=0.000, load=0.000, ud=3.463, time=0.000, root--db1j5: util=0.000, rew=0.000 alloc=0.000, load=0.000, ud=3.463, time=0.000, root--db1j6: util=0.000, rew=0.000 alloc=0.000, load=0.000, ud=3.868, time=0.000, root--db1j7: util=0.000, rew=0.000 alloc=0.000, load=0.000, ud=3.868, time=0.000, root--mltj1: util=0.000, rew=0.000 alloc=0.000, load=0.000, ud=99.887, time=0.000, root--mltj2: util=0.000, rew=0.000 alloc=0.000, load=0.000, ud=99.887, time=0.000, root--mltj3: util=0.000, rew=0.000 alloc=0.000, load=0.000, ud=119.934, time=0.000, root--mltj4: util=0.031, rew=13.844 alloc=1.000, load=1.000, ud=119.934, time=891.768, root--mltj5: util=0.000, rew=0.000 alloc=0.000, load=0.000, ud=150.000, time=0.000, root--mltj6: util=0.028, rew=13.962 alloc=1.000, load=1.000, ud=150.000, time=882.355, root--mltj7: util=0.026, rew=12.963 alloc=1.000, load=1.000, ud=150.000, time=867.183, root--prsj1: util=0.182, rew=0.164 alloc=1.000, load=38.016, ud=0.316, time=878.512, root--prsj2: util=0.183, rew=0.165 alloc=1.000, load=37.659, ud=0.316, time=853.316, root--prsj3: util=0.175, rew=0.166 alloc=1.000, load=37.693, ud=0.570, time=868.828
05-24 04:06:11 | INFO   | cilantro.policies.minerva                || Using entitlements 1.0000, [0.0015381407526311197, 0.0015264953659889333, 0.0015482213409040825, 0.0014596928750261959, 0.0010675718694184843, 0.0010675718694184843, 0.0010675718694184843, 0.0010675718694184843, 0.0010675718694184843, 0.0010675718694184843, 0.04529826770150392, 0.04529826770150392, 0.24892962020794507, 0.0035412376896148596, 0.6315617875295609, 0.003789912887672592, 0.004093689030025315, 0.001755113105029569, 0.0016285045077974953, 0.001625618088285134]
05-24 04:08:41 | INFO   | cilantro.core.performance_recorder       || Returning zeros since len(data_batches)=20, leaf_data_lengths: {'root--db0j1': 17, 'root--db0j2': 18, 'root--db0j3': 19, 'root--db1j1': 17, 'root--db1j2': 0, 'root--db1j3': 0, 'root--db1j4': 0, 'root--db1j5': 0, 'root--db1j6': 0, 'root--db1j7': 0, 'root--mltj1': 0, 'root--mltj2': 0, 'root--mltj3': 0, 'root--mltj4': 11, 'root--mltj5': 0, 'root--mltj6': 12, 'root--mltj7': 10, 'root--prsj1': 15, 'root--prsj2': 16, 'root--prsj3': 15}
05-24 04:08:41 | INFO   | cilantro.core.performance_recorder       || 
minerva (0.0):: res-loss=0.000, fair_viol:(sum=0.000, max=0.000, mean=0.000), util_welf=0.000, egal_welf=0.000, avg_rew=2.190,  cost=0.000
    - root--db0j1: util=0.181, rew=0.163 alloc=1.000, load=18.336, ud=0.312, time=1163.824, root--db0j2: util=0.199, rew=0.179 alloc=1.000, load=18.510, ud=0.312, time=1170.689, root--db0j3: util=0.153, rew=0.146 alloc=1.000, load=18.353, ud=0.320, time=1168.762, root--db1j1: util=0.188, rew=0.169 alloc=1.000, load=39.143, ud=2.146, time=1164.752, root--db1j2: util=0.000, rew=0.000 alloc=0.000, load=0.000, ud=2.146, time=0.000, root--db1j3: util=0.000, rew=0.000 alloc=0.000, load=0.000, ud=3.463, time=0.000, root--db1j4: util=0.000, rew=0.000 alloc=0.000, load=0.000, ud=3.463, time=0.000, root--db1j5: util=0.000, rew=0.000 alloc=0.000, load=0.000, ud=3.463, time=0.000, root--db1j6: util=0.000, rew=0.000 alloc=0.000, load=0.000, ud=3.868, time=0.000, root--db1j7: util=0.000, rew=0.000 alloc=0.000, load=0.000, ud=3.868, time=0.000, root--mltj1: util=0.000, rew=0.000 alloc=0.000, load=0.000, ud=99.887, time=0.000, root--mltj2: util=0.000, rew=0.000 alloc=0.000, load=0.000, ud=99.887, time=0.000, root--mltj3: util=0.000, rew=0.000 alloc=0.000, load=0.000, ud=119.934, time=0.000, root--mltj4: util=0.031, rew=13.881 alloc=1.000, load=1.000, ud=119.934, time=1127.055, root--mltj5: util=0.000, rew=0.000 alloc=0.000, load=0.000, ud=150.000, time=0.000, root--mltj6: util=0.031, rew=15.518 alloc=1.000, load=1.000, ud=150.000, time=1115.054, root--mltj7: util=0.026, rew=13.241 alloc=1.000, load=1.000, ud=150.000, time=1100.775, root--prsj1: util=0.191, rew=0.172 alloc=1.000, load=37.631, ud=0.316, time=1098.887, root--prsj2: util=0.176, rew=0.159 alloc=1.000, load=37.332, ud=0.316, time=1096.783, root--prsj3: util=0.178, rew=0.169 alloc=1.000, load=37.386, ud=0.570, time=1101.483
05-24 04:08:51 | INFO   | cilantro.policies.minerva                || Using entitlements 1.0000, [0.0015334861627729725, 0.0014657225831727105, 0.0016024056049627504, 0.001458077397936893, 0.0010684215681856534, 0.0010684215681856534, 0.0010684215681856534, 0.0010684215681856534, 0.0010684215681856534, 0.0010684215681856534, 0.02348208090095078, 0.02348208090095078, 0.22743103361001427, 0.0035034020984949176, 0.6965076413324548, 0.004136998868097663, 0.0041463819986934745, 0.001518149566851755, 0.0016479702047540298, 0.0016740393607783126]
05-24 04:11:31 | INFO   | cilantro.policies.minerva                || Using entitlements 1.0000, [0.0014743448220719477, 0.0014422155174413148, 0.0015363222636322342, 0.0014316424971204482, 0.0010653687714611629, 0.0010653687714611629, 0.0010653687714611629, 0.0010653687714611629, 0.0010653687714611629, 0.0010653687714611629, 0.022307810899349575, 0.022307810899349575, 0.2155994890071053, 0.0028431038195858606, 0.7128968411088291, 0.003944330617868936, 0.003183383240931591, 0.001461833990105947, 0.0016209271659746419, 0.0015577315218666525]
05-24 04:12:41 | INFO   | cilantro.core.performance_recorder       || Returning zeros since len(data_batches)=20, leaf_data_lengths: {'root--db0j1': 18, 'root--db0j2': 18, 'root--db0j3': 18, 'root--db1j1': 16, 'root--db1j2': 0, 'root--db1j3': 0, 'root--db1j4': 0, 'root--db1j5': 0, 'root--db1j6': 0, 'root--db1j7': 0, 'root--mltj1': 0, 'root--mltj2': 0, 'root--mltj3': 0, 'root--mltj4': 12, 'root--mltj5': 0, 'root--mltj6': 11, 'root--mltj7': 12, 'root--prsj1': 16, 'root--prsj2': 15, 'root--prsj3': 15}
05-24 04:12:41 | INFO   | cilantro.core.performance_recorder       || 
minerva (0.0):: res-loss=0.000, fair_viol:(sum=0.000, max=0.000, mean=0.000), util_welf=0.000, egal_welf=0.000, avg_rew=2.240,  cost=0.000
    - root--db0j1: util=0.192, rew=0.173 alloc=1.000, load=17.928, ud=0.312, time=1409.699, root--db0j2: util=0.178, rew=0.160 alloc=1.000, load=17.918, ud=0.312, time=1415.136, root--db0j3: util=0.171, rew=0.162 alloc=1.000, load=17.906, ud=0.320, time=1407.727, root--db1j1: util=0.180, rew=0.162 alloc=1.000, load=37.825, ud=2.146, time=1389.442, root--db1j2: util=0.000, rew=0.000 alloc=0.000, load=0.000, ud=2.146, time=0.000, root--db1j3: util=0.000, rew=0.000 alloc=0.000, load=0.000, ud=3.463, time=0.000, root--db1j4: util=0.000, rew=0.000 alloc=0.000, load=0.000, ud=3.463, time=0.000, root--db1j5: util=0.000, rew=0.000 alloc=0.000, load=0.000, ud=3.463, time=0.000, root--db1j6: util=0.000, rew=0.000 alloc=0.000, load=0.000, ud=3.868, time=0.000, root--db1j7: util=0.000, rew=0.000 alloc=0.000, load=0.000, ud=3.868, time=0.000, root--mltj1: util=0.000, rew=0.000 alloc=0.000, load=0.000, ud=99.887, time=0.000, root--mltj2: util=0.000, rew=0.000 alloc=0.000, load=0.000, ud=99.887, time=0.000, root--mltj3: util=0.000, rew=0.000 alloc=0.000, load=0.000, ud=119.934, time=0.000, root--mltj4: util=0.034, rew=15.330 alloc=1.000, load=1.000, ud=119.934, time=1359.155, root--mltj5: util=0.000, rew=0.000 alloc=0.000, load=0.000, ud=150.000, time=0.000, root--mltj6: util=0.027, rew=13.303 alloc=1.000, load=1.000, ud=150.000, time=1358.678, root--mltj7: util=0.030, rew=14.967 alloc=1.000, load=1.000, ud=150.000, time=1346.454, root--prsj1: util=0.197, rew=0.177 alloc=1.000, load=36.337, ud=0.316, time=1342.057, root--prsj2: util=0.197, rew=0.178 alloc=1.000, load=36.192, ud=0.316, time=1322.355, root--prsj3: util=0.203, rew=0.193 alloc=1.000, load=36.038, ud=0.570, time=1341.229
05-24 04:14:11 | INFO   | cilantro.policies.minerva                || Using entitlements 1.0000, [0.0014751514725830982, 0.0014595845107770256, 0.0015038192490634365, 0.0014978223591038335, 0.0010652019798792914, 0.0010652019798792914, 0.0010652019798792914, 0.0010652019798792914, 0.0010652019798792914, 0.0010652019798792914, 0.02224365387587667, 0.02224365387587667, 0.1911818771813815, 0.0031912245317038722, 0.7370390270562606, 0.003996345095746675, 0.0032435760288669316, 0.0014592347492379493, 0.0015842122695712245, 0.0014896058646747948]
05-24 04:16:42 | INFO   | cilantro.core.performance_recorder       || Returning zeros since len(data_batches)=20, leaf_data_lengths: {'root--db0j1': 17, 'root--db0j2': 17, 'root--db0j3': 17, 'root--db1j1': 17, 'root--db1j2': 0, 'root--db1j3': 0, 'root--db1j4': 0, 'root--db1j5': 0, 'root--db1j6': 0, 'root--db1j7': 0, 'root--mltj1': 0, 'root--mltj2': 0, 'root--mltj3': 0, 'root--mltj4': 12, 'root--mltj5': 0, 'root--mltj6': 10, 'root--mltj7': 11, 'root--prsj1': 15, 'root--prsj2': 16, 'root--prsj3': 15}
05-24 04:16:42 | INFO   | cilantro.core.performance_recorder       || 
minerva (0.0):: res-loss=0.000, fair_viol:(sum=0.000, max=0.000, mean=0.000), util_welf=0.000, egal_welf=0.000, avg_rew=2.231,  cost=0.000
    - root--db0j1: util=0.179, rew=0.161 alloc=1.000, load=18.672, ud=0.312, time=1641.485, root--db0j2: util=0.179, rew=0.161 alloc=1.000, load=18.732, ud=0.312, time=1641.170, root--db0j3: util=0.170, rew=0.162 alloc=1.000, load=18.766, ud=0.320, time=1633.079, root--db1j1: util=0.169, rew=0.152 alloc=1.000, load=38.496, ud=2.146, time=1623.649, root--db1j2: util=0.000, rew=0.000 alloc=0.000, load=0.000, ud=2.146, time=0.000, root--db1j3: util=0.000, rew=0.000 alloc=0.000, load=0.000, ud=3.463, time=0.000, root--db1j4: util=0.000, rew=0.000 alloc=0.000, load=0.000, ud=3.463, time=0.000, root--db1j5: util=0.000, rew=0.000 alloc=0.000, load=0.000, ud=3.463, time=0.000, root--db1j6: util=0.000, rew=0.000 alloc=0.000, load=0.000, ud=3.868, time=0.000, root--db1j7: util=0.000, rew=0.000 alloc=0.000, load=0.000, ud=3.868, time=0.000, root--mltj1: util=0.000, rew=0.000 alloc=0.000, load=0.000, ud=99.887, time=0.000, root--mltj2: util=0.000, rew=0.000 alloc=0.000, load=0.000, ud=99.887, time=0.000, root--mltj3: util=0.000, rew=0.000 alloc=0.000, load=0.000, ud=119.934, time=0.000, root--mltj4: util=0.035, rew=15.665 alloc=1.000, load=1.000, ud=119.934, time=1588.516, root--mltj5: util=0.000, rew=0.000 alloc=0.000, load=0.000, ud=150.000, time=0.000, root--mltj6: util=0.027, rew=13.330 alloc=1.000, load=1.000, ud=150.000, time=1583.508, root--mltj7: util=0.029, rew=14.446 alloc=1.000, load=1.000, ud=150.000, time=1579.254, root--prsj1: util=0.208, rew=0.188 alloc=1.000, load=36.563, ud=0.316, time=1575.052, root--prsj2: util=0.176, rew=0.159 alloc=1.000, load=36.462, ud=0.316, time=1562.410, root--prsj3: util=0.204, rew=0.193 alloc=1.000, load=36.854, ud=0.570, time=1568.420
05-24 04:16:51 | INFO   | cilantro.policies.minerva                || Using entitlements 1.0000, [0.0014738099684423415, 0.0014581119387346998, 0.0014807037430462147, 0.0014885067527680013, 0.001065021504404983, 0.001065021504404983, 0.001065021504404983, 0.001065021504404983, 0.001065021504404983, 0.001065021504404983, 0.022174233290547487, 0.022174233290547487, 0.1668666649219087, 0.0033275920494143588, 0.7608333951880697, 0.00399278742746575, 0.003832080632441864, 0.001449695844134533, 0.0016061479352356793, 0.0014519079908132196]
05-24 04:19:32 | INFO   | cilantro.policies.minerva                || Using entitlements 1.0000, [0.0014913487083473968, 0.0014838749881153424, 0.001524261707852398, 0.0014901176193012136, 0.0010648904691381933, 0.0010648904691381933, 0.0010648904691381933, 0.0010648904691381933, 0.0010648904691381933, 0.0010648904691381933, 0.02212383007119507, 0.02212383007119507, 0.14283462846338116, 0.0034611978921823693, 0.7851621729489117, 0.003966576531441307, 0.0034358036119136637, 0.0014703947856242682, 0.0016127017884991425, 0.0014299179972108512]
05-24 04:20:42 | INFO   | cilantro.core.performance_recorder       || Returning zeros since len(data_batches)=20, leaf_data_lengths: {'root--db0j1': 18, 'root--db0j2': 18, 'root--db0j3': 18, 'root--db1j1': 17, 'root--db1j2': 0, 'root--db1j3': 0, 'root--db1j4': 0, 'root--db1j5': 0, 'root--db1j6': 0, 'root--db1j7': 0, 'root--mltj1': 0, 'root--mltj2': 0, 'root--mltj3': 0, 'root--mltj4': 12, 'root--mltj5': 0, 'root--mltj6': 12, 'root--mltj7': 12, 'root--prsj1': 15, 'root--prsj2': 16, 'root--prsj3': 15}
05-24 04:20:42 | INFO   | cilantro.core.performance_recorder       || 
minerva (0.0):: res-loss=0.000, fair_viol:(sum=0.000, max=0.000, mean=0.000), util_welf=0.000, egal_welf=0.000, avg_rew=2.231,  cost=0.000
    - root--db0j1: util=0.171, rew=0.154 alloc=1.000, load=19.417, ud=0.312, time=1882.153, root--db0j2: util=0.180, rew=0.162 alloc=1.000, load=19.657, ud=0.312, time=1878.190, root--db0j3: util=0.169, rew=0.161 alloc=1.000, load=19.493, ud=0.320, time=1870.597, root--db1j1: util=0.181, rew=0.163 alloc=1.000, load=41.206, ud=2.146, time=1853.570, root--db1j2: util=0.000, rew=0.000 alloc=0.000, load=0.000, ud=2.146, time=0.000, root--db1j3: util=0.000, rew=0.000 alloc=0.000, load=0.000, ud=3.463, time=0.000, root--db1j4: util=0.000, rew=0.000 alloc=0.000, load=0.000, ud=3.463, time=0.000, root--db1j5: util=0.000, rew=0.000 alloc=0.000, load=0.000, ud=3.463, time=0.000, root--db1j6: util=0.000, rew=0.000 alloc=0.000, load=0.000, ud=3.868, time=0.000, root--db1j7: util=0.000, rew=0.000 alloc=0.000, load=0.000, ud=3.868, time=0.000, root--mltj1: util=0.000, rew=0.000 alloc=0.000, load=0.000, ud=99.887, time=0.000, root--mltj2: util=0.000, rew=0.000 alloc=0.000, load=0.000, ud=99.887, time=0.000, root--mltj3: util=0.000, rew=0.000 alloc=0.000, load=0.000, ud=119.934, time=0.000, root--mltj4: util=0.032, rew=14.416 alloc=1.000, load=1.000, ud=119.934, time=1833.167, root--mltj5: util=0.000, rew=0.000 alloc=0.000, load=0.000, ud=150.000, time=0.000, root--mltj6: util=0.029, rew=14.318 alloc=1.000, load=1.000, ud=150.000, time=1833.050, root--mltj7: util=0.029, rew=14.717 alloc=1.000, load=1.000, ud=150.000, time=1826.118, root--prsj1: util=0.183, rew=0.165 alloc=1.000, load=38.019, ud=0.316, time=1807.619, root--prsj2: util=0.185, rew=0.166 alloc=1.000, load=37.771, ud=0.316, time=1793.936, root--prsj3: util=0.202, rew=0.192 alloc=1.000, load=37.867, ud=0.570, time=1795.082
05-24 04:22:11 | INFO   | cilantro.policies.minerva                || Using entitlements 1.0000, [0.0015171709192437538, 0.0014693748358834855, 0.0015050492496444764, 0.0014593205411653689, 0.0010647528183424185, 0.0010647528183424185, 0.0010647528183424185, 0.0010647528183424185, 0.0010647528183424185, 0.0010647528183424185, 0.02207088216317413, 0.02207088216317413, 0.11890120109786315, 0.0033685525601007326, 0.8092684970937177, 0.003876638833164334, 0.0035617970077283937, 0.001491923067434222, 0.0016034816019401296, 0.0014467119557112357]
05-24 04:24:42 | INFO   | cilantro.core.performance_recorder       || Returning zeros since len(data_batches)=20, leaf_data_lengths: {'root--db0j1': 18, 'root--db0j2': 18, 'root--db0j3': 17, 'root--db1j1': 17, 'root--db1j2': 0, 'root--db1j3': 0, 'root--db1j4': 0, 'root--db1j5': 0, 'root--db1j6': 0, 'root--db1j7': 0, 'root--mltj1': 0, 'root--mltj2': 0, 'root--mltj3': 0, 'root--mltj4': 12, 'root--mltj5': 0, 'root--mltj6': 11, 'root--mltj7': 12, 'root--prsj1': 15, 'root--prsj2': 15, 'root--prsj3': 15}
05-24 04:24:42 | INFO   | cilantro.core.performance_recorder       || 
minerva (0.0):: res-loss=0.000, fair_viol:(sum=0.000, max=0.000, mean=0.000), util_welf=0.000, egal_welf=0.000, avg_rew=2.278,  cost=0.000
    - root--db0j1: util=0.156, rew=0.140 alloc=1.000, load=18.810, ud=0.312, time=2116.767, root--db0j2: util=0.178, rew=0.161 alloc=1.000, load=18.858, ud=0.312, time=2114.377, root--db0j3: util=0.169, rew=0.161 alloc=1.000, load=18.936, ud=0.320, time=2102.696, root--db1j1: util=0.173, rew=0.156 alloc=1.000, load=40.258, ud=2.146, time=2086.342, root--db1j2: util=0.000, rew=0.000 alloc=0.000, load=0.000, ud=2.146, time=0.000, root--db1j3: util=0.000, rew=0.000 alloc=0.000, load=0.000, ud=3.463, time=0.000, root--db1j4: util=0.000, rew=0.000 alloc=0.000, load=0.000, ud=3.463, time=0.000, root--db1j5: util=0.000, rew=0.000 alloc=0.000, load=0.000, ud=3.463, time=0.000, root--db1j6: util=0.000, rew=0.000 alloc=0.000, load=0.000, ud=3.868, time=0.000, root--db1j7: util=0.000, rew=0.000 alloc=0.000, load=0.000, ud=3.868, time=0.000, root--mltj1: util=0.000, rew=0.000 alloc=0.000, load=0.000, ud=99.887, time=0.000, root--mltj2: util=0.000, rew=0.000 alloc=0.000, load=0.000, ud=99.887, time=0.000, root--mltj3: util=0.000, rew=0.000 alloc=0.000, load=0.000, ud=119.934, time=0.000, root--mltj4: util=0.033, rew=15.017 alloc=1.000, load=1.000, ud=119.934, time=2065.176, root--mltj5: util=0.000, rew=0.000 alloc=0.000, load=0.000, ud=150.000, time=0.000, root--mltj6: util=0.028, rew=14.126 alloc=1.000, load=1.000, ud=150.000, time=2062.561, root--mltj7: util=0.031, rew=15.276 alloc=1.000, load=1.000, ud=150.000, time=2067.405, root--prsj1: util=0.178, rew=0.160 alloc=1.000, load=38.936, ud=0.316, time=2038.252, root--prsj2: util=0.192, rew=0.172 alloc=1.000, load=38.956, ud=0.316, time=2027.018, root--prsj3: util=0.193, rew=0.183 alloc=1.000, load=39.571, ud=0.570, time=2026.790
05-24 04:24:52 | INFO   | cilantro.policies.minerva                || Using entitlements 1.0000, [0.0015469316083379816, 0.001467027515330267, 0.00148363850486268, 0.0014960160657675478, 0.0010646085229725983, 0.0010646085229725983, 0.0010646085229725983, 0.0010646085229725983, 0.0010646085229725983, 0.0010646085229725983, 0.022015378394190543, 0.022015378394190543, 0.09507487917149324, 0.003379915894063383, 0.8331424742740182, 0.0038722213517666496, 0.003602628142392095, 0.0014911626623523428, 0.0015962345680096994, 0.0014284623153892517]
05-24 04:27:32 | INFO   | cilantro.policies.minerva                || Using entitlements 1.0000, [0.001498031618686793, 0.0014663255605479799, 0.0015082559926085479, 0.0014593437698797065, 0.0010644674912824504, 0.0010644674912824504, 0.0010644674912824504, 0.0010644674912824504, 0.0010644674912824504, 0.0010644674912824504, 0.021961130012145613, 0.021961130012145613, 0.07137704714680926, 0.003382964036640532, 0.8569303138428521, 0.0038098115043567592, 0.0037628688398995127, 0.001490499211182449, 0.0015643853508151096, 0.0014410881537351697]
05-24 04:28:43 | INFO   | cilantro.core.performance_recorder       || Returning zeros since len(data_batches)=20, leaf_data_lengths: {'root--db0j1': 18, 'root--db0j2': 18, 'root--db0j3': 18, 'root--db1j1': 17, 'root--db1j2': 0, 'root--db1j3': 0, 'root--db1j4': 0, 'root--db1j5': 0, 'root--db1j6': 0, 'root--db1j7': 0, 'root--mltj1': 0, 'root--mltj2': 0, 'root--mltj3': 0, 'root--mltj4': 12, 'root--mltj5': 0, 'root--mltj6': 12, 'root--mltj7': 11, 'root--prsj1': 15, 'root--prsj2': 16, 'root--prsj3': 15}
05-24 04:28:43 | INFO   | cilantro.core.performance_recorder       || 
minerva (0.0):: res-loss=0.000, fair_viol:(sum=0.000, max=0.000, mean=0.000), util_welf=0.000, egal_welf=0.000, avg_rew=2.281,  cost=0.000
    - root--db0j1: util=0.190, rew=0.171 alloc=1.000, load=18.835, ud=0.312, time=2353.776, root--db0j2: util=0.168, rew=0.151 alloc=1.000, load=18.722, ud=0.312, time=2347.844, root--db0j3: util=0.164, rew=0.156 alloc=1.000, load=18.599, ud=0.320, time=2340.883, root--db1j1: util=0.189, rew=0.170 alloc=1.000, load=39.406, ud=2.146, time=2319.300, root--db1j2: util=0.000, rew=0.000 alloc=0.000, load=0.000, ud=2.146, time=0.000, root--db1j3: util=0.000, rew=0.000 alloc=0.000, load=0.000, ud=3.463, time=0.000, root--db1j4: util=0.000, rew=0.000 alloc=0.000, load=0.000, ud=3.463, time=0.000, root--db1j5: util=0.000, rew=0.000 alloc=0.000, load=0.000, ud=3.463, time=0.000, root--db1j6: util=0.000, rew=0.000 alloc=0.000, load=0.000, ud=3.868, time=0.000, root--db1j7: util=0.000, rew=0.000 alloc=0.000, load=0.000, ud=3.868, time=0.000, root--mltj1: util=0.000, rew=0.000 alloc=0.000, load=0.000, ud=99.887, time=0.000, root--mltj2: util=0.000, rew=0.000 alloc=0.000, load=0.000, ud=99.887, time=0.000, root--mltj3: util=0.000, rew=0.000 alloc=0.000, load=0.000, ud=119.934, time=0.000, root--mltj4: util=0.033, rew=14.850 alloc=1.000, load=1.000, ud=119.934, time=2305.102, root--mltj5: util=0.000, rew=0.000 alloc=0.000, load=0.000, ud=150.000, time=0.000, root--mltj6: util=0.030, rew=14.984 alloc=1.000, load=1.000, ud=150.000, time=2303.552, root--mltj7: util=0.029, rew=14.604 alloc=1.000, load=1.000, ud=150.000, time=2293.913, root--prsj1: util=0.197, rew=0.178 alloc=1.000, load=37.678, ud=0.316, time=2270.246, root--prsj2: util=0.186, rew=0.168 alloc=1.000, load=37.654, ud=0.316, time=2261.680, root--prsj3: util=0.192, rew=0.183 alloc=1.000, load=37.549, ud=0.570, time=2264.349
05-24 04:30:11 | INFO   | cilantro.policies.minerva                || Using entitlements 1.0000, [0.0014854818070262061, 0.0014796709724984277, 0.0014761530593503248, 0.001459996393191214, 0.0010643265015510095, 0.0010643265015510095, 0.0010643265015510095, 0.0010643265015510095, 0.0010643265015510095, 0.0010643265015510095, 0.021906897769678645, 0.021906897769678645, 0.04780071396026626, 0.0034034372158992946, 0.8805845168497495, 0.0038773609182934307, 0.0036483110084374157, 0.0015804563081946456, 0.0015794866304147854, 0.0014246603280152305]
05-24 04:32:43 | INFO   | cilantro.core.performance_recorder       || Returning zeros since len(data_batches)=20, leaf_data_lengths: {'root--db0j1': 17, 'root--db0j2': 18, 'root--db0j3': 18, 'root--db1j1': 18, 'root--db1j2': 0, 'root--db1j3': 0, 'root--db1j4': 0, 'root--db1j5': 0, 'root--db1j6': 0, 'root--db1j7': 0, 'root--mltj1': 0, 'root--mltj2': 0, 'root--mltj3': 0, 'root--mltj4': 12, 'root--mltj5': 0, 'root--mltj6': 11, 'root--mltj7': 11, 'root--prsj1': 16, 'root--prsj2': 16, 'root--prsj3': 15}
05-24 04:32:43 | INFO   | cilantro.core.performance_recorder       || 
minerva (0.0):: res-loss=0.000, fair_viol:(sum=0.000, max=0.000, mean=0.000), util_welf=0.000, egal_welf=0.000, avg_rew=2.223,  cost=0.000
    - root--db0j1: util=0.170, rew=0.153 alloc=1.000, load=21.130, ud=0.312, time=2585.952, root--db0j2: util=0.194, rew=0.175 alloc=1.000, load=21.012, ud=0.312, time=2584.330, root--db0j3: util=0.184, rew=0.175 alloc=1.000, load=20.896, ud=0.320, time=2572.269, root--db1j1: util=0.180, rew=0.162 alloc=1.000, load=42.694, ud=2.146, time=2564.112, root--db1j2: util=0.000, rew=0.000 alloc=0.000, load=0.000, ud=2.146, time=0.000, root--db1j3: util=0.000, rew=0.000 alloc=0.000, load=0.000, ud=3.463, time=0.000, root--db1j4: util=0.000, rew=0.000 alloc=0.000, load=0.000, ud=3.463, time=0.000, root--db1j5: util=0.000, rew=0.000 alloc=0.000, load=0.000, ud=3.463, time=0.000, root--db1j6: util=0.000, rew=0.000 alloc=0.000, load=0.000, ud=3.868, time=0.000, root--db1j7: util=0.000, rew=0.000 alloc=0.000, load=0.000, ud=3.868, time=0.000, root--mltj1: util=0.000, rew=0.000 alloc=0.000, load=0.000, ud=99.887, time=0.000, root--mltj2: util=0.000, rew=0.000 alloc=0.000, load=0.000, ud=99.887, time=0.000, root--mltj3: util=0.000, rew=0.000 alloc=0.000, load=0.000, ud=119.934, time=0.000, root--mltj4: util=0.033, rew=14.871 alloc=1.000, load=1.000, ud=119.934, time=2544.096, root--mltj5: util=0.000, rew=0.000 alloc=0.000, load=0.000, ud=150.000, time=0.000, root--mltj6: util=0.028, rew=13.932 alloc=1.000, load=1.000, ud=150.000, time=2536.394, root--mltj7: util=0.029, rew=14.437 alloc=1.000, load=1.000, ud=150.000, time=2527.960, root--prsj1: util=0.193, rew=0.173 alloc=1.000, load=38.217, ud=0.316, time=2515.192, root--prsj2: util=0.206, rew=0.186 alloc=1.000, load=38.025, ud=0.316, time=2499.841, root--prsj3: util=0.203, rew=0.193 alloc=1.000, load=38.106, ud=0.570, time=2501.634
05-24 04:32:51 | INFO   | cilantro.policies.minerva                || Using entitlements 1.0000, [0.0015022386805508099, 0.001434151680287536, 0.0014998838622616128, 0.001445010190122743, 0.0010642021096102375, 0.0010642021096102375, 0.0010642021096102375, 0.0010642021096102375, 0.0010642021096102375, 0.0010642021096102375, 0.02185904993123019, 0.02185904993123019, 0.02435295542539648, 0.0033086910200566975, 0.9043810745567964, 0.003848207814870043, 0.0036591580849328043, 0.0015013092434358164, 0.001559548603257552, 0.0014044583179097193]
05-24 04:35:31 | INFO   | cilantro.policies.minerva                || Using entitlements 1.0000, [0.0014757916668366366, 0.001435880174667675, 0.0014580767089509216, 0.0014386532619910348, 0.001062809341470138, 0.001062809341470138, 0.001062809341470138, 0.001062809341470138, 0.001062809341470138, 0.001062809341470138, 0.02132331630934041, 0.02132331630934041, 0.023753138834381127, 0.0031498083151541303, 0.9063155113614841, 0.0037624386037818907, 0.0037487496083357997, 0.0014940293126316337, 0.0015341543607355654, 0.0014102791235475823]
05-24 04:36:44 | INFO   | cilantro.core.performance_recorder       || Returning zeros since len(data_batches)=20, leaf_data_lengths: {'root--db0j1': 18, 'root--db0j2': 18, 'root--db0j3': 19, 'root--db1j1': 17, 'root--db1j2': 0, 'root--db1j3': 0, 'root--db1j4': 0, 'root--db1j5': 0, 'root--db1j6': 0, 'root--db1j7': 0, 'root--mltj1': 0, 'root--mltj2': 0, 'root--mltj3': 0, 'root--mltj4': 13, 'root--mltj5': 0, 'root--mltj6': 11, 'root--mltj7': 12, 'root--prsj1': 15, 'root--prsj2': 16, 'root--prsj3': 16}
05-24 04:36:44 | INFO   | cilantro.core.performance_recorder       || 
minerva (0.0):: res-loss=0.000, fair_viol:(sum=0.000, max=0.000, mean=0.000), util_welf=0.000, egal_welf=0.000, avg_rew=2.240,  cost=0.000
    - root--db0j1: util=0.189, rew=0.170 alloc=1.000, load=21.175, ud=0.312, time=2821.037, root--db0j2: util=0.178, rew=0.161 alloc=1.000, load=21.141, ud=0.312, time=2815.774, root--db0j3: util=0.160, rew=0.152 alloc=1.000, load=21.172, ud=0.320, time=2815.095, root--db1j1: util=0.189, rew=0.170 alloc=1.000, load=44.997, ud=2.146, time=2792.417, root--db1j2: util=0.000, rew=0.000 alloc=0.000, load=0.000, ud=2.146, time=0.000, root--db1j3: util=0.000, rew=0.000 alloc=0.000, load=0.000, ud=3.463, time=0.000, root--db1j4: util=0.000, rew=0.000 alloc=0.000, load=0.000, ud=3.463, time=0.000, root--db1j5: util=0.000, rew=0.000 alloc=0.000, load=0.000, ud=3.463, time=0.000, root--db1j6: util=0.000, rew=0.000 alloc=0.000, load=0.000, ud=3.868, time=0.000, root--db1j7: util=0.000, rew=0.000 alloc=0.000, load=0.000, ud=3.868, time=0.000, root--mltj1: util=0.000, rew=0.000 alloc=0.000, load=0.000, ud=99.887, time=0.000, root--mltj2: util=0.000, rew=0.000 alloc=0.000, load=0.000, ud=99.887, time=0.000, root--mltj3: util=0.000, rew=0.000 alloc=0.000, load=0.000, ud=119.934, time=0.000, root--mltj4: util=0.035, rew=15.568 alloc=1.000, load=1.000, ud=119.934, time=2792.108, root--mltj5: util=0.000, rew=0.000 alloc=0.000, load=0.000, ud=150.000, time=0.000, root--mltj6: util=0.027, rew=13.305 alloc=1.000, load=1.000, ud=150.000, time=2780.820, root--mltj7: util=0.030, rew=14.779 alloc=1.000, load=1.000, ud=150.000, time=2773.575, root--prsj1: util=0.169, rew=0.152 alloc=1.000, load=43.509, ud=0.316, time=2745.652, root--prsj2: util=0.187, rew=0.168 alloc=1.000, load=43.371, ud=0.316, time=2734.212, root--prsj3: util=0.192, rew=0.182 alloc=1.000, load=43.205, ud=0.570, time=2738.481
05-24 04:38:11 | INFO   | cilantro.policies.minerva                || Using entitlements 1.0000, [0.0014756275847732949, 0.0014481179396016747, 0.0014960774084188035, 0.0014452442802180402, 0.001062819738263366, 0.001062819738263366, 0.001062819738263366, 0.001062819738263366, 0.001062819738263366, 0.001062819738263366, 0.02132731547584321, 0.02132731547584321, 0.02375761637008283, 0.0031840030368788844, 0.9064937425976204, 0.003722309182358291, 0.003483114332252734, 0.0015122627259282885, 0.0015368843568495513, 0.001413450803750487]
05-24 04:40:44 | INFO   | cilantro.core.performance_recorder       || Returning zeros since len(data_batches)=20, leaf_data_lengths: {'root--db0j1': 18, 'root--db0j2': 18, 'root--db0j3': 18, 'root--db1j1': 18, 'root--db1j2': 0, 'root--db1j3': 0, 'root--db1j4': 0, 'root--db1j5': 0, 'root--db1j6': 0, 'root--db1j7': 0, 'root--mltj1': 0, 'root--mltj2': 0, 'root--mltj3': 0, 'root--mltj4': 12, 'root--mltj5': 0, 'root--mltj6': 11, 'root--mltj7': 11, 'root--prsj1': 16, 'root--prsj2': 15, 'root--prsj3': 15}
05-24 04:40:44 | INFO   | cilantro.core.performance_recorder       || 
minerva (0.0):: res-loss=0.000, fair_viol:(sum=0.000, max=0.000, mean=0.000), util_welf=0.000, egal_welf=0.000, avg_rew=2.286,  cost=0.000
    - root--db0j1: util=0.178, rew=0.160 alloc=1.000, load=20.151, ud=0.312, time=3058.637, root--db0j2: util=0.177, rew=0.159 alloc=1.000, load=20.423, ud=0.312, time=3049.193, root--db0j3: util=0.158, rew=0.150 alloc=1.000, load=20.370, ud=0.320, time=3052.164, root--db1j1: util=0.186, rew=0.167 alloc=1.000, load=42.946, ud=2.146, time=3027.854, root--db1j2: util=0.000, rew=0.000 alloc=0.000, load=0.000, ud=2.146, time=0.000, root--db1j3: util=0.000, rew=0.000 alloc=0.000, load=0.000, ud=3.463, time=0.000, root--db1j4: util=0.000, rew=0.000 alloc=0.000, load=0.000, ud=3.463, time=0.000, root--db1j5: util=0.000, rew=0.000 alloc=0.000, load=0.000, ud=3.463, time=0.000, root--db1j6: util=0.000, rew=0.000 alloc=0.000, load=0.000, ud=3.868, time=0.000, root--db1j7: util=0.000, rew=0.000 alloc=0.000, load=0.000, ud=3.868, time=0.000, root--mltj1: util=0.000, rew=0.000 alloc=0.000, load=0.000, ud=99.887, time=0.000, root--mltj2: util=0.000, rew=0.000 alloc=0.000, load=0.000, ud=99.887, time=0.000, root--mltj3: util=0.000, rew=0.000 alloc=0.000, load=0.000, ud=119.934, time=0.000, root--mltj4: util=0.035, rew=15.884 alloc=1.000, load=1.000, ud=119.934, time=3014.472, root--mltj5: util=0.000, rew=0.000 alloc=0.000, load=0.000, ud=150.000, time=0.000, root--mltj6: util=0.028, rew=13.958 alloc=1.000, load=1.000, ud=150.000, time=3016.448, root--mltj7: util=0.030, rew=14.762 alloc=1.000, load=1.000, ud=150.000, time=3001.517, root--prsj1: util=0.188, rew=0.170 alloc=1.000, load=41.908, ud=0.316, time=2984.891, root--prsj2: util=0.166, rew=0.149 alloc=1.000, load=42.147, ud=0.316, time=2960.895, root--prsj3: util=0.168, rew=0.160 alloc=1.000, load=42.185, ud=0.570, time=2965.411
05-24 04:40:51 | INFO   | cilantro.policies.minerva                || Using entitlements 1.0000, [0.00147077467572894, 0.0014454786005909277, 0.0014925974125345708, 0.0014214035846431773, 0.0010628208150918045, 0.0010628208150918045, 0.0010628208150918045, 0.0010628208150918045, 0.0010628208150918045, 0.0010628208150918045, 0.021327729682043686, 0.021327729682043686, 0.023758080122479534, 0.003078497291685494, 0.9065122025649847, 0.003735488678139458, 0.003512101170877766, 0.001514622318579198, 0.0015589919425862667, 0.0014673773825318443]
05-24 04:43:31 | INFO   | cilantro.policies.minerva                || Using entitlements 1.0000, [0.0014667444670014604, 0.00145185579865939, 0.0014568933523547132, 0.0014372455212949488, 0.0010628045871851426, 0.0010628045871851426, 0.0010628045871851426, 0.0010628045871851426, 0.0010628045871851426, 0.0010628045871851426, 0.021321487555331205, 0.021321487555331205, 0.023751091329892355, 0.0031617638444028703, 0.9062340091065966, 0.003773708696363566, 0.003722107713117442, 0.0015252630751706065, 0.001548888365655022, 0.0014506260957176974]
05-24 04:44:45 | INFO   | cilantro.core.performance_recorder       || Returning zeros since len(data_batches)=20, leaf_data_lengths: {'root--db0j1': 18, 'root--db0j2': 18, 'root--db0j3': 18, 'root--db1j1': 18, 'root--db1j2': 0, 'root--db1j3': 0, 'root--db1j4': 0, 'root--db1j5': 0, 'root--db1j6': 0, 'root--db1j7': 0, 'root--mltj1': 0, 'root--mltj2': 0, 'root--mltj3': 0, 'root--mltj4': 13, 'root--mltj5': 0, 'root--mltj6': 11, 'root--mltj7': 11, 'root--prsj1': 16, 'root--prsj2': 16, 'root--prsj3': 16}
05-24 04:44:45 | INFO   | cilantro.core.performance_recorder       || 
minerva (0.0):: res-loss=0.000, fair_viol:(sum=0.000, max=0.000, mean=0.000), util_welf=0.000, egal_welf=0.000, avg_rew=2.225,  cost=0.000
    - root--db0j1: util=0.178, rew=0.161 alloc=1.000, load=20.014, ud=0.312, time=3294.670, root--db0j2: util=0.187, rew=0.168 alloc=1.000, load=20.003, ud=0.312, time=3286.253, root--db0j3: util=0.173, rew=0.164 alloc=1.000, load=20.057, ud=0.320, time=3287.190, root--db1j1: util=0.182, rew=0.164 alloc=1.000, load=42.116, ud=2.146, time=3265.720, root--db1j2: util=0.000, rew=0.000 alloc=0.000, load=0.000, ud=2.146, time=0.000, root--db1j3: util=0.000, rew=0.000 alloc=0.000, load=0.000, ud=3.463, time=0.000, root--db1j4: util=0.000, rew=0.000 alloc=0.000, load=0.000, ud=3.463, time=0.000, root--db1j5: util=0.000, rew=0.000 alloc=0.000, load=0.000, ud=3.463, time=0.000, root--db1j6: util=0.000, rew=0.000 alloc=0.000, load=0.000, ud=3.868, time=0.000, root--db1j7: util=0.000, rew=0.000 alloc=0.000, load=0.000, ud=3.868, time=0.000, root--mltj1: util=0.000, rew=0.000 alloc=0.000, load=0.000, ud=99.887, time=0.000, root--mltj2: util=0.000, rew=0.000 alloc=0.000, load=0.000, ud=99.887, time=0.000, root--mltj3: util=0.000, rew=0.000 alloc=0.000, load=0.000, ud=119.934, time=0.000, root--mltj4: util=0.034, rew=15.512 alloc=1.000, load=1.000, ud=119.934, time=3258.997, root--mltj5: util=0.000, rew=0.000 alloc=0.000, load=0.000, ud=150.000, time=0.000, root--mltj6: util=0.027, rew=13.352 alloc=1.000, load=1.000, ud=150.000, time=3256.781, root--mltj7: util=0.029, rew=14.467 alloc=1.000, load=1.000, ud=150.000, time=3233.148, root--prsj1: util=0.171, rew=0.154 alloc=1.000, load=40.198, ud=0.316, time=3215.999, root--prsj2: util=0.197, rew=0.177 alloc=1.000, load=40.249, ud=0.316, time=3205.023, root--prsj3: util=0.196, rew=0.186 alloc=1.000, load=40.372, ud=0.570, time=3208.028
05-24 04:46:11 | INFO   | cilantro.policies.minerva                || Using entitlements 1.0000, [0.0014706182882209566, 0.0014483084012370977, 0.001488219755965551, 0.0014250370301373226, 0.001062812418061738, 0.001062812418061738, 0.001062812418061738, 0.001062812418061738, 0.001062812418061738, 0.001062812418061738, 0.02132449973213237, 0.02132449973213237, 0.02375446381492332, 0.003162477877105178, 0.9063682530782731, 0.0038361521374139424, 0.003498971709262131, 0.0015603972650632437, 0.0015395553365973509, 0.001421671333165512]
05-24 04:48:45 | INFO   | cilantro.core.performance_recorder       || Returning zeros since len(data_batches)=20, leaf_data_lengths: {'root--db0j1': 17, 'root--db0j2': 19, 'root--db0j3': 18, 'root--db1j1': 17, 'root--db1j2': 0, 'root--db1j3': 0, 'root--db1j4': 0, 'root--db1j5': 0, 'root--db1j6': 0, 'root--db1j7': 0, 'root--mltj1': 0, 'root--mltj2': 0, 'root--mltj3': 0, 'root--mltj4': 12, 'root--mltj5': 0, 'root--mltj6': 11, 'root--mltj7': 13, 'root--prsj1': 15, 'root--prsj2': 16, 'root--prsj3': 16}
05-24 04:48:45 | INFO   | cilantro.core.performance_recorder       || 
minerva (0.0):: res-loss=0.000, fair_viol:(sum=0.000, max=0.000, mean=0.000), util_welf=0.000, egal_welf=0.000, avg_rew=2.311,  cost=0.000
    - root--db0j1: util=0.179, rew=0.161 alloc=1.000, load=21.641, ud=0.312, time=3521.226, root--db0j2: util=0.177, rew=0.159 alloc=1.000, load=21.397, ud=0.312, time=3529.374, root--db0j3: util=0.177, rew=0.168 alloc=1.000, load=21.464, ud=0.320, time=3514.735, root--db1j1: util=0.178, rew=0.160 alloc=1.000, load=44.538, ud=2.146, time=3498.601, root--db1j2: util=0.000, rew=0.000 alloc=0.000, load=0.000, ud=2.146, time=0.000, root--db1j3: util=0.000, rew=0.000 alloc=0.000, load=0.000, ud=3.463, time=0.000, root--db1j4: util=0.000, rew=0.000 alloc=0.000, load=0.000, ud=3.463, time=0.000, root--db1j5: util=0.000, rew=0.000 alloc=0.000, load=0.000, ud=3.463, time=0.000, root--db1j6: util=0.000, rew=0.000 alloc=0.000, load=0.000, ud=3.868, time=0.000, root--db1j7: util=0.000, rew=0.000 alloc=0.000, load=0.000, ud=3.868, time=0.000, root--mltj1: util=0.000, rew=0.000 alloc=0.000, load=0.000, ud=99.887, time=0.000, root--mltj2: util=0.000, rew=0.000 alloc=0.000, load=0.000, ud=99.887, time=0.000, root--mltj3: util=0.000, rew=0.000 alloc=0.000, load=0.000, ud=119.934, time=0.000, root--mltj4: util=0.035, rew=15.535 alloc=1.000, load=1.000, ud=119.934, time=3484.548, root--mltj5: util=0.000, rew=0.000 alloc=0.000, load=0.000, ud=150.000, time=0.000, root--mltj6: util=0.028, rew=14.123 alloc=1.000, load=1.000, ud=150.000, time=3482.166, root--mltj7: util=0.031, rew=15.403 alloc=1.000, load=1.000, ud=150.000, time=3481.414, root--prsj1: util=0.178, rew=0.160 alloc=1.000, load=39.623, ud=0.316, time=3444.374, root--prsj2: util=0.183, rew=0.165 alloc=1.000, load=39.685, ud=0.316, time=3441.709, root--prsj3: util=0.193, rew=0.184 alloc=1.000, load=39.604, ud=0.570, time=3445.579
05-24 04:48:52 | INFO   | cilantro.policies.minerva                || Using entitlements 1.0000, [0.0014661396766358404, 0.0014437818069910242, 0.0014847565671378612, 0.0014232777905682707, 0.0010628094402203802, 0.0010628094402203802, 0.0010628094402203802, 0.0010628094402203802, 0.0010628094402203802, 0.0010628094402203802, 0.021323354294000868, 0.021323354294000868, 0.02375318136266126, 0.003175027490874031, 0.906317204227481, 0.0037867760816306492, 0.003628363388767039, 0.0015552339422106333, 0.001549299728571101, 0.001393392707147302]
05-24 04:51:31 | INFO   | cilantro.policies.minerva                || Using entitlements 1.0000, [0.0014666380246862554, 0.0014514511065393436, 0.0014857567804902423, 0.0014372064100593206, 0.0010628191062485286, 0.0010628191062485286, 0.0010628191062485286, 0.0010628191062485286, 0.0010628191062485286, 0.0010628191062485286, 0.021327072368905183, 0.021327072368905183, 0.023757344183367526, 0.0031913966022638234, 0.9064829080274549, 0.0036892630454659443, 0.0034412407255027416, 0.0015228968376188837, 0.0015630540930652343, 0.0014797847881843332]
05-24 04:52:45 | INFO   | cilantro.core.performance_recorder       || Returning zeros since len(data_batches)=20, leaf_data_lengths: {'root--db0j1': 18, 'root--db0j2': 18, 'root--db0j3': 19, 'root--db1j1': 18, 'root--db1j2': 0, 'root--db1j3': 0, 'root--db1j4': 0, 'root--db1j5': 0, 'root--db1j6': 0, 'root--db1j7': 0, 'root--mltj1': 0, 'root--mltj2': 0, 'root--mltj3': 0, 'root--mltj4': 12, 'root--mltj5': 0, 'root--mltj6': 11, 'root--mltj7': 12, 'root--prsj1': 15, 'root--prsj2': 15, 'root--prsj3': 15}
05-24 04:52:45 | INFO   | cilantro.core.performance_recorder       || 
minerva (0.0):: res-loss=0.000, fair_viol:(sum=0.000, max=0.000, mean=0.000), util_welf=0.000, egal_welf=0.000, avg_rew=2.311,  cost=0.000
    - root--db0j1: util=0.177, rew=0.160 alloc=1.000, load=20.242, ud=0.312, time=3751.739, root--db0j2: util=0.175, rew=0.157 alloc=1.000, load=20.171, ud=0.312, time=3763.568, root--db0j3: util=0.164, rew=0.156 alloc=1.000, load=20.149, ud=0.320, time=3754.302, root--db1j1: util=0.168, rew=0.151 alloc=1.000, load=42.408, ud=2.146, time=3740.468, root--db1j2: util=0.000, rew=0.000 alloc=0.000, load=0.000, ud=2.146, time=0.000, root--db1j3: util=0.000, rew=0.000 alloc=0.000, load=0.000, ud=3.463, time=0.000, root--db1j4: util=0.000, rew=0.000 alloc=0.000, load=0.000, ud=3.463, time=0.000, root--db1j5: util=0.000, rew=0.000 alloc=0.000, load=0.000, ud=3.463, time=0.000, root--db1j6: util=0.000, rew=0.000 alloc=0.000, load=0.000, ud=3.868, time=0.000, root--db1j7: util=0.000, rew=0.000 alloc=0.000, load=0.000, ud=3.868, time=0.000, root--mltj1: util=0.000, rew=0.000 alloc=0.000, load=0.000, ud=99.887, time=0.000, root--mltj2: util=0.000, rew=0.000 alloc=0.000, load=0.000, ud=99.887, time=0.000, root--mltj3: util=0.000, rew=0.000 alloc=0.000, load=0.000, ud=119.934, time=0.000, root--mltj4: util=0.033, rew=14.975 alloc=1.000, load=1.000, ud=119.934, time=3719.740, root--mltj5: util=0.000, rew=0.000 alloc=0.000, load=0.000, ud=150.000, time=0.000, root--mltj6: util=0.028, rew=14.223 alloc=1.000, load=1.000, ud=150.000, time=3706.447, root--mltj7: util=0.032, rew=15.871 alloc=1.000, load=1.000, ud=150.000, time=3707.802, root--prsj1: util=0.217, rew=0.195 alloc=1.000, load=43.723, ud=0.316, time=3673.589, root--prsj2: util=0.187, rew=0.168 alloc=1.000, load=43.814, ud=0.316, time=3669.264, root--prsj3: util=0.167, rew=0.159 alloc=1.000, load=44.443, ud=0.570, time=3664.535
05-24 04:54:12 | INFO   | cilantro.policies.minerva                || Using entitlements 1.0000, [0.0014690351311146216, 0.0014501460897566518, 0.0014869387601271944, 0.0014534737832832111, 0.0010628100276242395, 0.0010628100276242395, 0.0010628100276242395, 0.0010628100276242395, 0.0010628100276242395, 0.0010628100276242395, 0.021323580241154577, 0.021323580241154577, 0.02375343433698646, 0.0032848386831931986, 0.9063272740358967, 0.003763722765425656, 0.0034127637961166046, 0.001504455622993694, 0.001553245294860387, 0.0015166510521909247]
