05-23 16:12:33 | INFO   | __main__                                 || Created Env: Env(#nodes=21, #leaf-nodes=20):: (db0j1, e0.05, t0.90), (db0j2, e0.05, t0.90), (db0j3, e0.05, t0.95), (db1j1, e0.05, t0.90), (db1j2, e0.05, t0.90), (db1j3, e0.05, t0.95), (db1j4, e0.05, t0.95), (db1j5, e0.05, t0.95), (db1j6, e0.05, t0.99), (db1j7, e0.05, t0.99), (mltj1, e0.05, t400.00), (mltj2, e0.05, t400.00), (mltj3, e0.05, t450.00), (mltj4, e0.05, t450.00), (mltj5, e0.05, t500.00), (mltj6, e0.05, t500.00), (mltj7, e0.05, t500.00), (prsj1, e0.05, t0.90), (prsj2, e0.05, t0.90), (prsj3, e0.05, t0.95)..
in root -1
lf root--db0j1 1 0.9 -1 linear
lf root--db0j2 1 0.9 -1 linear
lf root--db0j3 1 0.95 -1 linear
lf root--db1j1 1 0.9 -1 linear
lf root--db1j2 1 0.9 -1 linear
lf root--db1j3 1 0.95 -1 linear
lf root--db1j4 1 0.95 -1 linear
lf root--db1j5 1 0.95 -1 linear
lf root--db1j6 1 0.99 -1 linear
lf root--db1j7 1 0.99 -1 linear
lf root--mltj1 1 400 -1 linear
lf root--mltj2 1 400 -1 linear
lf root--mltj3 1 450 -1 linear
lf root--mltj4 1 450 -1 linear
lf root--mltj5 1 500 -1 linear
lf root--mltj6 1 500 -1 linear
lf root--mltj7 1 500 -1 linear
lf root--prsj1 1 0.9 -1 linear
lf root--prsj2 1 0.9 -1 linear
lf root--prsj3 1 0.95 -1 linear
05-23 16:12:33 | INFO   | root                                     || Created Env: Env(#nodes=21, #leaf-nodes=20):: (db0j1, e0.05, t0.90), (db0j2, e0.05, t0.90), (db0j3, e0.05, t0.95), (db1j1, e0.05, t0.90), (db1j2, e0.05, t0.90), (db1j3, e0.05, t0.95), (db1j4, e0.05, t0.95), (db1j5, e0.05, t0.95), (db1j6, e0.05, t0.99), (db1j7, e0.05, t0.99), (mltj1, e0.05, t400.00), (mltj2, e0.05, t400.00), (mltj3, e0.05, t450.00), (mltj4, e0.05, t450.00), (mltj5, e0.05, t500.00), (mltj6, e0.05, t500.00), (mltj7, e0.05, t500.00), (prsj1, e0.05, t0.90), (prsj2, e0.05, t0.90), (prsj3, e0.05, t0.95).,
in root -1
lf root--db0j1 1 0.9 -1 linear
lf root--db0j2 1 0.9 -1 linear
lf root--db0j3 1 0.95 -1 linear
lf root--db1j1 1 0.9 -1 linear
lf root--db1j2 1 0.9 -1 linear
lf root--db1j3 1 0.95 -1 linear
lf root--db1j4 1 0.95 -1 linear
lf root--db1j5 1 0.95 -1 linear
lf root--db1j6 1 0.99 -1 linear
lf root--db1j7 1 0.99 -1 linear
lf root--mltj1 1 400 -1 linear
lf root--mltj2 1 400 -1 linear
lf root--mltj3 1 450 -1 linear
lf root--mltj4 1 450 -1 linear
lf root--mltj5 1 500 -1 linear
lf root--mltj6 1 500 -1 linear
lf root--mltj7 1 500 -1 linear
lf root--prsj1 1 0.9 -1 linear
lf root--prsj2 1 0.9 -1 linear
lf root--prsj3 1 0.95 -1 linear

05-23 16:12:33 | INFO   | root                                     || Loading profiled information from /cilantro/demos/exp1/profiled_oct7.
05-23 16:12:33 | INFO   | cilantro.profiling.profiled_info_loader  || workload_type: craydb0, <cilantro.profiling.profiled_info_loader.ProfiledInfo object at 0x7f1dd895a990>
05-23 16:12:33 | INFO   | cilantro.profiling.profiled_info_loader  || workload_type: craydb0, <cilantro.profiling.profiled_info_loader.ProfiledInfo object at 0x7f1dd895a990>
05-23 16:12:33 | INFO   | cilantro.profiling.profiled_info_loader  || workload_type: craydb0, <cilantro.profiling.profiled_info_loader.ProfiledInfo object at 0x7f1dd895a990>
05-23 16:12:33 | INFO   | cilantro.profiling.profiled_info_loader  || workload_type: craydb1, <cilantro.profiling.profiled_info_loader.ProfiledInfo object at 0x7f1dad3ccf10>
05-23 16:12:33 | INFO   | cilantro.profiling.profiled_info_loader  || workload_type: craydb1, <cilantro.profiling.profiled_info_loader.ProfiledInfo object at 0x7f1dad3ccf10>
05-23 16:12:33 | INFO   | cilantro.profiling.profiled_info_loader  || workload_type: craydb1, <cilantro.profiling.profiled_info_loader.ProfiledInfo object at 0x7f1dad3ccf10>
05-23 16:12:33 | INFO   | cilantro.profiling.profiled_info_loader  || workload_type: craydb1, <cilantro.profiling.profiled_info_loader.ProfiledInfo object at 0x7f1dad3ccf10>
05-23 16:12:33 | INFO   | cilantro.profiling.profiled_info_loader  || workload_type: craydb1, <cilantro.profiling.profiled_info_loader.ProfiledInfo object at 0x7f1dad3ccf10>
05-23 16:12:33 | INFO   | cilantro.profiling.profiled_info_loader  || workload_type: craydb1, <cilantro.profiling.profiled_info_loader.ProfiledInfo object at 0x7f1dad3ccf10>
05-23 16:12:33 | INFO   | cilantro.profiling.profiled_info_loader  || workload_type: craydb1, <cilantro.profiling.profiled_info_loader.ProfiledInfo object at 0x7f1dad3ccf10>
05-23 16:12:33 | INFO   | cilantro.profiling.profiled_info_loader  || workload_type: craymltrain, <cilantro.profiling.profiled_info_loader.ProfiledInfo object at 0x7f1dad3ccdd0>
05-23 16:12:33 | INFO   | cilantro.profiling.profiled_info_loader  || workload_type: craymltrain, <cilantro.profiling.profiled_info_loader.ProfiledInfo object at 0x7f1dad3ccdd0>
05-23 16:12:33 | INFO   | cilantro.profiling.profiled_info_loader  || workload_type: craymltrain, <cilantro.profiling.profiled_info_loader.ProfiledInfo object at 0x7f1dad3ccdd0>
05-23 16:12:33 | INFO   | cilantro.profiling.profiled_info_loader  || workload_type: craymltrain, <cilantro.profiling.profiled_info_loader.ProfiledInfo object at 0x7f1dad3ccdd0>
05-23 16:12:33 | INFO   | cilantro.profiling.profiled_info_loader  || workload_type: craymltrain, <cilantro.profiling.profiled_info_loader.ProfiledInfo object at 0x7f1dad3ccdd0>
05-23 16:12:33 | INFO   | cilantro.profiling.profiled_info_loader  || workload_type: craymltrain, <cilantro.profiling.profiled_info_loader.ProfiledInfo object at 0x7f1dad3ccdd0>
05-23 16:12:33 | INFO   | cilantro.profiling.profiled_info_loader  || workload_type: craymltrain, <cilantro.profiling.profiled_info_loader.ProfiledInfo object at 0x7f1dad3ccdd0>
05-23 16:12:33 | INFO   | cilantro.profiling.profiled_info_loader  || workload_type: craypredserv, <cilantro.profiling.profiled_info_loader.ProfiledInfo object at 0x7f1dad3ccd10>
05-23 16:12:33 | INFO   | cilantro.profiling.profiled_info_loader  || workload_type: craypredserv, <cilantro.profiling.profiled_info_loader.ProfiledInfo object at 0x7f1dad3ccd10>
05-23 16:12:33 | INFO   | cilantro.profiling.profiled_info_loader  || workload_type: craypredserv, <cilantro.profiling.profiled_info_loader.ProfiledInfo object at 0x7f1dad3ccd10>
05-23 16:12:33 | INFO   | root                                     || 
 Estimated p50 total demand = 1912.000
root--db0j1 (craydb0): 6.248  (ud=0.31226, p50_load=20.01)
root--db0j2 (craydb0): 6.248  (ud=0.31226, p50_load=20.01)
root--db0j3 (craydb0): 6.409  (ud=0.32031, p50_load=20.01)
root--db1j1 (craydb1): 90.667  (ud=2.14644, p50_load=42.24)
root--db1j2 (craydb1): 90.667  (ud=2.14644, p50_load=42.24)
root--db1j3 (craydb1): 146.261  (ud=3.46258, p50_load=42.24)
root--db1j4 (craydb1): 146.261  (ud=3.46258, p50_load=42.24)
root--db1j5 (craydb1): 146.261  (ud=3.46258, p50_load=42.24)
root--db1j6 (craydb1): 163.373  (ud=3.86768, p50_load=42.24)
root--db1j7 (craydb1): 163.373  (ud=3.86768, p50_load=42.24)
root--mltj1 (craymltrain): 99.887  (ud=99.88651, p50_load=1.00)
root--mltj2 (craymltrain): 99.887  (ud=99.88651, p50_load=1.00)
root--mltj3 (craymltrain): 119.934  (ud=119.93412, p50_load=1.00)
root--mltj4 (craymltrain): 119.934  (ud=119.93412, p50_load=1.00)
root--mltj5 (craymltrain): 150.000  (ud=150.00000, p50_load=1.00)
root--mltj6 (craymltrain): 150.000  (ud=150.00000, p50_load=1.00)
root--mltj7 (craymltrain): 150.000  (ud=150.00000, p50_load=1.00)
root--prsj1 (craypredserv): 12.755  (ud=0.31603, p50_load=40.36)
root--prsj2 (craypredserv): 12.755  (ud=0.31603, p50_load=40.36)
root--prsj3 (craypredserv): 23.017  (ud=0.57029, p50_load=40.36)
Estimated p99 total demand = 2088.000
root--db0j1 (craydb0): 7.343  (ud=0.31226, p99_load=23.52)
root--db0j2 (craydb0): 7.343  (ud=0.31226, p99_load=23.52)
root--db0j3 (craydb0): 7.532  (ud=0.32031, p99_load=23.52)
root--db1j1 (craydb1): 106.469  (ud=2.14644, p99_load=49.60)
root--db1j2 (craydb1): 106.469  (ud=2.14644, p99_load=49.60)
root--db1j3 (craydb1): 171.753  (ud=3.46258, p99_load=49.60)
root--db1j4 (craydb1): 171.753  (ud=3.46258, p99_load=49.60)
root--db1j5 (craydb1): 171.753  (ud=3.46258, p99_load=49.60)
root--db1j6 (craydb1): 191.847  (ud=3.86768, p99_load=49.60)
root--db1j7 (craydb1): 191.847  (ud=3.86768, p99_load=49.60)
root--mltj1 (craymltrain): 99.887  (ud=99.88651, p99_load=1.00)
root--mltj2 (craymltrain): 99.887  (ud=99.88651, p99_load=1.00)
root--mltj3 (craymltrain): 119.934  (ud=119.93412, p99_load=1.00)
root--mltj4 (craymltrain): 119.934  (ud=119.93412, p99_load=1.00)
root--mltj5 (craymltrain): 150.000  (ud=150.00000, p99_load=1.00)
root--mltj6 (craymltrain): 150.000  (ud=150.00000, p99_load=1.00)
root--mltj7 (craymltrain): 150.000  (ud=150.00000, p99_load=1.00)
root--prsj1 (craypredserv): 15.011  (ud=0.31603, p99_load=47.50)
root--prsj2 (craypredserv): 15.011  (ud=0.31603, p99_load=47.50)
root--prsj3 (craypredserv): 27.087  (ud=0.57029, p99_load=47.50)
05-23 16:12:34 | INFO   | __main__                                 || Initialised policy <cilantro.policies.evo_alg_welfare.UtilWelfareEvoAlg object at 0x7f1d9d52e4d0>.
05-23 16:12:34 | INFO   | cilantro.data_loggers.data_logger_bank   || Initiated writing to disk loop for data logger in dir workdirs/evoutil_exp_env_1_40_eks_0523161233.
05-23 16:12:44 | INFO   | cilantro.workloads.k8s_workload_deployer || Deployed 80 kubernetes objects. Check dashboard for status.
05-23 16:12:44 | INFO   | __main__                                 || Workload deployed!
05-23 16:12:45 | WARNING | cilantro.backends.k8s.kubernetes_manager || Unable to convert threshold to float or value was not found while parsing k8s labels. Using default 1. Labels were {'app': 'root--db0j1', 'is_workload': 'true'}
05-23 16:12:45 | WARNING | cilantro.backends.k8s.kubernetes_manager || Unable to convert app_weight to float or value was not found while parsing k8s labels. Using default 1. Labels were {'app': 'root--db0j1', 'is_workload': 'true'}
05-23 16:12:45 | WARNING | cilantro.backends.k8s.kubernetes_manager || Unable to convert app_unit_demand to float or value was not found while parsing k8s labels. Using default 1. Labels were {'app': 'root--db0j1', 'is_workload': 'true'}
05-23 16:12:45 | WARNING | cilantro.backends.k8s.kubernetes_manager || Unable to convert threshold to float or value was not found while parsing k8s labels. Using default 1. Labels were {'app': 'root--db0j2', 'is_workload': 'true'}
05-23 16:12:45 | WARNING | cilantro.backends.k8s.kubernetes_manager || Unable to convert app_weight to float or value was not found while parsing k8s labels. Using default 1. Labels were {'app': 'root--db0j2', 'is_workload': 'true'}
05-23 16:12:45 | WARNING | cilantro.backends.k8s.kubernetes_manager || Unable to convert app_unit_demand to float or value was not found while parsing k8s labels. Using default 1. Labels were {'app': 'root--db0j2', 'is_workload': 'true'}
05-23 16:12:45 | WARNING | cilantro.backends.k8s.kubernetes_manager || Unable to convert threshold to float or value was not found while parsing k8s labels. Using default 1. Labels were {'app': 'root--db0j3', 'is_workload': 'true'}
05-23 16:12:45 | WARNING | cilantro.backends.k8s.kubernetes_manager || Unable to convert app_weight to float or value was not found while parsing k8s labels. Using default 1. Labels were {'app': 'root--db0j3', 'is_workload': 'true'}
05-23 16:12:45 | WARNING | cilantro.backends.k8s.kubernetes_manager || Unable to convert app_unit_demand to float or value was not found while parsing k8s labels. Using default 1. Labels were {'app': 'root--db0j3', 'is_workload': 'true'}
05-23 16:12:45 | WARNING | cilantro.backends.k8s.kubernetes_manager || Unable to convert threshold to float or value was not found while parsing k8s labels. Using default 1. Labels were {'app': 'root--db1j1', 'is_workload': 'true'}
05-23 16:12:45 | WARNING | cilantro.backends.k8s.kubernetes_manager || Unable to convert app_weight to float or value was not found while parsing k8s labels. Using default 1. Labels were {'app': 'root--db1j1', 'is_workload': 'true'}
05-23 16:12:45 | WARNING | cilantro.backends.k8s.kubernetes_manager || Unable to convert app_unit_demand to float or value was not found while parsing k8s labels. Using default 1. Labels were {'app': 'root--db1j1', 'is_workload': 'true'}
05-23 16:12:45 | WARNING | cilantro.backends.k8s.kubernetes_manager || Unable to convert threshold to float or value was not found while parsing k8s labels. Using default 1. Labels were {'app': 'root--db1j2', 'is_workload': 'true'}
05-23 16:12:45 | WARNING | cilantro.backends.k8s.kubernetes_manager || Unable to convert app_weight to float or value was not found while parsing k8s labels. Using default 1. Labels were {'app': 'root--db1j2', 'is_workload': 'true'}
05-23 16:12:45 | WARNING | cilantro.backends.k8s.kubernetes_manager || Unable to convert app_unit_demand to float or value was not found while parsing k8s labels. Using default 1. Labels were {'app': 'root--db1j2', 'is_workload': 'true'}
05-23 16:12:45 | WARNING | cilantro.backends.k8s.kubernetes_manager || Unable to convert threshold to float or value was not found while parsing k8s labels. Using default 1. Labels were {'app': 'root--db1j3', 'is_workload': 'true'}
05-23 16:12:45 | WARNING | cilantro.backends.k8s.kubernetes_manager || Unable to convert app_weight to float or value was not found while parsing k8s labels. Using default 1. Labels were {'app': 'root--db1j3', 'is_workload': 'true'}
05-23 16:12:45 | WARNING | cilantro.backends.k8s.kubernetes_manager || Unable to convert app_unit_demand to float or value was not found while parsing k8s labels. Using default 1. Labels were {'app': 'root--db1j3', 'is_workload': 'true'}
05-23 16:12:45 | WARNING | cilantro.backends.k8s.kubernetes_manager || Unable to convert threshold to float or value was not found while parsing k8s labels. Using default 1. Labels were {'app': 'root--db1j4', 'is_workload': 'true'}
05-23 16:12:45 | WARNING | cilantro.backends.k8s.kubernetes_manager || Unable to convert app_weight to float or value was not found while parsing k8s labels. Using default 1. Labels were {'app': 'root--db1j4', 'is_workload': 'true'}
05-23 16:12:45 | WARNING | cilantro.backends.k8s.kubernetes_manager || Unable to convert app_unit_demand to float or value was not found while parsing k8s labels. Using default 1. Labels were {'app': 'root--db1j4', 'is_workload': 'true'}
05-23 16:12:45 | WARNING | cilantro.backends.k8s.kubernetes_manager || Unable to convert threshold to float or value was not found while parsing k8s labels. Using default 1. Labels were {'app': 'root--db1j5', 'is_workload': 'true'}
05-23 16:12:45 | WARNING | cilantro.backends.k8s.kubernetes_manager || Unable to convert app_weight to float or value was not found while parsing k8s labels. Using default 1. Labels were {'app': 'root--db1j5', 'is_workload': 'true'}
05-23 16:12:45 | WARNING | cilantro.backends.k8s.kubernetes_manager || Unable to convert app_unit_demand to float or value was not found while parsing k8s labels. Using default 1. Labels were {'app': 'root--db1j5', 'is_workload': 'true'}
05-23 16:12:45 | WARNING | cilantro.backends.k8s.kubernetes_manager || Unable to convert threshold to float or value was not found while parsing k8s labels. Using default 1. Labels were {'app': 'root--db1j6', 'is_workload': 'true'}
05-23 16:12:45 | WARNING | cilantro.backends.k8s.kubernetes_manager || Unable to convert app_weight to float or value was not found while parsing k8s labels. Using default 1. Labels were {'app': 'root--db1j6', 'is_workload': 'true'}
05-23 16:12:45 | WARNING | cilantro.backends.k8s.kubernetes_manager || Unable to convert app_unit_demand to float or value was not found while parsing k8s labels. Using default 1. Labels were {'app': 'root--db1j6', 'is_workload': 'true'}
05-23 16:12:45 | WARNING | cilantro.backends.k8s.kubernetes_manager || Unable to convert threshold to float or value was not found while parsing k8s labels. Using default 1. Labels were {'app': 'root--db1j7', 'is_workload': 'true'}
05-23 16:12:45 | WARNING | cilantro.backends.k8s.kubernetes_manager || Unable to convert app_weight to float or value was not found while parsing k8s labels. Using default 1. Labels were {'app': 'root--db1j7', 'is_workload': 'true'}
05-23 16:12:45 | WARNING | cilantro.backends.k8s.kubernetes_manager || Unable to convert app_unit_demand to float or value was not found while parsing k8s labels. Using default 1. Labels were {'app': 'root--db1j7', 'is_workload': 'true'}
05-23 16:12:45 | WARNING | cilantro.backends.k8s.kubernetes_manager || Unable to convert threshold to float or value was not found while parsing k8s labels. Using default 1. Labels were {'app': 'root--mltj1', 'is_workload': 'true'}
05-23 16:12:45 | WARNING | cilantro.backends.k8s.kubernetes_manager || Unable to convert app_weight to float or value was not found while parsing k8s labels. Using default 1. Labels were {'app': 'root--mltj1', 'is_workload': 'true'}
05-23 16:12:45 | WARNING | cilantro.backends.k8s.kubernetes_manager || Unable to convert app_unit_demand to float or value was not found while parsing k8s labels. Using default 1. Labels were {'app': 'root--mltj1', 'is_workload': 'true'}
05-23 16:12:45 | WARNING | cilantro.backends.k8s.kubernetes_manager || Unable to convert threshold to float or value was not found while parsing k8s labels. Using default 1. Labels were {'app': 'root--mltj2', 'is_workload': 'true'}
05-23 16:12:45 | WARNING | cilantro.backends.k8s.kubernetes_manager || Unable to convert app_weight to float or value was not found while parsing k8s labels. Using default 1. Labels were {'app': 'root--mltj2', 'is_workload': 'true'}
05-23 16:12:45 | WARNING | cilantro.backends.k8s.kubernetes_manager || Unable to convert app_unit_demand to float or value was not found while parsing k8s labels. Using default 1. Labels were {'app': 'root--mltj2', 'is_workload': 'true'}
05-23 16:12:45 | WARNING | cilantro.backends.k8s.kubernetes_manager || Unable to convert threshold to float or value was not found while parsing k8s labels. Using default 1. Labels were {'app': 'root--mltj3', 'is_workload': 'true'}
05-23 16:12:45 | WARNING | cilantro.backends.k8s.kubernetes_manager || Unable to convert app_weight to float or value was not found while parsing k8s labels. Using default 1. Labels were {'app': 'root--mltj3', 'is_workload': 'true'}
05-23 16:12:45 | WARNING | cilantro.backends.k8s.kubernetes_manager || Unable to convert app_unit_demand to float or value was not found while parsing k8s labels. Using default 1. Labels were {'app': 'root--mltj3', 'is_workload': 'true'}
05-23 16:12:45 | WARNING | cilantro.backends.k8s.kubernetes_manager || Unable to convert threshold to float or value was not found while parsing k8s labels. Using default 1. Labels were {'app': 'root--mltj4', 'is_workload': 'true'}
05-23 16:12:45 | WARNING | cilantro.backends.k8s.kubernetes_manager || Unable to convert app_weight to float or value was not found while parsing k8s labels. Using default 1. Labels were {'app': 'root--mltj4', 'is_workload': 'true'}
05-23 16:12:45 | WARNING | cilantro.backends.k8s.kubernetes_manager || Unable to convert app_unit_demand to float or value was not found while parsing k8s labels. Using default 1. Labels were {'app': 'root--mltj4', 'is_workload': 'true'}
05-23 16:12:45 | WARNING | cilantro.backends.k8s.kubernetes_manager || Unable to convert threshold to float or value was not found while parsing k8s labels. Using default 1. Labels were {'app': 'root--mltj5', 'is_workload': 'true'}
05-23 16:12:45 | WARNING | cilantro.backends.k8s.kubernetes_manager || Unable to convert app_weight to float or value was not found while parsing k8s labels. Using default 1. Labels were {'app': 'root--mltj5', 'is_workload': 'true'}
05-23 16:12:45 | WARNING | cilantro.backends.k8s.kubernetes_manager || Unable to convert app_unit_demand to float or value was not found while parsing k8s labels. Using default 1. Labels were {'app': 'root--mltj5', 'is_workload': 'true'}
05-23 16:12:45 | WARNING | cilantro.backends.k8s.kubernetes_manager || Unable to convert threshold to float or value was not found while parsing k8s labels. Using default 1. Labels were {'app': 'root--mltj6', 'is_workload': 'true'}
05-23 16:12:45 | WARNING | cilantro.backends.k8s.kubernetes_manager || Unable to convert app_weight to float or value was not found while parsing k8s labels. Using default 1. Labels were {'app': 'root--mltj6', 'is_workload': 'true'}
05-23 16:12:45 | WARNING | cilantro.backends.k8s.kubernetes_manager || Unable to convert app_unit_demand to float or value was not found while parsing k8s labels. Using default 1. Labels were {'app': 'root--mltj6', 'is_workload': 'true'}
05-23 16:12:45 | WARNING | cilantro.backends.k8s.kubernetes_manager || Unable to convert threshold to float or value was not found while parsing k8s labels. Using default 1. Labels were {'app': 'root--mltj7', 'is_workload': 'true'}
05-23 16:12:45 | WARNING | cilantro.backends.k8s.kubernetes_manager || Unable to convert app_weight to float or value was not found while parsing k8s labels. Using default 1. Labels were {'app': 'root--mltj7', 'is_workload': 'true'}
05-23 16:12:45 | WARNING | cilantro.backends.k8s.kubernetes_manager || Unable to convert app_unit_demand to float or value was not found while parsing k8s labels. Using default 1. Labels were {'app': 'root--mltj7', 'is_workload': 'true'}
05-23 16:12:45 | WARNING | cilantro.backends.k8s.kubernetes_manager || Unable to convert threshold to float or value was not found while parsing k8s labels. Using default 1. Labels were {'app': 'root--prsj1', 'is_workload': 'true'}
05-23 16:12:45 | WARNING | cilantro.backends.k8s.kubernetes_manager || Unable to convert app_weight to float or value was not found while parsing k8s labels. Using default 1. Labels were {'app': 'root--prsj1', 'is_workload': 'true'}
05-23 16:12:45 | WARNING | cilantro.backends.k8s.kubernetes_manager || Unable to convert app_unit_demand to float or value was not found while parsing k8s labels. Using default 1. Labels were {'app': 'root--prsj1', 'is_workload': 'true'}
05-23 16:12:45 | WARNING | cilantro.backends.k8s.kubernetes_manager || Unable to convert threshold to float or value was not found while parsing k8s labels. Using default 1. Labels were {'app': 'root--prsj2', 'is_workload': 'true'}
05-23 16:12:45 | WARNING | cilantro.backends.k8s.kubernetes_manager || Unable to convert app_weight to float or value was not found while parsing k8s labels. Using default 1. Labels were {'app': 'root--prsj2', 'is_workload': 'true'}
05-23 16:12:45 | WARNING | cilantro.backends.k8s.kubernetes_manager || Unable to convert app_unit_demand to float or value was not found while parsing k8s labels. Using default 1. Labels were {'app': 'root--prsj2', 'is_workload': 'true'}
05-23 16:12:45 | WARNING | cilantro.backends.k8s.kubernetes_manager || Unable to convert threshold to float or value was not found while parsing k8s labels. Using default 1. Labels were {'app': 'root--prsj3', 'is_workload': 'true'}
05-23 16:12:45 | WARNING | cilantro.backends.k8s.kubernetes_manager || Unable to convert app_weight to float or value was not found while parsing k8s labels. Using default 1. Labels were {'app': 'root--prsj3', 'is_workload': 'true'}
05-23 16:12:45 | WARNING | cilantro.backends.k8s.kubernetes_manager || Unable to convert app_unit_demand to float or value was not found while parsing k8s labels. Using default 1. Labels were {'app': 'root--prsj3', 'is_workload': 'true'}
05-23 16:14:58 | ERROR  | asyncio                                  || Task exception was never retrieved
future: <Task finished coro=<KubernetesManager.local_state_update_loop() done, defined at /cilantro/cilantro/backends/k8s/kubernetes_manager.py:148> exception=ApiException()>
Traceback (most recent call last):
  File "/cilantro/cilantro/backends/k8s/kubernetes_manager.py", line 150, in local_state_update_loop
    added_deployments, removed_deployments = self.update_local_state()
  File "/cilantro/cilantro/backends/k8s/kubernetes_manager.py", line 86, in update_local_state
    deps = self.get_deployments()
  File "/cilantro/cilantro/backends/k8s/kubernetes_manager.py", line 98, in get_deployments
    deps = self.appsapi.list_namespaced_deployment(namespace=self.namespace)
  File "/usr/local/lib/python3.7/site-packages/kubernetes/client/api/apps_v1_api.py", line 3269, in list_namespaced_deployment
    return self.list_namespaced_deployment_with_http_info(namespace, **kwargs)  # noqa: E501
  File "/usr/local/lib/python3.7/site-packages/kubernetes/client/api/apps_v1_api.py", line 3394, in list_namespaced_deployment_with_http_info
    collection_formats=collection_formats)
  File "/usr/local/lib/python3.7/site-packages/kubernetes/client/api_client.py", line 353, in call_api
    _preload_content, _request_timeout, _host)
  File "/usr/local/lib/python3.7/site-packages/kubernetes/client/api_client.py", line 184, in __call_api
    _request_timeout=_request_timeout)
  File "/usr/local/lib/python3.7/site-packages/kubernetes/client/api_client.py", line 377, in request
    headers=headers)
  File "/usr/local/lib/python3.7/site-packages/kubernetes/client/rest.py", line 243, in GET
    query_params=query_params)
  File "/usr/local/lib/python3.7/site-packages/kubernetes/client/rest.py", line 233, in request
    raise ApiException(http_resp=r)
kubernetes.client.exceptions.ApiException: (500)
Reason: Internal Server Error
HTTP response headers: HTTPHeaderDict({'Cache-Control': 'no-cache, private', 'Content-Type': 'application/json', 'X-Kubernetes-Pf-Flowschema-Uid': 'e7b90ac1-94f8-4d9a-a7e0-31efa947fce1', 'X-Kubernetes-Pf-Prioritylevel-Uid': 'c6adac3a-8766-4c72-91a3-6c67d5399714', 'Date': 'Tue, 23 May 2023 16:14:58 GMT', 'Content-Length': '122'})
HTTP response body: {"kind":"Status","apiVersion":"v1","metadata":{},"status":"Failure","message":"etcdserver: request timed out","code":500}


05-23 16:14:58 | INFO   | cilantro.core.performance_recorder       || Returning zeros since len(data_batches)=20, leaf_data_lengths: {'root--db0j1': 0, 'root--db0j2': 0, 'root--db0j3': 0, 'root--db1j1': 0, 'root--db1j2': 0, 'root--db1j3': 0, 'root--db1j4': 0, 'root--db1j5': 0, 'root--db1j6': 0, 'root--db1j7': 0, 'root--mltj1': 0, 'root--mltj2': 0, 'root--mltj3': 0, 'root--mltj4': 0, 'root--mltj5': 0, 'root--mltj6': 0, 'root--mltj7': 0, 'root--prsj1': 0, 'root--prsj2': 0, 'root--prsj3': 0}
05-23 16:16:34 | INFO   | cilantro.core.performance_recorder       || Returning zeros since len(data_batches)=20, leaf_data_lengths: {'root--db0j1': 0, 'root--db0j2': 0, 'root--db0j3': 0, 'root--db1j1': 0, 'root--db1j2': 0, 'root--db1j3': 0, 'root--db1j4': 0, 'root--db1j5': 0, 'root--db1j6': 0, 'root--db1j7': 0, 'root--mltj1': 0, 'root--mltj2': 0, 'root--mltj3': 0, 'root--mltj4': 0, 'root--mltj5': 0, 'root--mltj6': 0, 'root--mltj7': 0, 'root--prsj1': 0, 'root--prsj2': 0, 'root--prsj3': 0}
05-23 16:16:34 | INFO   | cilantro.core.performance_recorder       || 
evoutil (0.0):: res-loss=0.000, fair_viol:(sum=0.000, max=0.000, mean=0.000), util_welf=0.000, egal_welf=0.000, avg_rew=0.000,  cost=0.000
    - root--db0j1: util=0.000, rew=0.000 alloc=0.000, load=0.000, ud=0.312, time=0.000, root--db0j2: util=0.000, rew=0.000 alloc=0.000, load=0.000, ud=0.312, time=0.000, root--db0j3: util=0.000, rew=0.000 alloc=0.000, load=0.000, ud=0.320, time=0.000, root--db1j1: util=0.000, rew=0.000 alloc=0.000, load=0.000, ud=2.146, time=0.000, root--db1j2: util=0.000, rew=0.000 alloc=0.000, load=0.000, ud=2.146, time=0.000, root--db1j3: util=0.000, rew=0.000 alloc=0.000, load=0.000, ud=3.463, time=0.000, root--db1j4: util=0.000, rew=0.000 alloc=0.000, load=0.000, ud=3.463, time=0.000, root--db1j5: util=0.000, rew=0.000 alloc=0.000, load=0.000, ud=3.463, time=0.000, root--db1j6: util=0.000, rew=0.000 alloc=0.000, load=0.000, ud=3.868, time=0.000, root--db1j7: util=0.000, rew=0.000 alloc=0.000, load=0.000, ud=3.868, time=0.000, root--mltj1: util=0.000, rew=0.000 alloc=0.000, load=0.000, ud=99.887, time=0.000, root--mltj2: util=0.000, rew=0.000 alloc=0.000, load=0.000, ud=99.887, time=0.000, root--mltj3: util=0.000, rew=0.000 alloc=0.000, load=0.000, ud=119.934, time=0.000, root--mltj4: util=0.000, rew=0.000 alloc=0.000, load=0.000, ud=119.934, time=0.000, root--mltj5: util=0.000, rew=0.000 alloc=0.000, load=0.000, ud=150.000, time=0.000, root--mltj6: util=0.000, rew=0.000 alloc=0.000, load=0.000, ud=150.000, time=0.000, root--mltj7: util=0.000, rew=0.000 alloc=0.000, load=0.000, ud=150.000, time=0.000, root--prsj1: util=0.000, rew=0.000 alloc=0.000, load=0.000, ud=0.316, time=0.000, root--prsj2: util=0.000, rew=0.000 alloc=0.000, load=0.000, ud=0.316, time=0.000, root--prsj3: util=0.000, rew=0.000 alloc=0.000, load=0.000, ud=0.570, time=0.000
05-23 16:16:58 | INFO   | cilantro.core.performance_recorder       || Returning zeros since len(data_batches)=20, leaf_data_lengths: {'root--db0j1': 0, 'root--db0j2': 0, 'root--db0j3': 0, 'root--db1j1': 0, 'root--db1j2': 0, 'root--db1j3': 0, 'root--db1j4': 0, 'root--db1j5': 0, 'root--db1j6': 0, 'root--db1j7': 0, 'root--mltj1': 0, 'root--mltj2': 0, 'root--mltj3': 0, 'root--mltj4': 0, 'root--mltj5': 0, 'root--mltj6': 0, 'root--mltj7': 0, 'root--prsj1': 0, 'root--prsj2': 0, 'root--prsj3': 0}
05-23 16:18:58 | INFO   | cilantro.core.performance_recorder       || Returning zeros since len(data_batches)=20, leaf_data_lengths: {'root--db0j1': 0, 'root--db0j2': 0, 'root--db0j3': 0, 'root--db1j1': 0, 'root--db1j2': 0, 'root--db1j3': 0, 'root--db1j4': 0, 'root--db1j5': 0, 'root--db1j6': 0, 'root--db1j7': 0, 'root--mltj1': 0, 'root--mltj2': 0, 'root--mltj3': 0, 'root--mltj4': 0, 'root--mltj5': 0, 'root--mltj6': 0, 'root--mltj7': 0, 'root--prsj1': 0, 'root--prsj2': 0, 'root--prsj3': 0}
05-23 16:20:34 | INFO   | cilantro.core.performance_recorder       || Returning zeros since len(data_batches)=20, leaf_data_lengths: {'root--db0j1': 0, 'root--db0j2': 0, 'root--db0j3': 0, 'root--db1j1': 0, 'root--db1j2': 0, 'root--db1j3': 0, 'root--db1j4': 0, 'root--db1j5': 0, 'root--db1j6': 0, 'root--db1j7': 0, 'root--mltj1': 0, 'root--mltj2': 0, 'root--mltj3': 0, 'root--mltj4': 0, 'root--mltj5': 0, 'root--mltj6': 0, 'root--mltj7': 0, 'root--prsj1': 0, 'root--prsj2': 0, 'root--prsj3': 0}
05-23 16:20:34 | INFO   | cilantro.core.performance_recorder       || 
evoutil (0.0):: res-loss=0.000, fair_viol:(sum=0.000, max=0.000, mean=0.000), util_welf=0.000, egal_welf=0.000, avg_rew=0.000,  cost=0.000
    - root--db0j1: util=0.000, rew=0.000 alloc=0.000, load=0.000, ud=0.312, time=0.000, root--db0j2: util=0.000, rew=0.000 alloc=0.000, load=0.000, ud=0.312, time=0.000, root--db0j3: util=0.000, rew=0.000 alloc=0.000, load=0.000, ud=0.320, time=0.000, root--db1j1: util=0.000, rew=0.000 alloc=0.000, load=0.000, ud=2.146, time=0.000, root--db1j2: util=0.000, rew=0.000 alloc=0.000, load=0.000, ud=2.146, time=0.000, root--db1j3: util=0.000, rew=0.000 alloc=0.000, load=0.000, ud=3.463, time=0.000, root--db1j4: util=0.000, rew=0.000 alloc=0.000, load=0.000, ud=3.463, time=0.000, root--db1j5: util=0.000, rew=0.000 alloc=0.000, load=0.000, ud=3.463, time=0.000, root--db1j6: util=0.000, rew=0.000 alloc=0.000, load=0.000, ud=3.868, time=0.000, root--db1j7: util=0.000, rew=0.000 alloc=0.000, load=0.000, ud=3.868, time=0.000, root--mltj1: util=0.000, rew=0.000 alloc=0.000, load=0.000, ud=99.887, time=0.000, root--mltj2: util=0.000, rew=0.000 alloc=0.000, load=0.000, ud=99.887, time=0.000, root--mltj3: util=0.000, rew=0.000 alloc=0.000, load=0.000, ud=119.934, time=0.000, root--mltj4: util=0.000, rew=0.000 alloc=0.000, load=0.000, ud=119.934, time=0.000, root--mltj5: util=0.000, rew=0.000 alloc=0.000, load=0.000, ud=150.000, time=0.000, root--mltj6: util=0.000, rew=0.000 alloc=0.000, load=0.000, ud=150.000, time=0.000, root--mltj7: util=0.000, rew=0.000 alloc=0.000, load=0.000, ud=150.000, time=0.000, root--prsj1: util=0.000, rew=0.000 alloc=0.000, load=0.000, ud=0.316, time=0.000, root--prsj2: util=0.000, rew=0.000 alloc=0.000, load=0.000, ud=0.316, time=0.000, root--prsj3: util=0.000, rew=0.000 alloc=0.000, load=0.000, ud=0.570, time=0.000
05-23 16:20:58 | INFO   | cilantro.core.performance_recorder       || Returning zeros since len(data_batches)=20, leaf_data_lengths: {'root--db0j1': 0, 'root--db0j2': 0, 'root--db0j3': 0, 'root--db1j1': 0, 'root--db1j2': 0, 'root--db1j3': 0, 'root--db1j4': 0, 'root--db1j5': 0, 'root--db1j6': 0, 'root--db1j7': 0, 'root--mltj1': 0, 'root--mltj2': 0, 'root--mltj3': 0, 'root--mltj4': 0, 'root--mltj5': 0, 'root--mltj6': 0, 'root--mltj7': 0, 'root--prsj1': 0, 'root--prsj2': 0, 'root--prsj3': 0}
/usr/local/lib/python3.7/site-packages/statsmodels/tsa/statespace/sarimax.py:868: UserWarning: Too few observations to estimate starting parameters for ARMA and trend. All parameters except for variances will be set to zeros.
  ' zeros.' % warning_description)
/usr/local/lib/python3.7/site-packages/statsmodels/tsa/statespace/sarimax.py:966: UserWarning: Non-stationary starting autoregressive parameters found. Using zeros as starting parameters.
  warn('Non-stationary starting autoregressive parameters'
/usr/local/lib/python3.7/site-packages/statsmodels/tsa/statespace/sarimax.py:978: UserWarning: Non-invertible starting MA parameters found. Using zeros as starting parameters.
  warn('Non-invertible starting MA parameters found.'
05-23 16:22:59 | INFO   | cilantro.core.performance_recorder       || Returning zeros since len(data_batches)=20, leaf_data_lengths: {'root--db0j1': 0, 'root--db0j2': 0, 'root--db0j3': 0, 'root--db1j1': 0, 'root--db1j2': 0, 'root--db1j3': 0, 'root--db1j4': 0, 'root--db1j5': 0, 'root--db1j6': 0, 'root--db1j7': 0, 'root--mltj1': 0, 'root--mltj2': 0, 'root--mltj3': 0, 'root--mltj4': 0, 'root--mltj5': 0, 'root--mltj6': 0, 'root--mltj7': 0, 'root--prsj1': 0, 'root--prsj2': 0, 'root--prsj3': 0}
05-23 16:24:35 | INFO   | cilantro.core.performance_recorder       || Returning zeros since len(data_batches)=20, leaf_data_lengths: {'root--db0j1': 16, 'root--db0j2': 17, 'root--db0j3': 16, 'root--db1j1': 17, 'root--db1j2': 16, 'root--db1j3': 16, 'root--db1j4': 16, 'root--db1j5': 15, 'root--db1j6': 11, 'root--db1j7': 0, 'root--mltj1': 0, 'root--mltj2': 0, 'root--mltj3': 10, 'root--mltj4': 0, 'root--mltj5': 9, 'root--mltj6': 10, 'root--mltj7': 13, 'root--prsj1': 0, 'root--prsj2': 13, 'root--prsj3': 12}
05-23 16:24:35 | INFO   | cilantro.core.performance_recorder       || 
evoutil (0.0):: res-loss=0.000, fair_viol:(sum=0.000, max=0.000, mean=0.000), util_welf=0.000, egal_welf=0.000, avg_rew=3.477,  cost=0.000
    - root--db0j1: util=0.162, rew=0.146 alloc=2.000, load=18.847, ud=0.312, time=212.661, root--db0j2: util=0.147, rew=0.132 alloc=2.000, load=18.995, ud=0.312, time=212.684, root--db0j3: util=0.162, rew=0.154 alloc=2.000, load=18.881, ud=0.320, time=213.340, root--db1j1: util=0.169, rew=0.152 alloc=2.000, load=40.112, ud=2.146, time=225.292, root--db1j2: util=0.177, rew=0.159 alloc=2.000, load=40.074, ud=2.146, time=218.844, root--db1j3: util=0.151, rew=0.144 alloc=2.000, load=39.843, ud=3.463, time=217.955, root--db1j4: util=0.160, rew=0.152 alloc=2.000, load=39.839, ud=3.463, time=210.972, root--db1j5: util=0.173, rew=0.164 alloc=2.000, load=40.440, ud=3.463, time=204.227, root--db1j6: util=0.092, rew=0.091 alloc=2.000, load=45.003, ud=3.868, time=130.390, root--db1j7: util=0.000, rew=0.000 alloc=0.000, load=0.000, ud=3.868, time=0.000, root--mltj1: util=0.000, rew=0.000 alloc=0.000, load=0.000, ud=99.887, time=0.000, root--mltj2: util=0.000, rew=0.000 alloc=0.000, load=0.000, ud=99.887, time=0.000, root--mltj3: util=0.041, rew=18.529 alloc=2.000, load=1.000, ud=119.934, time=195.527, root--mltj4: util=0.000, rew=0.000 alloc=0.000, load=0.000, ud=119.934, time=0.000, root--mltj5: util=0.034, rew=17.065 alloc=2.000, load=1.000, ud=150.000, time=187.280, root--mltj6: util=0.028, rew=13.841 alloc=2.000, load=1.000, ud=150.000, time=211.472, root--mltj7: util=0.037, rew=18.513 alloc=2.000, load=1.000, ud=150.000, time=202.505, root--prsj1: util=0.000, rew=0.000 alloc=0.000, load=0.000, ud=0.316, time=0.000, root--prsj2: util=0.161, rew=0.145 alloc=2.000, load=39.222, ud=0.316, time=171.177, root--prsj3: util=0.165, rew=0.156 alloc=2.000, load=38.727, ud=0.570, time=183.439
05-23 16:25:39 | INFO   | cilantro.core.performance_recorder       || Returning zeros since len(data_batches)=20, leaf_data_lengths: {'root--db0j1': 16, 'root--db0j2': 17, 'root--db0j3': 16, 'root--db1j1': 17, 'root--db1j2': 16, 'root--db1j3': 16, 'root--db1j4': 16, 'root--db1j5': 15, 'root--db1j6': 11, 'root--db1j7': 0, 'root--mltj1': 0, 'root--mltj2': 0, 'root--mltj3': 10, 'root--mltj4': 0, 'root--mltj5': 9, 'root--mltj6': 10, 'root--mltj7': 13, 'root--prsj1': 0, 'root--prsj2': 13, 'root--prsj3': 12}
05-23 16:28:19 | INFO   | cilantro.core.performance_recorder       || Returning zeros since len(data_batches)=20, leaf_data_lengths: {'root--db0j1': 16, 'root--db0j2': 17, 'root--db0j3': 16, 'root--db1j1': 17, 'root--db1j2': 16, 'root--db1j3': 16, 'root--db1j4': 16, 'root--db1j5': 15, 'root--db1j6': 11, 'root--db1j7': 0, 'root--mltj1': 0, 'root--mltj2': 0, 'root--mltj3': 10, 'root--mltj4': 0, 'root--mltj5': 9, 'root--mltj6': 10, 'root--mltj7': 13, 'root--prsj1': 0, 'root--prsj2': 13, 'root--prsj3': 12}
05-23 16:28:35 | INFO   | cilantro.core.performance_recorder       || Returning zeros since len(data_batches)=20, leaf_data_lengths: {'root--db0j1': 17, 'root--db0j2': 18, 'root--db0j3': 17, 'root--db1j1': 18, 'root--db1j2': 18, 'root--db1j3': 18, 'root--db1j4': 18, 'root--db1j5': 16, 'root--db1j6': 19, 'root--db1j7': 0, 'root--mltj1': 0, 'root--mltj2': 0, 'root--mltj3': 13, 'root--mltj4': 0, 'root--mltj5': 13, 'root--mltj6': 13, 'root--mltj7': 14, 'root--prsj1': 0, 'root--prsj2': 16, 'root--prsj3': 17}
05-23 16:28:35 | INFO   | cilantro.core.performance_recorder       || 
evoutil (0.0):: res-loss=0.000, fair_viol:(sum=0.000, max=0.000, mean=0.000), util_welf=0.000, egal_welf=0.000, avg_rew=3.741,  cost=0.000
    - root--db0j1: util=0.173, rew=0.156 alloc=2.000, load=18.783, ud=0.312, time=447.924, root--db0j2: util=0.189, rew=0.170 alloc=2.000, load=18.686, ud=0.312, time=444.466, root--db0j3: util=0.154, rew=0.146 alloc=2.000, load=18.743, ud=0.320, time=449.698, root--db1j1: util=0.170, rew=0.153 alloc=2.000, load=39.507, ud=2.146, time=459.531, root--db1j2: util=0.173, rew=0.156 alloc=2.000, load=39.443, ud=2.146, time=453.917, root--db1j3: util=0.169, rew=0.160 alloc=2.000, load=39.575, ud=3.463, time=448.659, root--db1j4: util=0.150, rew=0.143 alloc=2.000, load=39.596, ud=3.463, time=457.487, root--db1j5: util=0.174, rew=0.165 alloc=2.000, load=39.713, ud=3.463, time=428.563, root--db1j6: util=0.149, rew=0.148 alloc=2.000, load=40.244, ud=3.868, time=372.461, root--db1j7: util=0.000, rew=0.000 alloc=0.000, load=0.000, ud=3.868, time=0.000, root--mltj1: util=0.000, rew=0.000 alloc=0.000, load=0.000, ud=99.887, time=0.000, root--mltj2: util=0.000, rew=0.000 alloc=0.000, load=0.000, ud=99.887, time=0.000, root--mltj3: util=0.044, rew=19.943 alloc=2.000, load=1.000, ud=119.934, time=437.972, root--mltj4: util=0.000, rew=0.000 alloc=0.000, load=0.000, ud=119.934, time=0.000, root--mltj5: util=0.041, rew=20.264 alloc=2.000, load=1.000, ud=150.000, time=419.904, root--mltj6: util=0.032, rew=15.921 alloc=2.000, load=1.000, ud=150.000, time=452.784, root--mltj7: util=0.034, rew=16.962 alloc=2.000, load=1.000, ud=150.000, time=444.051, root--prsj1: util=0.000, rew=0.000 alloc=0.000, load=0.000, ud=0.316, time=0.000, root--prsj2: util=0.175, rew=0.157 alloc=2.000, load=37.767, ud=0.316, time=397.750, root--prsj3: util=0.183, rew=0.174 alloc=2.000, load=37.934, ud=0.570, time=421.774
05-23 16:30:59 | INFO   | cilantro.core.performance_recorder       || Returning zeros since len(data_batches)=20, leaf_data_lengths: {'root--db0j1': 20, 'root--db0j2': 20, 'root--db0j3': 20, 'root--db1j1': 20, 'root--db1j2': 20, 'root--db1j3': 20, 'root--db1j4': 20, 'root--db1j5': 20, 'root--db1j6': 20, 'root--db1j7': 0, 'root--mltj1': 0, 'root--mltj2': 0, 'root--mltj3': 20, 'root--mltj4': 0, 'root--mltj5': 20, 'root--mltj6': 20, 'root--mltj7': 20, 'root--prsj1': 0, 'root--prsj2': 20, 'root--prsj3': 20}
05-23 16:32:36 | INFO   | cilantro.core.performance_recorder       || Returning zeros since len(data_batches)=20, leaf_data_lengths: {'root--db0j1': 17, 'root--db0j2': 18, 'root--db0j3': 18, 'root--db1j1': 17, 'root--db1j2': 17, 'root--db1j3': 19, 'root--db1j4': 18, 'root--db1j5': 18, 'root--db1j6': 19, 'root--db1j7': 0, 'root--mltj1': 0, 'root--mltj2': 0, 'root--mltj3': 11, 'root--mltj4': 0, 'root--mltj5': 12, 'root--mltj6': 12, 'root--mltj7': 13, 'root--prsj1': 0, 'root--prsj2': 17, 'root--prsj3': 15}
05-23 16:32:36 | INFO   | cilantro.core.performance_recorder       || 
evoutil (0.0):: res-loss=0.000, fair_viol:(sum=0.000, max=0.000, mean=0.000), util_welf=0.000, egal_welf=0.000, avg_rew=3.508,  cost=0.000
    - root--db0j1: util=0.172, rew=0.155 alloc=2.000, load=18.713, ud=0.312, time=686.204, root--db0j2: util=0.176, rew=0.159 alloc=2.000, load=18.709, ud=0.312, time=681.353, root--db0j3: util=0.164, rew=0.156 alloc=2.000, load=18.698, ud=0.320, time=688.327, root--db1j1: util=0.174, rew=0.157 alloc=2.000, load=39.379, ud=2.146, time=685.439, root--db1j2: util=0.167, rew=0.151 alloc=2.000, load=39.511, ud=2.146, time=689.596, root--db1j3: util=0.161, rew=0.153 alloc=2.000, load=39.556, ud=3.463, time=690.091, root--db1j4: util=0.164, rew=0.155 alloc=2.000, load=39.628, ud=3.463, time=690.758, root--db1j5: util=0.170, rew=0.162 alloc=2.000, load=39.216, ud=3.463, time=669.280, root--db1j6: util=0.164, rew=0.162 alloc=2.000, load=39.797, ud=3.868, time=604.490, root--db1j7: util=0.000, rew=0.000 alloc=0.000, load=0.000, ud=3.868, time=0.000, root--mltj1: util=0.000, rew=0.000 alloc=0.000, load=0.000, ud=99.887, time=0.000, root--mltj2: util=0.000, rew=0.000 alloc=0.000, load=0.000, ud=99.887, time=0.000, root--mltj3: util=0.042, rew=18.905 alloc=2.000, load=1.000, ud=119.934, time=653.421, root--mltj4: util=0.000, rew=0.000 alloc=0.000, load=0.000, ud=119.934, time=0.000, root--mltj5: util=0.037, rew=18.468 alloc=2.000, load=1.000, ud=150.000, time=653.444, root--mltj6: util=0.029, rew=14.532 alloc=2.000, load=1.000, ud=150.000, time=691.021, root--mltj7: util=0.033, rew=16.559 alloc=2.000, load=1.000, ud=150.000, time=672.208, root--prsj1: util=0.000, rew=0.000 alloc=0.000, load=0.000, ud=0.316, time=0.000, root--prsj2: util=0.163, rew=0.147 alloc=2.000, load=37.394, ud=0.316, time=637.548, root--prsj3: util=0.152, rew=0.144 alloc=2.000, load=37.473, ud=0.570, time=641.317
05-23 16:33:39 | INFO   | cilantro.core.performance_recorder       || Returning zeros since len(data_batches)=20, leaf_data_lengths: {'root--db0j1': 20, 'root--db0j2': 20, 'root--db0j3': 20, 'root--db1j1': 20, 'root--db1j2': 20, 'root--db1j3': 20, 'root--db1j4': 20, 'root--db1j5': 20, 'root--db1j6': 20, 'root--db1j7': 0, 'root--mltj1': 0, 'root--mltj2': 0, 'root--mltj3': 20, 'root--mltj4': 0, 'root--mltj5': 20, 'root--mltj6': 20, 'root--mltj7': 20, 'root--prsj1': 0, 'root--prsj2': 20, 'root--prsj3': 20}
05-23 16:36:19 | INFO   | cilantro.core.performance_recorder       || Returning zeros since len(data_batches)=20, leaf_data_lengths: {'root--db0j1': 20, 'root--db0j2': 20, 'root--db0j3': 20, 'root--db1j1': 20, 'root--db1j2': 20, 'root--db1j3': 20, 'root--db1j4': 20, 'root--db1j5': 20, 'root--db1j6': 20, 'root--db1j7': 0, 'root--mltj1': 0, 'root--mltj2': 0, 'root--mltj3': 20, 'root--mltj4': 0, 'root--mltj5': 20, 'root--mltj6': 20, 'root--mltj7': 20, 'root--prsj1': 0, 'root--prsj2': 20, 'root--prsj3': 20}
05-23 16:36:36 | INFO   | cilantro.core.performance_recorder       || Returning zeros since len(data_batches)=20, leaf_data_lengths: {'root--db0j1': 17, 'root--db0j2': 17, 'root--db0j3': 18, 'root--db1j1': 18, 'root--db1j2': 18, 'root--db1j3': 17, 'root--db1j4': 17, 'root--db1j5': 17, 'root--db1j6': 18, 'root--db1j7': 0, 'root--mltj1': 0, 'root--mltj2': 0, 'root--mltj3': 13, 'root--mltj4': 0, 'root--mltj5': 12, 'root--mltj6': 13, 'root--mltj7': 14, 'root--prsj1': 0, 'root--prsj2': 17, 'root--prsj3': 17}
05-23 16:36:36 | INFO   | cilantro.core.performance_recorder       || 
evoutil (0.0):: res-loss=0.000, fair_viol:(sum=0.000, max=0.000, mean=0.000), util_welf=0.000, egal_welf=0.000, avg_rew=3.609,  cost=0.000
    - root--db0j1: util=0.181, rew=0.163 alloc=2.000, load=18.531, ud=0.312, time=924.079, root--db0j2: util=0.177, rew=0.159 alloc=2.000, load=18.597, ud=0.312, time=914.131, root--db0j3: util=0.167, rew=0.158 alloc=2.000, load=18.693, ud=0.320, time=923.810, root--db1j1: util=0.181, rew=0.163 alloc=2.000, load=39.074, ud=2.146, time=924.522, root--db1j2: util=0.177, rew=0.159 alloc=2.000, load=39.153, ud=2.146, time=920.358, root--db1j3: util=0.149, rew=0.141 alloc=2.000, load=38.891, ud=3.463, time=921.299, root--db1j4: util=0.149, rew=0.141 alloc=2.000, load=39.194, ud=3.463, time=913.471, root--db1j5: util=0.150, rew=0.142 alloc=2.000, load=39.271, ud=3.463, time=895.781, root--db1j6: util=0.149, rew=0.148 alloc=2.000, load=39.138, ud=3.868, time=836.514, root--db1j7: util=0.000, rew=0.000 alloc=0.000, load=0.000, ud=3.868, time=0.000, root--mltj1: util=0.000, rew=0.000 alloc=0.000, load=0.000, ud=99.887, time=0.000, root--mltj2: util=0.000, rew=0.000 alloc=0.000, load=0.000, ud=99.887, time=0.000, root--mltj3: util=0.042, rew=19.013 alloc=2.000, load=1.000, ud=119.934, time=903.560, root--mltj4: util=0.000, rew=0.000 alloc=0.000, load=0.000, ud=119.934, time=0.000, root--mltj5: util=0.036, rew=18.003 alloc=2.000, load=1.000, ud=150.000, time=891.908, root--mltj6: util=0.034, rew=16.929 alloc=2.000, load=1.000, ud=150.000, time=920.266, root--mltj7: util=0.033, rew=16.562 alloc=2.000, load=1.000, ud=150.000, time=918.496, root--prsj1: util=0.000, rew=0.000 alloc=0.000, load=0.000, ud=0.316, time=0.000, root--prsj2: util=0.164, rew=0.148 alloc=2.000, load=37.559, ud=0.316, time=874.001, root--prsj3: util=0.150, rew=0.142 alloc=2.000, load=37.662, ud=0.570, time=880.549
05-23 16:38:59 | INFO   | cilantro.core.performance_recorder       || Returning zeros since len(data_batches)=20, leaf_data_lengths: {'root--db0j1': 20, 'root--db0j2': 20, 'root--db0j3': 20, 'root--db1j1': 20, 'root--db1j2': 20, 'root--db1j3': 20, 'root--db1j4': 20, 'root--db1j5': 20, 'root--db1j6': 20, 'root--db1j7': 0, 'root--mltj1': 0, 'root--mltj2': 0, 'root--mltj3': 20, 'root--mltj4': 0, 'root--mltj5': 20, 'root--mltj6': 20, 'root--mltj7': 20, 'root--prsj1': 0, 'root--prsj2': 20, 'root--prsj3': 20}
05-23 16:40:37 | INFO   | cilantro.core.performance_recorder       || Returning zeros since len(data_batches)=20, leaf_data_lengths: {'root--db0j1': 18, 'root--db0j2': 18, 'root--db0j3': 17, 'root--db1j1': 18, 'root--db1j2': 19, 'root--db1j3': 18, 'root--db1j4': 18, 'root--db1j5': 17, 'root--db1j6': 19, 'root--db1j7': 0, 'root--mltj1': 0, 'root--mltj2': 0, 'root--mltj3': 15, 'root--mltj4': 0, 'root--mltj5': 13, 'root--mltj6': 14, 'root--mltj7': 14, 'root--prsj1': 0, 'root--prsj2': 16, 'root--prsj3': 16}
05-23 16:40:37 | INFO   | cilantro.core.performance_recorder       || 
evoutil (0.0):: res-loss=0.000, fair_viol:(sum=0.000, max=0.000, mean=0.000), util_welf=0.000, egal_welf=0.000, avg_rew=3.976,  cost=0.000
    - root--db0j1: util=0.188, rew=0.169 alloc=2.000, load=18.032, ud=0.312, time=1163.593, root--db0j2: util=0.174, rew=0.156 alloc=2.000, load=18.157, ud=0.312, time=1151.401, root--db0j3: util=0.155, rew=0.147 alloc=2.000, load=17.957, ud=0.320, time=1155.535, root--db1j1: util=0.189, rew=0.170 alloc=2.000, load=38.118, ud=2.146, time=1162.282, root--db1j2: util=0.181, rew=0.163 alloc=2.000, load=37.996, ud=2.146, time=1162.149, root--db1j3: util=0.173, rew=0.164 alloc=2.000, load=37.844, ud=3.463, time=1159.857, root--db1j4: util=0.161, rew=0.153 alloc=2.000, load=37.954, ud=3.463, time=1156.211, root--db1j5: util=0.155, rew=0.148 alloc=2.000, load=38.925, ud=3.463, time=1130.798, root--db1j6: util=0.135, rew=0.134 alloc=2.000, load=39.203, ud=3.868, time=1078.280, root--db1j7: util=0.000, rew=0.000 alloc=0.000, load=0.000, ud=3.868, time=0.000, root--mltj1: util=0.000, rew=0.000 alloc=0.000, load=0.000, ud=99.887, time=0.000, root--mltj2: util=0.000, rew=0.000 alloc=0.000, load=0.000, ud=99.887, time=0.000, root--mltj3: util=0.051, rew=22.853 alloc=2.000, load=1.000, ud=119.934, time=1141.861, root--mltj4: util=0.000, rew=0.000 alloc=0.000, load=0.000, ud=119.934, time=0.000, root--mltj5: util=0.038, rew=18.922 alloc=2.000, load=1.000, ud=150.000, time=1138.448, root--mltj6: util=0.036, rew=18.007 alloc=2.000, load=1.000, ud=150.000, time=1149.397, root--mltj7: util=0.036, rew=18.045 alloc=2.000, load=1.000, ud=150.000, time=1145.545, root--prsj1: util=0.000, rew=0.000 alloc=0.000, load=0.000, ud=0.316, time=0.000, root--prsj2: util=0.149, rew=0.134 alloc=2.000, load=37.277, ud=0.316, time=1097.840, root--prsj3: util=0.156, rew=0.148 alloc=2.000, load=37.497, ud=0.570, time=1109.204
05-23 16:41:39 | INFO   | cilantro.core.performance_recorder       || Returning zeros since len(data_batches)=20, leaf_data_lengths: {'root--db0j1': 20, 'root--db0j2': 20, 'root--db0j3': 20, 'root--db1j1': 20, 'root--db1j2': 20, 'root--db1j3': 20, 'root--db1j4': 20, 'root--db1j5': 20, 'root--db1j6': 20, 'root--db1j7': 0, 'root--mltj1': 0, 'root--mltj2': 0, 'root--mltj3': 20, 'root--mltj4': 0, 'root--mltj5': 20, 'root--mltj6': 20, 'root--mltj7': 20, 'root--prsj1': 0, 'root--prsj2': 20, 'root--prsj3': 20}
05-23 16:44:19 | INFO   | cilantro.core.performance_recorder       || Returning zeros since len(data_batches)=20, leaf_data_lengths: {'root--db0j1': 20, 'root--db0j2': 20, 'root--db0j3': 20, 'root--db1j1': 20, 'root--db1j2': 20, 'root--db1j3': 20, 'root--db1j4': 20, 'root--db1j5': 20, 'root--db1j6': 20, 'root--db1j7': 0, 'root--mltj1': 0, 'root--mltj2': 0, 'root--mltj3': 20, 'root--mltj4': 0, 'root--mltj5': 20, 'root--mltj6': 20, 'root--mltj7': 20, 'root--prsj1': 0, 'root--prsj2': 20, 'root--prsj3': 20}
05-23 16:44:37 | INFO   | cilantro.core.performance_recorder       || Returning zeros since len(data_batches)=20, leaf_data_lengths: {'root--db0j1': 17, 'root--db0j2': 17, 'root--db0j3': 17, 'root--db1j1': 19, 'root--db1j2': 17, 'root--db1j3': 18, 'root--db1j4': 17, 'root--db1j5': 18, 'root--db1j6': 18, 'root--db1j7': 0, 'root--mltj1': 0, 'root--mltj2': 0, 'root--mltj3': 13, 'root--mltj4': 0, 'root--mltj5': 12, 'root--mltj6': 15, 'root--mltj7': 13, 'root--prsj1': 0, 'root--prsj2': 17, 'root--prsj3': 17}
05-23 16:44:37 | INFO   | cilantro.core.performance_recorder       || 
evoutil (0.0):: res-loss=0.000, fair_viol:(sum=0.000, max=0.000, mean=0.000), util_welf=0.000, egal_welf=0.000, avg_rew=3.713,  cost=0.000
    - root--db0j1: util=0.178, rew=0.161 alloc=2.000, load=18.310, ud=0.312, time=1396.477, root--db0j2: util=0.186, rew=0.167 alloc=2.000, load=18.385, ud=0.312, time=1378.487, root--db0j3: util=0.164, rew=0.156 alloc=2.000, load=18.528, ud=0.320, time=1379.573, root--db1j1: util=0.170, rew=0.153 alloc=2.000, load=38.732, ud=2.146, time=1395.087, root--db1j2: util=0.188, rew=0.169 alloc=2.000, load=38.767, ud=2.146, time=1393.787, root--db1j3: util=0.157, rew=0.149 alloc=2.000, load=38.859, ud=3.463, time=1390.229, root--db1j4: util=0.156, rew=0.148 alloc=2.000, load=38.703, ud=3.463, time=1383.224, root--db1j5: util=0.160, rew=0.152 alloc=2.000, load=38.013, ud=3.463, time=1372.530, root--db1j6: util=0.147, rew=0.145 alloc=2.000, load=39.232, ud=3.868, time=1310.105, root--db1j7: util=0.000, rew=0.000 alloc=0.000, load=0.000, ud=3.868, time=0.000, root--mltj1: util=0.000, rew=0.000 alloc=0.000, load=0.000, ud=99.887, time=0.000, root--mltj2: util=0.000, rew=0.000 alloc=0.000, load=0.000, ud=99.887, time=0.000, root--mltj3: util=0.043, rew=19.401 alloc=2.000, load=1.000, ud=119.934, time=1380.664, root--mltj4: util=0.000, rew=0.000 alloc=0.000, load=0.000, ud=119.934, time=0.000, root--mltj5: util=0.038, rew=18.886 alloc=2.000, load=1.000, ud=150.000, time=1365.919, root--mltj6: util=0.036, rew=17.971 alloc=2.000, load=1.000, ud=150.000, time=1389.234, root--mltj7: util=0.033, rew=16.265 alloc=2.000, load=1.000, ud=150.000, time=1379.295, root--prsj1: util=0.000, rew=0.000 alloc=0.000, load=0.000, ud=0.316, time=0.000, root--prsj2: util=0.192, rew=0.173 alloc=2.000, load=36.155, ud=0.316, time=1334.600, root--prsj3: util=0.168, rew=0.159 alloc=2.000, load=36.177, ud=0.570, time=1340.238
05-23 16:46:59 | INFO   | cilantro.core.performance_recorder       || Returning zeros since len(data_batches)=20, leaf_data_lengths: {'root--db0j1': 20, 'root--db0j2': 20, 'root--db0j3': 20, 'root--db1j1': 20, 'root--db1j2': 20, 'root--db1j3': 20, 'root--db1j4': 20, 'root--db1j5': 20, 'root--db1j6': 20, 'root--db1j7': 0, 'root--mltj1': 0, 'root--mltj2': 0, 'root--mltj3': 20, 'root--mltj4': 0, 'root--mltj5': 20, 'root--mltj6': 20, 'root--mltj7': 20, 'root--prsj1': 0, 'root--prsj2': 20, 'root--prsj3': 20}
05-23 16:48:38 | INFO   | cilantro.core.performance_recorder       || Returning zeros since len(data_batches)=20, leaf_data_lengths: {'root--db0j1': 18, 'root--db0j2': 19, 'root--db0j3': 18, 'root--db1j1': 17, 'root--db1j2': 18, 'root--db1j3': 18, 'root--db1j4': 18, 'root--db1j5': 18, 'root--db1j6': 18, 'root--db1j7': 0, 'root--mltj1': 0, 'root--mltj2': 0, 'root--mltj3': 13, 'root--mltj4': 0, 'root--mltj5': 12, 'root--mltj6': 16, 'root--mltj7': 13, 'root--prsj1': 0, 'root--prsj2': 17, 'root--prsj3': 17}
05-23 16:48:38 | INFO   | cilantro.core.performance_recorder       || 
evoutil (0.0):: res-loss=0.000, fair_viol:(sum=0.000, max=0.000, mean=0.000), util_welf=0.000, egal_welf=0.000, avg_rew=3.764,  cost=0.000
    - root--db0j1: util=0.183, rew=0.165 alloc=2.000, load=19.733, ud=0.312, time=1624.575, root--db0j2: util=0.178, rew=0.160 alloc=2.000, load=19.578, ud=0.312, time=1623.454, root--db0j3: util=0.165, rew=0.157 alloc=2.000, load=19.666, ud=0.320, time=1618.513, root--db1j1: util=0.167, rew=0.151 alloc=2.000, load=41.229, ud=2.146, time=1630.359, root--db1j2: util=0.171, rew=0.154 alloc=2.000, load=41.406, ud=2.146, time=1626.094, root--db1j3: util=0.170, rew=0.162 alloc=2.000, load=41.210, ud=3.463, time=1622.238, root--db1j4: util=0.158, rew=0.150 alloc=2.000, load=41.309, ud=3.463, time=1623.679, root--db1j5: util=0.153, rew=0.146 alloc=2.000, load=39.465, ud=3.463, time=1606.714, root--db1j6: util=0.159, rew=0.158 alloc=2.000, load=37.858, ud=3.868, time=1543.819, root--db1j7: util=0.000, rew=0.000 alloc=0.000, load=0.000, ud=3.868, time=0.000, root--mltj1: util=0.000, rew=0.000 alloc=0.000, load=0.000, ud=99.887, time=0.000, root--mltj2: util=0.000, rew=0.000 alloc=0.000, load=0.000, ud=99.887, time=0.000, root--mltj3: util=0.044, rew=19.960 alloc=2.000, load=1.000, ud=119.934, time=1612.572, root--mltj4: util=0.000, rew=0.000 alloc=0.000, load=0.000, ud=119.934, time=0.000, root--mltj5: util=0.037, rew=18.285 alloc=2.000, load=1.000, ud=150.000, time=1598.785, root--mltj6: util=0.040, rew=19.848 alloc=2.000, load=1.000, ud=150.000, time=1630.569, root--mltj7: util=0.031, rew=15.519 alloc=2.000, load=1.000, ud=150.000, time=1621.184, root--prsj1: util=0.000, rew=0.000 alloc=0.000, load=0.000, ud=0.316, time=0.000, root--prsj2: util=0.142, rew=0.128 alloc=2.000, load=37.657, ud=0.316, time=1573.812, root--prsj3: util=0.147, rew=0.140 alloc=2.000, load=37.721, ud=0.570, time=1584.482
05-23 16:49:39 | INFO   | cilantro.core.performance_recorder       || Returning zeros since len(data_batches)=20, leaf_data_lengths: {'root--db0j1': 20, 'root--db0j2': 20, 'root--db0j3': 20, 'root--db1j1': 20, 'root--db1j2': 20, 'root--db1j3': 20, 'root--db1j4': 20, 'root--db1j5': 20, 'root--db1j6': 20, 'root--db1j7': 0, 'root--mltj1': 0, 'root--mltj2': 0, 'root--mltj3': 20, 'root--mltj4': 0, 'root--mltj5': 20, 'root--mltj6': 20, 'root--mltj7': 20, 'root--prsj1': 0, 'root--prsj2': 20, 'root--prsj3': 20}
05-23 16:52:19 | INFO   | cilantro.core.performance_recorder       || Returning zeros since len(data_batches)=20, leaf_data_lengths: {'root--db0j1': 20, 'root--db0j2': 20, 'root--db0j3': 20, 'root--db1j1': 20, 'root--db1j2': 20, 'root--db1j3': 20, 'root--db1j4': 20, 'root--db1j5': 20, 'root--db1j6': 20, 'root--db1j7': 0, 'root--mltj1': 0, 'root--mltj2': 0, 'root--mltj3': 20, 'root--mltj4': 0, 'root--mltj5': 20, 'root--mltj6': 20, 'root--mltj7': 20, 'root--prsj1': 0, 'root--prsj2': 20, 'root--prsj3': 20}
05-23 16:52:38 | INFO   | cilantro.core.performance_recorder       || Returning zeros since len(data_batches)=20, leaf_data_lengths: {'root--db0j1': 17, 'root--db0j2': 17, 'root--db0j3': 18, 'root--db1j1': 18, 'root--db1j2': 18, 'root--db1j3': 19, 'root--db1j4': 17, 'root--db1j5': 18, 'root--db1j6': 18, 'root--db1j7': 0, 'root--mltj1': 0, 'root--mltj2': 0, 'root--mltj3': 14, 'root--mltj4': 0, 'root--mltj5': 13, 'root--mltj6': 13, 'root--mltj7': 13, 'root--prsj1': 0, 'root--prsj2': 17, 'root--prsj3': 16}
05-23 16:52:38 | INFO   | cilantro.core.performance_recorder       || 
evoutil (0.0):: res-loss=0.000, fair_viol:(sum=0.000, max=0.000, mean=0.000), util_welf=0.000, egal_welf=0.000, avg_rew=3.776,  cost=0.000
    - root--db0j1: util=0.158, rew=0.142 alloc=2.000, load=19.172, ud=0.312, time=1864.198, root--db0j2: util=0.164, rew=0.148 alloc=2.000, load=19.153, ud=0.312, time=1854.906, root--db0j3: util=0.169, rew=0.160 alloc=2.000, load=19.069, ud=0.320, time=1857.433, root--db1j1: util=0.165, rew=0.148 alloc=2.000, load=40.210, ud=2.146, time=1868.932, root--db1j2: util=0.179, rew=0.161 alloc=2.000, load=40.363, ud=2.146, time=1863.539, root--db1j3: util=0.158, rew=0.150 alloc=2.000, load=40.450, ud=3.463, time=1862.681, root--db1j4: util=0.158, rew=0.150 alloc=2.000, load=40.602, ud=3.463, time=1848.100, root--db1j5: util=0.158, rew=0.150 alloc=2.000, load=41.414, ud=3.463, time=1844.025, root--db1j6: util=0.142, rew=0.141 alloc=2.000, load=39.069, ud=3.868, time=1777.152, root--db1j7: util=0.000, rew=0.000 alloc=0.000, load=0.000, ud=3.868, time=0.000, root--mltj1: util=0.000, rew=0.000 alloc=0.000, load=0.000, ud=99.887, time=0.000, root--mltj2: util=0.000, rew=0.000 alloc=0.000, load=0.000, ud=99.887, time=0.000, root--mltj3: util=0.049, rew=22.093 alloc=2.000, load=1.000, ud=119.934, time=1846.716, root--mltj4: util=0.000, rew=0.000 alloc=0.000, load=0.000, ud=119.934, time=0.000, root--mltj5: util=0.038, rew=19.141 alloc=2.000, load=1.000, ud=150.000, time=1841.567, root--mltj6: util=0.032, rew=15.983 alloc=2.000, load=1.000, ud=150.000, time=1860.310, root--mltj7: util=0.033, rew=16.618 alloc=2.000, load=1.000, ud=150.000, time=1849.557, root--prsj1: util=0.000, rew=0.000 alloc=0.000, load=0.000, ud=0.316, time=0.000, root--prsj2: util=0.177, rew=0.159 alloc=2.000, load=39.576, ud=0.316, time=1807.767, root--prsj3: util=0.175, rew=0.166 alloc=2.000, load=39.337, ud=0.570, time=1818.435
05-23 16:54:59 | INFO   | cilantro.core.performance_recorder       || Returning zeros since len(data_batches)=20, leaf_data_lengths: {'root--db0j1': 20, 'root--db0j2': 20, 'root--db0j3': 20, 'root--db1j1': 20, 'root--db1j2': 20, 'root--db1j3': 20, 'root--db1j4': 20, 'root--db1j5': 20, 'root--db1j6': 20, 'root--db1j7': 0, 'root--mltj1': 0, 'root--mltj2': 0, 'root--mltj3': 20, 'root--mltj4': 0, 'root--mltj5': 20, 'root--mltj6': 20, 'root--mltj7': 20, 'root--prsj1': 0, 'root--prsj2': 20, 'root--prsj3': 20}
05-23 16:56:39 | INFO   | cilantro.core.performance_recorder       || Returning zeros since len(data_batches)=20, leaf_data_lengths: {'root--db0j1': 18, 'root--db0j2': 18, 'root--db0j3': 17, 'root--db1j1': 18, 'root--db1j2': 17, 'root--db1j3': 18, 'root--db1j4': 18, 'root--db1j5': 18, 'root--db1j6': 19, 'root--db1j7': 0, 'root--mltj1': 0, 'root--mltj2': 0, 'root--mltj3': 11, 'root--mltj4': 0, 'root--mltj5': 14, 'root--mltj6': 13, 'root--mltj7': 13, 'root--prsj1': 0, 'root--prsj2': 16, 'root--prsj3': 16}
05-23 16:56:39 | INFO   | cilantro.core.performance_recorder       || 
evoutil (0.0):: res-loss=0.000, fair_viol:(sum=0.000, max=0.000, mean=0.000), util_welf=0.000, egal_welf=0.000, avg_rew=3.618,  cost=0.000
    - root--db0j1: util=0.187, rew=0.169 alloc=2.000, load=18.636, ud=0.312, time=2090.539, root--db0j2: util=0.172, rew=0.155 alloc=2.000, load=18.703, ud=0.312, time=2090.753, root--db0j3: util=0.150, rew=0.143 alloc=2.000, load=18.751, ud=0.320, time=2093.152, root--db1j1: util=0.180, rew=0.162 alloc=2.000, load=39.592, ud=2.146, time=2099.458, root--db1j2: util=0.168, rew=0.151 alloc=2.000, load=39.247, ud=2.146, time=2086.972, root--db1j3: util=0.156, rew=0.148 alloc=2.000, load=39.235, ud=3.463, time=2099.074, root--db1j4: util=0.151, rew=0.143 alloc=2.000, load=39.226, ud=3.463, time=2084.858, root--db1j5: util=0.173, rew=0.164 alloc=2.000, load=39.940, ud=3.463, time=2077.853, root--db1j6: util=0.142, rew=0.140 alloc=2.000, load=41.438, ud=3.868, time=2012.058, root--db1j7: util=0.000, rew=0.000 alloc=0.000, load=0.000, ud=3.868, time=0.000, root--mltj1: util=0.000, rew=0.000 alloc=0.000, load=0.000, ud=99.887, time=0.000, root--mltj2: util=0.000, rew=0.000 alloc=0.000, load=0.000, ud=99.887, time=0.000, root--mltj3: util=0.040, rew=18.208 alloc=2.000, load=1.000, ud=119.934, time=2071.779, root--mltj4: util=0.000, rew=0.000 alloc=0.000, load=0.000, ud=119.934, time=0.000, root--mltj5: util=0.040, rew=20.109 alloc=2.000, load=1.000, ud=150.000, time=2084.648, root--mltj6: util=0.033, rew=16.583 alloc=2.000, load=1.000, ud=150.000, time=2086.382, root--mltj7: util=0.032, rew=15.791 alloc=2.000, load=1.000, ud=150.000, time=2087.351, root--prsj1: util=0.000, rew=0.000 alloc=0.000, load=0.000, ud=0.316, time=0.000, root--prsj2: util=0.164, rew=0.148 alloc=2.000, load=38.109, ud=0.316, time=2039.655, root--prsj3: util=0.154, rew=0.146 alloc=2.000, load=38.264, ud=0.570, time=2048.077
05-23 16:57:39 | INFO   | cilantro.core.performance_recorder       || Returning zeros since len(data_batches)=20, leaf_data_lengths: {'root--db0j1': 20, 'root--db0j2': 20, 'root--db0j3': 20, 'root--db1j1': 20, 'root--db1j2': 20, 'root--db1j3': 20, 'root--db1j4': 20, 'root--db1j5': 20, 'root--db1j6': 20, 'root--db1j7': 0, 'root--mltj1': 0, 'root--mltj2': 0, 'root--mltj3': 20, 'root--mltj4': 0, 'root--mltj5': 20, 'root--mltj6': 20, 'root--mltj7': 20, 'root--prsj1': 0, 'root--prsj2': 20, 'root--prsj3': 20}
05-23 17:00:19 | INFO   | cilantro.core.performance_recorder       || Returning zeros since len(data_batches)=20, leaf_data_lengths: {'root--db0j1': 20, 'root--db0j2': 20, 'root--db0j3': 20, 'root--db1j1': 20, 'root--db1j2': 20, 'root--db1j3': 20, 'root--db1j4': 20, 'root--db1j5': 20, 'root--db1j6': 20, 'root--db1j7': 0, 'root--mltj1': 0, 'root--mltj2': 0, 'root--mltj3': 20, 'root--mltj4': 0, 'root--mltj5': 20, 'root--mltj6': 20, 'root--mltj7': 20, 'root--prsj1': 0, 'root--prsj2': 20, 'root--prsj3': 20}
05-23 17:00:39 | INFO   | cilantro.core.performance_recorder       || Returning zeros since len(data_batches)=20, leaf_data_lengths: {'root--db0j1': 19, 'root--db0j2': 19, 'root--db0j3': 18, 'root--db1j1': 18, 'root--db1j2': 19, 'root--db1j3': 18, 'root--db1j4': 19, 'root--db1j5': 18, 'root--db1j6': 18, 'root--db1j7': 0, 'root--mltj1': 0, 'root--mltj2': 0, 'root--mltj3': 12, 'root--mltj4': 0, 'root--mltj5': 14, 'root--mltj6': 15, 'root--mltj7': 14, 'root--prsj1': 0, 'root--prsj2': 17, 'root--prsj3': 17}
05-23 17:00:39 | INFO   | cilantro.core.performance_recorder       || 
evoutil (0.0):: res-loss=0.000, fair_viol:(sum=0.000, max=0.000, mean=0.000), util_welf=0.000, egal_welf=0.000, avg_rew=3.839,  cost=0.000
    - root--db0j1: util=0.161, rew=0.144 alloc=2.000, load=20.419, ud=0.312, time=2329.190, root--db0j2: util=0.174, rew=0.157 alloc=2.000, load=20.437, ud=0.312, time=2329.290, root--db0j3: util=0.156, rew=0.148 alloc=2.000, load=20.293, ud=0.320, time=2326.336, root--db1j1: util=0.152, rew=0.136 alloc=2.000, load=42.762, ud=2.146, time=2334.948, root--db1j2: util=0.165, rew=0.149 alloc=2.000, load=42.486, ud=2.146, time=2325.335, root--db1j3: util=0.151, rew=0.144 alloc=2.000, load=42.442, ud=3.463, time=2325.879, root--db1j4: util=0.160, rew=0.152 alloc=2.000, load=42.675, ud=3.463, time=2324.790, root--db1j5: util=0.164, rew=0.156 alloc=2.000, load=39.658, ud=3.463, time=2313.798, root--db1j6: util=0.144, rew=0.143 alloc=2.000, load=40.094, ud=3.868, time=2245.658, root--db1j7: util=0.000, rew=0.000 alloc=0.000, load=0.000, ud=3.868, time=0.000, root--mltj1: util=0.000, rew=0.000 alloc=0.000, load=0.000, ud=99.887, time=0.000, root--mltj2: util=0.000, rew=0.000 alloc=0.000, load=0.000, ud=99.887, time=0.000, root--mltj3: util=0.040, rew=17.934 alloc=2.000, load=1.000, ud=119.934, time=2317.344, root--mltj4: util=0.000, rew=0.000 alloc=0.000, load=0.000, ud=119.934, time=0.000, root--mltj5: util=0.043, rew=21.623 alloc=2.000, load=1.000, ud=150.000, time=2312.882, root--mltj6: util=0.035, rew=17.554 alloc=2.000, load=1.000, ud=150.000, time=2330.655, root--mltj7: util=0.036, rew=18.034 alloc=2.000, load=1.000, ud=150.000, time=2315.359, root--prsj1: util=0.000, rew=0.000 alloc=0.000, load=0.000, ud=0.316, time=0.000, root--prsj2: util=0.164, rew=0.148 alloc=2.000, load=37.888, ud=0.316, time=2272.391, root--prsj3: util=0.164, rew=0.156 alloc=2.000, load=38.041, ud=0.570, time=2275.778
